<?xml version="1.0" encoding="UTF-8"?>
<!-- Generated by org.testng.reporters.JUnitXMLReporter -->
<testsuite ignored="0" hostname="jumpbox-win2016-113" failures="14" tests="23" name="Default test(failed)" time="1220.475" errors="0" timestamp="2021-10-10T06:02:06 CDT">
  <testcase classname="io.cucumber.testng.AbstractTestNGCucumberTests" name="runScenario" time="40.547">
    <failure type="org.openqa.selenium.NoSuchElementException" message="no such element: Unable to locate element: {&amp;quot;method&amp;quot;:&amp;quot;xpath&amp;quot;,&amp;quot;selector&amp;quot;:&amp;quot;//*[@id=&amp;apos;unique_id&amp;apos;]/tbody/tr[2]/td[3]&amp;quot;}
  (Session info: chrome=94.0.4606.71)
For documentation on this error, please visit: https://www.seleniumhq.org/exceptions/no_such_element.html
Build info: version: &amp;apos;4.0.0-alpha-3&amp;apos;, revision: &amp;apos;8c567de6dc&amp;apos;
System info: host: &amp;apos;JUMPBOX-WIN2016&amp;apos;, ip: &amp;apos;10.228.0.127&amp;apos;, os.name: &amp;apos;Windows Server 2016&amp;apos;, os.arch: &amp;apos;amd64&amp;apos;, os.version: &amp;apos;10.0&amp;apos;, java.version: &amp;apos;16.0.2&amp;apos;
Driver info: org.openqa.selenium.chrome.ChromeDriver
Capabilities {acceptInsecureCerts: false, browserName: chrome, browserVersion: 94.0.4606.71, chrome: {chromedriverVersion: 94.0.4606.61 (418b78f5838ed..., userDataDir: C:\Users\JUMPBO~1\AppData\L...}, goog:chromeOptions: {debuggerAddress: localhost:59987}, javascriptEnabled: true, networkConnectionEnabled: false, pageLoadStrategy: normal, platform: WINDOWS, platformName: WINDOWS, proxy: Proxy(), setWindowRect: true, strictFileInteractability: false, timeouts: {implicit: 0, pageLoad: 300000, script: 30000}, unhandledPromptBehavior: dismiss and notify, webauthn:extension:credBlob: true, webauthn:extension:largeBlob: true, webauthn:virtualAuthenticators: true}
Session ID: 266f5dcfb792baf4e363b56642694819
*** Element info: {Using=xpath, value=//*[@id=&amp;apos;unique_id&amp;apos;]/tbody/tr[2]/td[3]}">
      <![CDATA[org.openqa.selenium.NoSuchElementException: no such element: Unable to locate element: {"method":"xpath","selector":"//*[@id='unique_id']/tbody/tr[2]/td[3]"}
  (Session info: chrome=94.0.4606.71)
For documentation on this error, please visit: https://www.seleniumhq.org/exceptions/no_such_element.html
Build info: version: '4.0.0-alpha-3', revision: '8c567de6dc'
System info: host: 'JUMPBOX-WIN2016', ip: '10.228.0.127', os.name: 'Windows Server 2016', os.arch: 'amd64', os.version: '10.0', java.version: '16.0.2'
Driver info: org.openqa.selenium.chrome.ChromeDriver
Capabilities {acceptInsecureCerts: false, browserName: chrome, browserVersion: 94.0.4606.71, chrome: {chromedriverVersion: 94.0.4606.61 (418b78f5838ed..., userDataDir: C:\Users\JUMPBO~1\AppData\L...}, goog:chromeOptions: {debuggerAddress: localhost:59987}, javascriptEnabled: true, networkConnectionEnabled: false, pageLoadStrategy: normal, platform: WINDOWS, platformName: WINDOWS, proxy: Proxy(), setWindowRect: true, strictFileInteractability: false, timeouts: {implicit: 0, pageLoad: 300000, script: 30000}, unhandledPromptBehavior: dismiss and notify, webauthn:extension:credBlob: true, webauthn:extension:largeBlob: true, webauthn:virtualAuthenticators: true}
Session ID: 266f5dcfb792baf4e363b56642694819
*** Element info: {Using=xpath, value=//*[@id='unique_id']/tbody/tr[2]/td[3]}
at org.openqa.selenium.remote.codec.w3c.W3CHttpResponseCodec.createException(W3CHttpResponseCodec.java:191)
at org.openqa.selenium.remote.codec.w3c.W3CHttpResponseCodec.decode(W3CHttpResponseCodec.java:125)
at org.openqa.selenium.remote.codec.w3c.W3CHttpResponseCodec.decode(W3CHttpResponseCodec.java:52)
at org.openqa.selenium.remote.HttpCommandExecutor.execute(HttpCommandExecutor.java:161)
at org.openqa.selenium.remote.service.DriverCommandExecutor.execute(DriverCommandExecutor.java:83)
at org.openqa.selenium.remote.RemoteWebDriver.execute(RemoteWebDriver.java:576)
at org.openqa.selenium.remote.RemoteWebDriver.findElement(RemoteWebDriver.java:327)
at org.openqa.selenium.remote.RemoteWebDriver.findElementByXPath(RemoteWebDriver.java:445)
at org.openqa.selenium.By$ByXPath.findElement(By.java:396)
at org.openqa.selenium.remote.RemoteWebDriver.findElement(RemoteWebDriver.java:319)
at org.openqa.selenium.support.pagefactory.DefaultElementLocator.findElement(DefaultElementLocator.java:70)
at org.openqa.selenium.support.pagefactory.internal.LocatingElementHandler.invoke(LocatingElementHandler.java:39)
at jdk.proxy2/jdk.proxy2.$Proxy26.getText(Unknown Source)
at stepDefinitions.ManageCompanies.companyShouldBeDisplayedInSearchResults(ManageCompanies.java:84)
at ✽.Company should be displayed in search results(file:///C:/Users/jumpboxadmin/git/Connect-Automation/Connect_Automation/src/test/resources/features/ManageCompanies.feature:31)
... Removed 5 stack frames]]>
    </failure>
  </testcase> <!-- runScenario -->
  <testcase classname="io.cucumber.testng.AbstractTestNGCucumberTests" name="runScenario" time="38.025">
    <failure type="org.openqa.selenium.NoSuchElementException" message="no such element: Unable to locate element: {&amp;quot;method&amp;quot;:&amp;quot;xpath&amp;quot;,&amp;quot;selector&amp;quot;:&amp;quot;//*[@id=&amp;apos;unique_id&amp;apos;]/tbody/tr[2]/td[3]&amp;quot;}
  (Session info: chrome=94.0.4606.71)
For documentation on this error, please visit: https://www.seleniumhq.org/exceptions/no_such_element.html
Build info: version: &amp;apos;4.0.0-alpha-3&amp;apos;, revision: &amp;apos;8c567de6dc&amp;apos;
System info: host: &amp;apos;JUMPBOX-WIN2016&amp;apos;, ip: &amp;apos;10.228.0.127&amp;apos;, os.name: &amp;apos;Windows Server 2016&amp;apos;, os.arch: &amp;apos;amd64&amp;apos;, os.version: &amp;apos;10.0&amp;apos;, java.version: &amp;apos;16.0.2&amp;apos;
Driver info: org.openqa.selenium.chrome.ChromeDriver
Capabilities {acceptInsecureCerts: false, browserName: chrome, browserVersion: 94.0.4606.71, chrome: {chromedriverVersion: 94.0.4606.61 (418b78f5838ed..., userDataDir: C:\Users\JUMPBO~1\AppData\L...}, goog:chromeOptions: {debuggerAddress: localhost:65018}, javascriptEnabled: true, networkConnectionEnabled: false, pageLoadStrategy: normal, platform: WINDOWS, platformName: WINDOWS, proxy: Proxy(), setWindowRect: true, strictFileInteractability: false, timeouts: {implicit: 0, pageLoad: 300000, script: 30000}, unhandledPromptBehavior: dismiss and notify, webauthn:extension:credBlob: true, webauthn:extension:largeBlob: true, webauthn:virtualAuthenticators: true}
Session ID: b63790d0e98740facc9fcfe8bb81b553
*** Element info: {Using=xpath, value=//*[@id=&amp;apos;unique_id&amp;apos;]/tbody/tr[2]/td[3]}">
      <![CDATA[org.openqa.selenium.NoSuchElementException: no such element: Unable to locate element: {"method":"xpath","selector":"//*[@id='unique_id']/tbody/tr[2]/td[3]"}
  (Session info: chrome=94.0.4606.71)
For documentation on this error, please visit: https://www.seleniumhq.org/exceptions/no_such_element.html
Build info: version: '4.0.0-alpha-3', revision: '8c567de6dc'
System info: host: 'JUMPBOX-WIN2016', ip: '10.228.0.127', os.name: 'Windows Server 2016', os.arch: 'amd64', os.version: '10.0', java.version: '16.0.2'
Driver info: org.openqa.selenium.chrome.ChromeDriver
Capabilities {acceptInsecureCerts: false, browserName: chrome, browserVersion: 94.0.4606.71, chrome: {chromedriverVersion: 94.0.4606.61 (418b78f5838ed..., userDataDir: C:\Users\JUMPBO~1\AppData\L...}, goog:chromeOptions: {debuggerAddress: localhost:65018}, javascriptEnabled: true, networkConnectionEnabled: false, pageLoadStrategy: normal, platform: WINDOWS, platformName: WINDOWS, proxy: Proxy(), setWindowRect: true, strictFileInteractability: false, timeouts: {implicit: 0, pageLoad: 300000, script: 30000}, unhandledPromptBehavior: dismiss and notify, webauthn:extension:credBlob: true, webauthn:extension:largeBlob: true, webauthn:virtualAuthenticators: true}
Session ID: b63790d0e98740facc9fcfe8bb81b553
*** Element info: {Using=xpath, value=//*[@id='unique_id']/tbody/tr[2]/td[3]}
at org.openqa.selenium.remote.codec.w3c.W3CHttpResponseCodec.createException(W3CHttpResponseCodec.java:191)
at org.openqa.selenium.remote.codec.w3c.W3CHttpResponseCodec.decode(W3CHttpResponseCodec.java:125)
at org.openqa.selenium.remote.codec.w3c.W3CHttpResponseCodec.decode(W3CHttpResponseCodec.java:52)
at org.openqa.selenium.remote.HttpCommandExecutor.execute(HttpCommandExecutor.java:161)
at org.openqa.selenium.remote.service.DriverCommandExecutor.execute(DriverCommandExecutor.java:83)
at org.openqa.selenium.remote.RemoteWebDriver.execute(RemoteWebDriver.java:576)
at org.openqa.selenium.remote.RemoteWebDriver.findElement(RemoteWebDriver.java:327)
at org.openqa.selenium.remote.RemoteWebDriver.findElementByXPath(RemoteWebDriver.java:445)
at org.openqa.selenium.By$ByXPath.findElement(By.java:396)
at org.openqa.selenium.remote.RemoteWebDriver.findElement(RemoteWebDriver.java:319)
at org.openqa.selenium.support.pagefactory.DefaultElementLocator.findElement(DefaultElementLocator.java:70)
at org.openqa.selenium.support.pagefactory.internal.LocatingElementHandler.invoke(LocatingElementHandler.java:39)
at jdk.proxy2/jdk.proxy2.$Proxy26.getText(Unknown Source)
at stepDefinitions.ManageCompanies.companyShouldBeDisplayedInSearchResults(ManageCompanies.java:84)
at ✽.Company should be displayed in search results(file:///C:/Users/jumpboxadmin/git/Connect-Automation/Connect_Automation/src/test/resources/features/ManageCompanies.feature:42)
... Removed 5 stack frames]]>
    </failure>
  </testcase> <!-- runScenario -->
  <testcase classname="io.cucumber.testng.AbstractTestNGCucumberTests" name="runScenario" time="36.043">
    <failure type="org.openqa.selenium.NoSuchElementException" message="no such element: Unable to locate element: {&amp;quot;method&amp;quot;:&amp;quot;xpath&amp;quot;,&amp;quot;selector&amp;quot;:&amp;quot;//*[@id=&amp;apos;unique_id&amp;apos;]/tbody/tr[2]/td[3]&amp;quot;}
  (Session info: chrome=94.0.4606.71)
For documentation on this error, please visit: https://www.seleniumhq.org/exceptions/no_such_element.html
Build info: version: &amp;apos;4.0.0-alpha-3&amp;apos;, revision: &amp;apos;8c567de6dc&amp;apos;
System info: host: &amp;apos;JUMPBOX-WIN2016&amp;apos;, ip: &amp;apos;10.228.0.127&amp;apos;, os.name: &amp;apos;Windows Server 2016&amp;apos;, os.arch: &amp;apos;amd64&amp;apos;, os.version: &amp;apos;10.0&amp;apos;, java.version: &amp;apos;16.0.2&amp;apos;
Driver info: org.openqa.selenium.chrome.ChromeDriver
Capabilities {acceptInsecureCerts: false, browserName: chrome, browserVersion: 94.0.4606.71, chrome: {chromedriverVersion: 94.0.4606.61 (418b78f5838ed..., userDataDir: C:\Users\JUMPBO~1\AppData\L...}, goog:chromeOptions: {debuggerAddress: localhost:56778}, javascriptEnabled: true, networkConnectionEnabled: false, pageLoadStrategy: normal, platform: WINDOWS, platformName: WINDOWS, proxy: Proxy(), setWindowRect: true, strictFileInteractability: false, timeouts: {implicit: 0, pageLoad: 300000, script: 30000}, unhandledPromptBehavior: dismiss and notify, webauthn:extension:credBlob: true, webauthn:extension:largeBlob: true, webauthn:virtualAuthenticators: true}
Session ID: e218145d6326f4c68bbf2e0133124ff3
*** Element info: {Using=xpath, value=//*[@id=&amp;apos;unique_id&amp;apos;]/tbody/tr[2]/td[3]}">
      <![CDATA[org.openqa.selenium.NoSuchElementException: no such element: Unable to locate element: {"method":"xpath","selector":"//*[@id='unique_id']/tbody/tr[2]/td[3]"}
  (Session info: chrome=94.0.4606.71)
For documentation on this error, please visit: https://www.seleniumhq.org/exceptions/no_such_element.html
Build info: version: '4.0.0-alpha-3', revision: '8c567de6dc'
System info: host: 'JUMPBOX-WIN2016', ip: '10.228.0.127', os.name: 'Windows Server 2016', os.arch: 'amd64', os.version: '10.0', java.version: '16.0.2'
Driver info: org.openqa.selenium.chrome.ChromeDriver
Capabilities {acceptInsecureCerts: false, browserName: chrome, browserVersion: 94.0.4606.71, chrome: {chromedriverVersion: 94.0.4606.61 (418b78f5838ed..., userDataDir: C:\Users\JUMPBO~1\AppData\L...}, goog:chromeOptions: {debuggerAddress: localhost:56778}, javascriptEnabled: true, networkConnectionEnabled: false, pageLoadStrategy: normal, platform: WINDOWS, platformName: WINDOWS, proxy: Proxy(), setWindowRect: true, strictFileInteractability: false, timeouts: {implicit: 0, pageLoad: 300000, script: 30000}, unhandledPromptBehavior: dismiss and notify, webauthn:extension:credBlob: true, webauthn:extension:largeBlob: true, webauthn:virtualAuthenticators: true}
Session ID: e218145d6326f4c68bbf2e0133124ff3
*** Element info: {Using=xpath, value=//*[@id='unique_id']/tbody/tr[2]/td[3]}
at org.openqa.selenium.remote.codec.w3c.W3CHttpResponseCodec.createException(W3CHttpResponseCodec.java:191)
at org.openqa.selenium.remote.codec.w3c.W3CHttpResponseCodec.decode(W3CHttpResponseCodec.java:125)
at org.openqa.selenium.remote.codec.w3c.W3CHttpResponseCodec.decode(W3CHttpResponseCodec.java:52)
at org.openqa.selenium.remote.HttpCommandExecutor.execute(HttpCommandExecutor.java:161)
at org.openqa.selenium.remote.service.DriverCommandExecutor.execute(DriverCommandExecutor.java:83)
at org.openqa.selenium.remote.RemoteWebDriver.execute(RemoteWebDriver.java:576)
at org.openqa.selenium.remote.RemoteWebDriver.findElement(RemoteWebDriver.java:327)
at org.openqa.selenium.remote.RemoteWebDriver.findElementByXPath(RemoteWebDriver.java:445)
at org.openqa.selenium.By$ByXPath.findElement(By.java:396)
at org.openqa.selenium.remote.RemoteWebDriver.findElement(RemoteWebDriver.java:319)
at org.openqa.selenium.support.pagefactory.DefaultElementLocator.findElement(DefaultElementLocator.java:70)
at org.openqa.selenium.support.pagefactory.internal.LocatingElementHandler.invoke(LocatingElementHandler.java:39)
at jdk.proxy2/jdk.proxy2.$Proxy26.getText(Unknown Source)
at stepDefinitions.ManageUsers.userShouldBeDisplayedInSearchResults(ManageUsers.java:87)
at ✽.User should be displayed in search results(file:///C:/Users/jumpboxadmin/git/Connect-Automation/Connect_Automation/src/test/resources/features/ManageUsers.feature:54)
... Removed 5 stack frames]]>
    </failure>
  </testcase> <!-- runScenario -->
  <testcase classname="io.cucumber.testng.AbstractTestNGCucumberTests" name="runScenario" time="37.671">
    <failure type="org.openqa.selenium.NoSuchElementException" message="no such element: Unable to locate element: {&amp;quot;method&amp;quot;:&amp;quot;css selector&amp;quot;,&amp;quot;selector&amp;quot;:&amp;quot;input[value=Add]&amp;quot;}
  (Session info: chrome=94.0.4606.71)
For documentation on this error, please visit: https://www.seleniumhq.org/exceptions/no_such_element.html
Build info: version: &amp;apos;4.0.0-alpha-3&amp;apos;, revision: &amp;apos;8c567de6dc&amp;apos;
System info: host: &amp;apos;JUMPBOX-WIN2016&amp;apos;, ip: &amp;apos;10.228.0.127&amp;apos;, os.name: &amp;apos;Windows Server 2016&amp;apos;, os.arch: &amp;apos;amd64&amp;apos;, os.version: &amp;apos;10.0&amp;apos;, java.version: &amp;apos;16.0.2&amp;apos;
Driver info: org.openqa.selenium.chrome.ChromeDriver
Capabilities {acceptInsecureCerts: false, browserName: chrome, browserVersion: 94.0.4606.71, chrome: {chromedriverVersion: 94.0.4606.61 (418b78f5838ed..., userDataDir: C:\Users\JUMPBO~1\AppData\L...}, goog:chromeOptions: {debuggerAddress: localhost:61199}, javascriptEnabled: true, networkConnectionEnabled: false, pageLoadStrategy: normal, platform: WINDOWS, platformName: WINDOWS, proxy: Proxy(), setWindowRect: true, strictFileInteractability: false, timeouts: {implicit: 0, pageLoad: 300000, script: 30000}, unhandledPromptBehavior: dismiss and notify, webauthn:extension:credBlob: true, webauthn:extension:largeBlob: true, webauthn:virtualAuthenticators: true}
Session ID: 5330ed877b91175ddf7cd4054e1037e3
*** Element info: {Using=css selector, value=input[value=Add]}">
      <![CDATA[org.openqa.selenium.NoSuchElementException: no such element: Unable to locate element: {"method":"css selector","selector":"input[value=Add]"}
  (Session info: chrome=94.0.4606.71)
For documentation on this error, please visit: https://www.seleniumhq.org/exceptions/no_such_element.html
Build info: version: '4.0.0-alpha-3', revision: '8c567de6dc'
System info: host: 'JUMPBOX-WIN2016', ip: '10.228.0.127', os.name: 'Windows Server 2016', os.arch: 'amd64', os.version: '10.0', java.version: '16.0.2'
Driver info: org.openqa.selenium.chrome.ChromeDriver
Capabilities {acceptInsecureCerts: false, browserName: chrome, browserVersion: 94.0.4606.71, chrome: {chromedriverVersion: 94.0.4606.61 (418b78f5838ed..., userDataDir: C:\Users\JUMPBO~1\AppData\L...}, goog:chromeOptions: {debuggerAddress: localhost:61199}, javascriptEnabled: true, networkConnectionEnabled: false, pageLoadStrategy: normal, platform: WINDOWS, platformName: WINDOWS, proxy: Proxy(), setWindowRect: true, strictFileInteractability: false, timeouts: {implicit: 0, pageLoad: 300000, script: 30000}, unhandledPromptBehavior: dismiss and notify, webauthn:extension:credBlob: true, webauthn:extension:largeBlob: true, webauthn:virtualAuthenticators: true}
Session ID: 5330ed877b91175ddf7cd4054e1037e3
*** Element info: {Using=css selector, value=input[value=Add]}
at org.openqa.selenium.remote.codec.w3c.W3CHttpResponseCodec.createException(W3CHttpResponseCodec.java:191)
at org.openqa.selenium.remote.codec.w3c.W3CHttpResponseCodec.decode(W3CHttpResponseCodec.java:125)
at org.openqa.selenium.remote.codec.w3c.W3CHttpResponseCodec.decode(W3CHttpResponseCodec.java:52)
at org.openqa.selenium.remote.HttpCommandExecutor.execute(HttpCommandExecutor.java:161)
at org.openqa.selenium.remote.service.DriverCommandExecutor.execute(DriverCommandExecutor.java:83)
at org.openqa.selenium.remote.RemoteWebDriver.execute(RemoteWebDriver.java:576)
at org.openqa.selenium.remote.RemoteWebDriver.findElement(RemoteWebDriver.java:327)
at org.openqa.selenium.remote.RemoteWebDriver.findElementByCssSelector(RemoteWebDriver.java:435)
at org.openqa.selenium.By$ByCssSelector.findElement(By.java:496)
at org.openqa.selenium.remote.RemoteWebDriver.findElement(RemoteWebDriver.java:319)
at org.openqa.selenium.support.pagefactory.DefaultElementLocator.findElement(DefaultElementLocator.java:70)
at org.openqa.selenium.support.pagefactory.internal.LocatingElementHandler.invoke(LocatingElementHandler.java:39)
at jdk.proxy2/jdk.proxy2.$Proxy26.click(Unknown Source)
at stepDefinitions.devices.ManagePrinters.userClicksOnAddButtonToAddPrinter(ManagePrinters.java:40)
at ✽.User clicks on Add button to add Printer(file:///C:/Users/jumpboxadmin/git/Connect-Automation/Connect_Automation/src/test/resources/features/devices/ManagePrinters.feature:17)
... Removed 5 stack frames]]>
    </failure>
  </testcase> <!-- runScenario -->
  <testcase classname="io.cucumber.testng.AbstractTestNGCucumberTests" name="runScenario" time="35.651">
    <failure type="org.openqa.selenium.NoSuchElementException" message="no such element: Unable to locate element: {&amp;quot;method&amp;quot;:&amp;quot;css selector&amp;quot;,&amp;quot;selector&amp;quot;:&amp;quot;*[name=&amp;apos;search_name&amp;apos;]&amp;quot;}
  (Session info: chrome=94.0.4606.71)
For documentation on this error, please visit: https://www.seleniumhq.org/exceptions/no_such_element.html
Build info: version: &amp;apos;4.0.0-alpha-3&amp;apos;, revision: &amp;apos;8c567de6dc&amp;apos;
System info: host: &amp;apos;JUMPBOX-WIN2016&amp;apos;, ip: &amp;apos;10.228.0.127&amp;apos;, os.name: &amp;apos;Windows Server 2016&amp;apos;, os.arch: &amp;apos;amd64&amp;apos;, os.version: &amp;apos;10.0&amp;apos;, java.version: &amp;apos;16.0.2&amp;apos;
Driver info: org.openqa.selenium.chrome.ChromeDriver
Capabilities {acceptInsecureCerts: false, browserName: chrome, browserVersion: 94.0.4606.71, chrome: {chromedriverVersion: 94.0.4606.61 (418b78f5838ed..., userDataDir: C:\Users\JUMPBO~1\AppData\L...}, goog:chromeOptions: {debuggerAddress: localhost:52052}, javascriptEnabled: true, networkConnectionEnabled: false, pageLoadStrategy: normal, platform: WINDOWS, platformName: WINDOWS, proxy: Proxy(), setWindowRect: true, strictFileInteractability: false, timeouts: {implicit: 0, pageLoad: 300000, script: 30000}, unhandledPromptBehavior: dismiss and notify, webauthn:extension:credBlob: true, webauthn:extension:largeBlob: true, webauthn:virtualAuthenticators: true}
Session ID: e102a4cc5f7a4ddff4783bcec2357e6c
*** Element info: {Using=name, value=search_name}">
      <![CDATA[org.openqa.selenium.NoSuchElementException: no such element: Unable to locate element: {"method":"css selector","selector":"*[name='search_name']"}
  (Session info: chrome=94.0.4606.71)
For documentation on this error, please visit: https://www.seleniumhq.org/exceptions/no_such_element.html
Build info: version: '4.0.0-alpha-3', revision: '8c567de6dc'
System info: host: 'JUMPBOX-WIN2016', ip: '10.228.0.127', os.name: 'Windows Server 2016', os.arch: 'amd64', os.version: '10.0', java.version: '16.0.2'
Driver info: org.openqa.selenium.chrome.ChromeDriver
Capabilities {acceptInsecureCerts: false, browserName: chrome, browserVersion: 94.0.4606.71, chrome: {chromedriverVersion: 94.0.4606.61 (418b78f5838ed..., userDataDir: C:\Users\JUMPBO~1\AppData\L...}, goog:chromeOptions: {debuggerAddress: localhost:52052}, javascriptEnabled: true, networkConnectionEnabled: false, pageLoadStrategy: normal, platform: WINDOWS, platformName: WINDOWS, proxy: Proxy(), setWindowRect: true, strictFileInteractability: false, timeouts: {implicit: 0, pageLoad: 300000, script: 30000}, unhandledPromptBehavior: dismiss and notify, webauthn:extension:credBlob: true, webauthn:extension:largeBlob: true, webauthn:virtualAuthenticators: true}
Session ID: e102a4cc5f7a4ddff4783bcec2357e6c
*** Element info: {Using=name, value=search_name}
at org.openqa.selenium.remote.codec.w3c.W3CHttpResponseCodec.createException(W3CHttpResponseCodec.java:191)
at org.openqa.selenium.remote.codec.w3c.W3CHttpResponseCodec.decode(W3CHttpResponseCodec.java:125)
at org.openqa.selenium.remote.codec.w3c.W3CHttpResponseCodec.decode(W3CHttpResponseCodec.java:52)
at org.openqa.selenium.remote.HttpCommandExecutor.execute(HttpCommandExecutor.java:161)
at org.openqa.selenium.remote.service.DriverCommandExecutor.execute(DriverCommandExecutor.java:83)
at org.openqa.selenium.remote.RemoteWebDriver.execute(RemoteWebDriver.java:576)
at org.openqa.selenium.remote.RemoteWebDriver.findElement(RemoteWebDriver.java:327)
at org.openqa.selenium.remote.RemoteWebDriver.findElementByName(RemoteWebDriver.java:415)
at org.openqa.selenium.By$ByName.findElement(By.java:313)
at org.openqa.selenium.remote.RemoteWebDriver.findElement(RemoteWebDriver.java:319)
at org.openqa.selenium.support.pagefactory.DefaultElementLocator.findElement(DefaultElementLocator.java:70)
at org.openqa.selenium.support.pagefactory.internal.LocatingElementHandler.invoke(LocatingElementHandler.java:39)
at jdk.proxy2/jdk.proxy2.$Proxy26.clear(Unknown Source)
at stepDefinitions.devices.ManagePrinters.userEntersPrinter_nameToSearchAPrinter(ManagePrinters.java:101)
at ✽.User enters Printer_name[0] to search a Printer(file:///C:/Users/jumpboxadmin/git/Connect-Automation/Connect_Automation/src/test/resources/features/devices/ManagePrinters.feature:32)
... Removed 5 stack frames]]>
    </failure>
  </testcase> <!-- runScenario -->
  <testcase classname="io.cucumber.testng.AbstractTestNGCucumberTests" name="runScenario" time="35.898">
    <failure type="org.openqa.selenium.NoSuchElementException" message="no such element: Unable to locate element: {&amp;quot;method&amp;quot;:&amp;quot;css selector&amp;quot;,&amp;quot;selector&amp;quot;:&amp;quot;*[name=&amp;apos;search_name&amp;apos;]&amp;quot;}
  (Session info: chrome=94.0.4606.71)
For documentation on this error, please visit: https://www.seleniumhq.org/exceptions/no_such_element.html
Build info: version: &amp;apos;4.0.0-alpha-3&amp;apos;, revision: &amp;apos;8c567de6dc&amp;apos;
System info: host: &amp;apos;JUMPBOX-WIN2016&amp;apos;, ip: &amp;apos;10.228.0.127&amp;apos;, os.name: &amp;apos;Windows Server 2016&amp;apos;, os.arch: &amp;apos;amd64&amp;apos;, os.version: &amp;apos;10.0&amp;apos;, java.version: &amp;apos;16.0.2&amp;apos;
Driver info: org.openqa.selenium.chrome.ChromeDriver
Capabilities {acceptInsecureCerts: false, browserName: chrome, browserVersion: 94.0.4606.71, chrome: {chromedriverVersion: 94.0.4606.61 (418b78f5838ed..., userDataDir: C:\Users\JUMPBO~1\AppData\L...}, goog:chromeOptions: {debuggerAddress: localhost:55353}, javascriptEnabled: true, networkConnectionEnabled: false, pageLoadStrategy: normal, platform: WINDOWS, platformName: WINDOWS, proxy: Proxy(), setWindowRect: true, strictFileInteractability: false, timeouts: {implicit: 0, pageLoad: 300000, script: 30000}, unhandledPromptBehavior: dismiss and notify, webauthn:extension:credBlob: true, webauthn:extension:largeBlob: true, webauthn:virtualAuthenticators: true}
Session ID: 420862c81d0104f7ae1060b48e0edd51
*** Element info: {Using=name, value=search_name}">
      <![CDATA[org.openqa.selenium.NoSuchElementException: no such element: Unable to locate element: {"method":"css selector","selector":"*[name='search_name']"}
  (Session info: chrome=94.0.4606.71)
For documentation on this error, please visit: https://www.seleniumhq.org/exceptions/no_such_element.html
Build info: version: '4.0.0-alpha-3', revision: '8c567de6dc'
System info: host: 'JUMPBOX-WIN2016', ip: '10.228.0.127', os.name: 'Windows Server 2016', os.arch: 'amd64', os.version: '10.0', java.version: '16.0.2'
Driver info: org.openqa.selenium.chrome.ChromeDriver
Capabilities {acceptInsecureCerts: false, browserName: chrome, browserVersion: 94.0.4606.71, chrome: {chromedriverVersion: 94.0.4606.61 (418b78f5838ed..., userDataDir: C:\Users\JUMPBO~1\AppData\L...}, goog:chromeOptions: {debuggerAddress: localhost:55353}, javascriptEnabled: true, networkConnectionEnabled: false, pageLoadStrategy: normal, platform: WINDOWS, platformName: WINDOWS, proxy: Proxy(), setWindowRect: true, strictFileInteractability: false, timeouts: {implicit: 0, pageLoad: 300000, script: 30000}, unhandledPromptBehavior: dismiss and notify, webauthn:extension:credBlob: true, webauthn:extension:largeBlob: true, webauthn:virtualAuthenticators: true}
Session ID: 420862c81d0104f7ae1060b48e0edd51
*** Element info: {Using=name, value=search_name}
at org.openqa.selenium.remote.codec.w3c.W3CHttpResponseCodec.createException(W3CHttpResponseCodec.java:191)
at org.openqa.selenium.remote.codec.w3c.W3CHttpResponseCodec.decode(W3CHttpResponseCodec.java:125)
at org.openqa.selenium.remote.codec.w3c.W3CHttpResponseCodec.decode(W3CHttpResponseCodec.java:52)
at org.openqa.selenium.remote.HttpCommandExecutor.execute(HttpCommandExecutor.java:161)
at org.openqa.selenium.remote.service.DriverCommandExecutor.execute(DriverCommandExecutor.java:83)
at org.openqa.selenium.remote.RemoteWebDriver.execute(RemoteWebDriver.java:576)
at org.openqa.selenium.remote.RemoteWebDriver.findElement(RemoteWebDriver.java:327)
at org.openqa.selenium.remote.RemoteWebDriver.findElementByName(RemoteWebDriver.java:415)
at org.openqa.selenium.By$ByName.findElement(By.java:313)
at org.openqa.selenium.remote.RemoteWebDriver.findElement(RemoteWebDriver.java:319)
at org.openqa.selenium.support.pagefactory.DefaultElementLocator.findElement(DefaultElementLocator.java:70)
at org.openqa.selenium.support.pagefactory.internal.LocatingElementHandler.invoke(LocatingElementHandler.java:39)
at jdk.proxy2/jdk.proxy2.$Proxy26.clear(Unknown Source)
at stepDefinitions.devices.ManagePrinters.userEntersPrinter_nameToSearchAPrinter(ManagePrinters.java:101)
at ✽.User enters Printer_name[0] to search a Printer(file:///C:/Users/jumpboxadmin/git/Connect-Automation/Connect_Automation/src/test/resources/features/devices/ManagePrinters.feature:40)
... Removed 5 stack frames]]>
    </failure>
  </testcase> <!-- runScenario -->
  <testcase classname="io.cucumber.testng.AbstractTestNGCucumberTests" name="runScenario" time="35.927">
    <failure type="org.openqa.selenium.NoSuchElementException" message="no such element: Unable to locate element: {&amp;quot;method&amp;quot;:&amp;quot;css selector&amp;quot;,&amp;quot;selector&amp;quot;:&amp;quot;input[value=Search]&amp;quot;}
  (Session info: chrome=94.0.4606.71)
For documentation on this error, please visit: https://www.seleniumhq.org/exceptions/no_such_element.html
Build info: version: &amp;apos;4.0.0-alpha-3&amp;apos;, revision: &amp;apos;8c567de6dc&amp;apos;
System info: host: &amp;apos;JUMPBOX-WIN2016&amp;apos;, ip: &amp;apos;10.228.0.127&amp;apos;, os.name: &amp;apos;Windows Server 2016&amp;apos;, os.arch: &amp;apos;amd64&amp;apos;, os.version: &amp;apos;10.0&amp;apos;, java.version: &amp;apos;16.0.2&amp;apos;
Driver info: org.openqa.selenium.chrome.ChromeDriver
Capabilities {acceptInsecureCerts: false, browserName: chrome, browserVersion: 94.0.4606.71, chrome: {chromedriverVersion: 94.0.4606.61 (418b78f5838ed..., userDataDir: C:\Users\JUMPBO~1\AppData\L...}, goog:chromeOptions: {debuggerAddress: localhost:57380}, javascriptEnabled: true, networkConnectionEnabled: false, pageLoadStrategy: normal, platform: WINDOWS, platformName: WINDOWS, proxy: Proxy(), setWindowRect: true, strictFileInteractability: false, timeouts: {implicit: 0, pageLoad: 300000, script: 30000}, unhandledPromptBehavior: dismiss and notify, webauthn:extension:credBlob: true, webauthn:extension:largeBlob: true, webauthn:virtualAuthenticators: true}
Session ID: b5f107e1fea7fb46916e1958e5b0bc50
*** Element info: {Using=css selector, value=input[value=Search]}">
      <![CDATA[org.openqa.selenium.NoSuchElementException: no such element: Unable to locate element: {"method":"css selector","selector":"input[value=Search]"}
  (Session info: chrome=94.0.4606.71)
For documentation on this error, please visit: https://www.seleniumhq.org/exceptions/no_such_element.html
Build info: version: '4.0.0-alpha-3', revision: '8c567de6dc'
System info: host: 'JUMPBOX-WIN2016', ip: '10.228.0.127', os.name: 'Windows Server 2016', os.arch: 'amd64', os.version: '10.0', java.version: '16.0.2'
Driver info: org.openqa.selenium.chrome.ChromeDriver
Capabilities {acceptInsecureCerts: false, browserName: chrome, browserVersion: 94.0.4606.71, chrome: {chromedriverVersion: 94.0.4606.61 (418b78f5838ed..., userDataDir: C:\Users\JUMPBO~1\AppData\L...}, goog:chromeOptions: {debuggerAddress: localhost:57380}, javascriptEnabled: true, networkConnectionEnabled: false, pageLoadStrategy: normal, platform: WINDOWS, platformName: WINDOWS, proxy: Proxy(), setWindowRect: true, strictFileInteractability: false, timeouts: {implicit: 0, pageLoad: 300000, script: 30000}, unhandledPromptBehavior: dismiss and notify, webauthn:extension:credBlob: true, webauthn:extension:largeBlob: true, webauthn:virtualAuthenticators: true}
Session ID: b5f107e1fea7fb46916e1958e5b0bc50
*** Element info: {Using=css selector, value=input[value=Search]}
at org.openqa.selenium.remote.codec.w3c.W3CHttpResponseCodec.createException(W3CHttpResponseCodec.java:191)
at org.openqa.selenium.remote.codec.w3c.W3CHttpResponseCodec.decode(W3CHttpResponseCodec.java:125)
at org.openqa.selenium.remote.codec.w3c.W3CHttpResponseCodec.decode(W3CHttpResponseCodec.java:52)
at org.openqa.selenium.remote.HttpCommandExecutor.execute(HttpCommandExecutor.java:161)
at org.openqa.selenium.remote.service.DriverCommandExecutor.execute(DriverCommandExecutor.java:83)
at org.openqa.selenium.remote.RemoteWebDriver.execute(RemoteWebDriver.java:576)
at org.openqa.selenium.remote.RemoteWebDriver.findElement(RemoteWebDriver.java:327)
at org.openqa.selenium.remote.RemoteWebDriver.findElementByCssSelector(RemoteWebDriver.java:435)
at org.openqa.selenium.By$ByCssSelector.findElement(By.java:496)
at org.openqa.selenium.remote.RemoteWebDriver.findElement(RemoteWebDriver.java:319)
at org.openqa.selenium.support.pagefactory.DefaultElementLocator.findElement(DefaultElementLocator.java:70)
at org.openqa.selenium.support.pagefactory.internal.LocatingElementHandler.invoke(LocatingElementHandler.java:39)
at jdk.proxy2/jdk.proxy2.$Proxy26.click(Unknown Source)
at stepDefinitions.devices.ManagePrinters.userClicksOnSearchButtonToSearchPrinters(ManagePrinters.java:141)
at ✽.User clicks on Search button to search Printers(file:///C:/Users/jumpboxadmin/git/Connect-Automation/Connect_Automation/src/test/resources/features/devices/ManagePrinters.feature:58)
... Removed 5 stack frames]]>
    </failure>
  </testcase> <!-- runScenario -->
  <testcase classname="io.cucumber.testng.AbstractTestNGCucumberTests" name="runScenario" time="36.084">
    <failure type="org.openqa.selenium.NoSuchElementException" message="no such element: Unable to locate element: {&amp;quot;method&amp;quot;:&amp;quot;css selector&amp;quot;,&amp;quot;selector&amp;quot;:&amp;quot;*[name=&amp;apos;search_name&amp;apos;]&amp;quot;}
  (Session info: chrome=94.0.4606.71)
For documentation on this error, please visit: https://www.seleniumhq.org/exceptions/no_such_element.html
Build info: version: &amp;apos;4.0.0-alpha-3&amp;apos;, revision: &amp;apos;8c567de6dc&amp;apos;
System info: host: &amp;apos;JUMPBOX-WIN2016&amp;apos;, ip: &amp;apos;10.228.0.127&amp;apos;, os.name: &amp;apos;Windows Server 2016&amp;apos;, os.arch: &amp;apos;amd64&amp;apos;, os.version: &amp;apos;10.0&amp;apos;, java.version: &amp;apos;16.0.2&amp;apos;
Driver info: org.openqa.selenium.chrome.ChromeDriver
Capabilities {acceptInsecureCerts: false, browserName: chrome, browserVersion: 94.0.4606.71, chrome: {chromedriverVersion: 94.0.4606.61 (418b78f5838ed..., userDataDir: C:\Users\JUMPBO~1\AppData\L...}, goog:chromeOptions: {debuggerAddress: localhost:60854}, javascriptEnabled: true, networkConnectionEnabled: false, pageLoadStrategy: normal, platform: WINDOWS, platformName: WINDOWS, proxy: Proxy(), setWindowRect: true, strictFileInteractability: false, timeouts: {implicit: 0, pageLoad: 300000, script: 30000}, unhandledPromptBehavior: dismiss and notify, webauthn:extension:credBlob: true, webauthn:extension:largeBlob: true, webauthn:virtualAuthenticators: true}
Session ID: 4c75cf170d40f97b656a47746534eae9
*** Element info: {Using=name, value=search_name}">
      <![CDATA[org.openqa.selenium.NoSuchElementException: no such element: Unable to locate element: {"method":"css selector","selector":"*[name='search_name']"}
  (Session info: chrome=94.0.4606.71)
For documentation on this error, please visit: https://www.seleniumhq.org/exceptions/no_such_element.html
Build info: version: '4.0.0-alpha-3', revision: '8c567de6dc'
System info: host: 'JUMPBOX-WIN2016', ip: '10.228.0.127', os.name: 'Windows Server 2016', os.arch: 'amd64', os.version: '10.0', java.version: '16.0.2'
Driver info: org.openqa.selenium.chrome.ChromeDriver
Capabilities {acceptInsecureCerts: false, browserName: chrome, browserVersion: 94.0.4606.71, chrome: {chromedriverVersion: 94.0.4606.61 (418b78f5838ed..., userDataDir: C:\Users\JUMPBO~1\AppData\L...}, goog:chromeOptions: {debuggerAddress: localhost:60854}, javascriptEnabled: true, networkConnectionEnabled: false, pageLoadStrategy: normal, platform: WINDOWS, platformName: WINDOWS, proxy: Proxy(), setWindowRect: true, strictFileInteractability: false, timeouts: {implicit: 0, pageLoad: 300000, script: 30000}, unhandledPromptBehavior: dismiss and notify, webauthn:extension:credBlob: true, webauthn:extension:largeBlob: true, webauthn:virtualAuthenticators: true}
Session ID: 4c75cf170d40f97b656a47746534eae9
*** Element info: {Using=name, value=search_name}
at org.openqa.selenium.remote.codec.w3c.W3CHttpResponseCodec.createException(W3CHttpResponseCodec.java:191)
at org.openqa.selenium.remote.codec.w3c.W3CHttpResponseCodec.decode(W3CHttpResponseCodec.java:125)
at org.openqa.selenium.remote.codec.w3c.W3CHttpResponseCodec.decode(W3CHttpResponseCodec.java:52)
at org.openqa.selenium.remote.HttpCommandExecutor.execute(HttpCommandExecutor.java:161)
at org.openqa.selenium.remote.service.DriverCommandExecutor.execute(DriverCommandExecutor.java:83)
at org.openqa.selenium.remote.RemoteWebDriver.execute(RemoteWebDriver.java:576)
at org.openqa.selenium.remote.RemoteWebDriver.findElement(RemoteWebDriver.java:327)
at org.openqa.selenium.remote.RemoteWebDriver.findElementByName(RemoteWebDriver.java:415)
at org.openqa.selenium.By$ByName.findElement(By.java:313)
at org.openqa.selenium.remote.RemoteWebDriver.findElement(RemoteWebDriver.java:319)
at org.openqa.selenium.support.pagefactory.DefaultElementLocator.findElement(DefaultElementLocator.java:70)
at org.openqa.selenium.support.pagefactory.internal.LocatingElementHandler.invoke(LocatingElementHandler.java:39)
at jdk.proxy2/jdk.proxy2.$Proxy26.clear(Unknown Source)
at stepDefinitions.devices.ManagePrinters.userEntersPrinter_nameToSearchAPrinter(ManagePrinters.java:101)
at ✽.User enters Printer_name[1] to search a Printer(file:///C:/Users/jumpboxadmin/git/Connect-Automation/Connect_Automation/src/test/resources/features/devices/ManagePrinters.feature:71)
... Removed 5 stack frames]]>
    </failure>
  </testcase> <!-- runScenario -->
  <testcase classname="io.cucumber.testng.AbstractTestNGCucumberTests" name="runScenario" time="675.561">
    <failure type="java.lang.AssertionError" message="expected [false] but found [true]">
      <![CDATA[java.lang.AssertionError: expected [false] but found [true]
at stepDefinitions.setup.ManageFields.verifyThatTheFieldRecordsXmlFileWasSuccessfullyDownloaded(ManageFields.java:235)
at ✽.Verify that the Field records xml file was successfully downloaded(file:///C:/Users/jumpboxadmin/git/Connect-Automation/Connect_Automation/src/test/resources/features/setup/ManageFields.feature:79)
... Removed 6 stack frames]]>
    </failure>
  </testcase> <!-- runScenario -->
  <testcase classname="io.cucumber.testng.AbstractTestNGCucumberTests" name="runScenario" time="17.739"/>
  <testcase classname="io.cucumber.testng.AbstractTestNGCucumberTests" name="runScenario" time="7.947"/>
  <testcase classname="io.cucumber.testng.AbstractTestNGCucumberTests" name="runScenario" time="13.148"/>
  <testcase classname="io.cucumber.testng.AbstractTestNGCucumberTests" name="runScenario" time="12.457"/>
  <testcase classname="io.cucumber.testng.AbstractTestNGCucumberTests" name="runScenario" time="18.336"/>
  <testcase classname="io.cucumber.testng.AbstractTestNGCucumberTests" name="runScenario" time="18.402"/>
  <testcase classname="io.cucumber.testng.AbstractTestNGCucumberTests" name="runScenario" time="9.718"/>
  <testcase classname="io.cucumber.testng.AbstractTestNGCucumberTests" name="runScenario" time="9.046"/>
  <testcase classname="io.cucumber.testng.AbstractTestNGCucumberTests" name="runScenario" time="9.37"/>
  <testcase classname="io.cucumber.testng.AbstractTestNGCucumberTests" name="runScenario" time="13.479">
    <failure type="org.openqa.selenium.UnhandledAlertException" message="unexpected alert open: {Alert text : Service message: Error in PurchaseOrderLineDAO
DAO message: Error executing: select * from (SELECT 
poll.line_location_id POL_key,
1 POL_erpCode,
DECODE(epoa.status, NULL, &amp;apos;New&amp;apos;, &amp;apos;New&amp;apos;, &amp;apos;New&amp;apos;, DECODE(epoa.po_price, poll.price_override, DECODE(TRUNC(epoa.po_promised_date), TRUNC(NVL(poll.promised_date, poll.need_by_date)),DECODE(epoa.po_quantity, poll.quantity,DECODE(epoa.po_item_revision, pol.item_revision, epoa.status, &amp;apos;Revised&amp;apos;), &amp;apos;Revised&amp;apos;), &amp;apos;Revised&amp;apos;), &amp;apos;Revised&amp;apos;)) POLS_status,
epoa.mrp_status POLS_mrpStatus,
poll.promised_date POL_promisedDate,
poll.price_override POL_price,
epoa.attachments POLS_attachments,
epoa.invoice_tran_fail POLS_invoiceTranFail,
epoa.ship_tran_fail POLS_shipTranFail,
poh.vendor_site_id||&amp;apos;:&amp;apos;||poh.org_id POL_vendorLocationKey,
poll.quantity POL_quantity,
poll.closed_code POL_closedCode,
DECODE(NVL(poll.closed_code, &amp;apos;OPEN&amp;apos;),&amp;apos;CLOSED&amp;apos;, &amp;apos;Closed&amp;apos;, &amp;apos;CLOSED FOR RECEIVING&amp;apos;, &amp;apos;Closed&amp;apos;, &amp;apos;FINALLY CLOSED&amp;apos;, &amp;apos;Closed&amp;apos;, DECODE(poh.frozen_flag, &amp;apos;Y&amp;apos;, &amp;apos;Pending&amp;apos;, DECODE(DECODE(por.po_release_id,NULL,poh.authorization_status,por.authorization_status),&amp;apos;REQUIRES REAPPROVAL&amp;apos;,&amp;apos;Pending&amp;apos;, &amp;apos;IN PROCESS&amp;apos;, &amp;apos;Pending&amp;apos;, &amp;apos;PRE-APPROVED&amp;apos;,&amp;apos;Pending&amp;apos;, &amp;apos;Open&amp;apos;))) POL_erpPoStatusCode,
XXXL_IS_PO_BLIND(poh.po_header_id, por.po_release_id) POL_maskData,
poh.type_lookup_code POL_poType,
poh.segment1 POL_poNumber,
por.release_num POL_releaseNumber,
pol.line_num POL_lineNumber,
poll.shipment_num POL_shipmentNumber,
end_erp_shared.get_printable_qty(poll.line_location_id,poll.quantity_received, epoa.quantity, epoa.shipped_quantity)  POL_printableQuantity,
haou2.attribute14 POL_businessCode,
pol.vendor_product_num POL_polVendorProductNum,
end_erp_shared.invoicable_quantity(poll.line_location_id,cqc.value) POL_invoicable,
poh.attribute14 POL_businessName,
DECODE(SIGN(poll.quantity - NVL(poll.quantity_received, 0) - NVL(poll.quantity_cancelled, 0)),-1,0,0,0,1,poll.quantity - NVL(poll.quantity_received, 0) - NVL(poll.quantity_cancelled, 0)) POL_quantityOpen,
poll.need_by_date POL_needByDate,
(SELECT pa.full_name FROM po_distributions_all pda, po_line_locations_all lineloc, per_all_people_f pa WHERE pa.person_id = pda.deliver_to_person_id AND pa.effective_end_date &amp;gt; SYSDATE AND pda.line_location_id = lineloc.line_location_id AND poll.line_location_id = lineloc.line_location_id AND rownum = 1) POL_requestor,
end_erp_shared.get_project_number(poll.line_location_id) POL_erpProjectNumber,
end_erp_shared.is_open_sdr_exists(poll.line_location_id) POL_openSDR,
pol.item_description POL_lineDescription,
pol.attribute3 POL_poLineType,
pv.segment1 POL_vendorNumber,
epoa.created_by_name POLS_createdByName,
pv.vendor_name V_name,
pvsa.attribute16 VL_locationNumber,
papfb.full_name PO_buyerName,
pvsa.vendor_site_code VL_name,
pol.po_line_id POL_poLineId,
poh.po_header_id POL_poHeaderId,
poh.po_header_id PO_key,
poh.org_id POL_hostId 
, poll.line_location_id, epoa.status, epoa.approval_id, epoa.po_price, epoa.po_promised_date, epoa.po_quantity, epoa.po_item_revision, epoa.po_update_date, poll.price_override, NVL(poll.promised_date, poll.need_by_date), poll.quantity, NVL(pol.item_revision, (SELECT MAX(mir.revision) FROM mtl_item_revisions mir WHERE mir.inventory_item_id = pol.item_id AND mir.organization_id = poll.ship_to_organization_id AND msi.revision_qty_control_code = 2)), poll.last_update_date,
COUNT(1) OVER() as totalSearchCount, row_number() over (  ORDER BY poh.type_lookup_code,
poh.segment1,
por.release_num,
pol.line_num,
poll.shipment_num,
end_erp_shared.get_printable_qty(poll.line_location_id,poll.quantity_received, epoa.quantity, epoa.shipped_quantity) ,
DECODE(NVL(poll.closed_code, &amp;apos;OPEN&amp;apos;),&amp;apos;CLOSED&amp;apos;, &amp;apos;Closed&amp;apos;, &amp;apos;CLOSED FOR RECEIVING&amp;apos;, &amp;apos;Closed&amp;apos;, &amp;apos;FINALLY CLOSED&amp;apos;, &amp;apos;Closed&amp;apos;, DECODE(poh.frozen_flag, &amp;apos;Y&amp;apos;, &amp;apos;Pending&amp;apos;, DECODE(DECODE(por.po_release_id,NULL,poh.authorization_status,por.authorization_status),&amp;apos;REQUIRES REAPPROVAL&amp;apos;,&amp;apos;Pending&amp;apos;, &amp;apos;IN PROCESS&amp;apos;, &amp;apos;Pending&amp;apos;, &amp;apos;PRE-APPROVED&amp;apos;,&amp;apos;Pending&amp;apos;, &amp;apos;Open&amp;apos;))),
DECODE(epoa.status, NULL, &amp;apos;New&amp;apos;, &amp;apos;New&amp;apos;, &amp;apos;New&amp;apos;, DECODE(epoa.po_price, poll.price_override, DECODE(TRUNC(epoa.po_promised_date), TRUNC(NVL(poll.promised_date, poll.need_by_date)),DECODE(epoa.po_quantity, poll.quantity,DECODE(epoa.po_item_revision, pol.item_revision, epoa.status, &amp;apos;Revised&amp;apos;), &amp;apos;Revised&amp;apos;), &amp;apos;Revised&amp;apos;), &amp;apos;Revised&amp;apos;)),
haou2.attribute14,
pol.vendor_product_num,
end_erp_shared.invoicable_quantity(poll.line_location_id,cqc.value),
poh.attribute14,
poll.quantity,
DECODE(SIGN(poll.quantity - NVL(poll.quantity_received, 0) - NVL(poll.quantity_cancelled, 0)),-1,0,0,0,1,poll.quantity - NVL(poll.quantity_received, 0) - NVL(poll.quantity_cancelled, 0)),
poll.need_by_date,
(SELECT pa.full_name FROM po_distributions_all pda, po_line_locations_all lineloc, per_all_people_f pa WHERE pa.person_id = pda.deliver_to_person_id AND pa.effective_end_date &amp;gt; SYSDATE AND pda.line_location_id = lineloc.line_location_id AND poll.line_location_id = lineloc.line_location_id AND rownum = 1),
end_erp_shared.get_project_number(poll.line_location_id),
end_erp_shared.is_open_sdr_exists(poll.line_location_id),
pol.item_description,
pol.attribute3,
pv.segment1,
epoa.created_by_name,
pv.vendor_name,
pvsa.attribute16,
papfb.full_name,
pvsa.vendor_site_code,
poll.line_location_id,
1,
DECODE(epoa.status, NULL, &amp;apos;New&amp;apos;, &amp;apos;New&amp;apos;, &amp;apos;New&amp;apos;, DECODE(epoa.po_price, poll.price_override, DECODE(TRUNC(epoa.po_promised_date), TRUNC(NVL(poll.promised_date, poll.need_by_date)),DECODE(epoa.po_quantity, poll.quantity,DECODE(epoa.po_item_revision, pol.item_revision, epoa.status, &amp;apos;Revised&amp;apos;), &amp;apos;Revised&amp;apos;), &amp;apos;Revised&amp;apos;), &amp;apos;Revised&amp;apos;)),
epoa.mrp_status,
poll.promised_date,
poll.price_override,
epoa.attachments,
epoa.invoice_tran_fail,
epoa.ship_tran_fail,
poh.vendor_site_id||&amp;apos;:&amp;apos;||poh.org_id,
poll.quantity,
poll.closed_code,
DECODE(NVL(poll.closed_code, &amp;apos;OPEN&amp;apos;),&amp;apos;CLOSED&amp;apos;, &amp;apos;Closed&amp;apos;, &amp;apos;CLOSED FOR RECEIVING&amp;apos;, &amp;apos;Closed&amp;apos;, &amp;apos;FINALLY CLOSED&amp;apos;, &amp;apos;Closed&amp;apos;, DECODE(poh.frozen_flag, &amp;apos;Y&amp;apos;, &amp;apos;Pending&amp;apos;, DECODE(DECODE(por.po_release_id,NULL,poh.authorization_status,por.authorization_status),&amp;apos;REQUIRES REAPPROVAL&amp;apos;,&amp;apos;Pending&amp;apos;, &amp;apos;IN PROCESS&amp;apos;, &amp;apos;Pending&amp;apos;, &amp;apos;PRE-APPROVED&amp;apos;,&amp;apos;Pending&amp;apos;, &amp;apos;Open&amp;apos;))),
XXXL_IS_PO_BLIND(poh.po_header_id, por.po_release_id) ) as row_number FROM ap_terms apt,end_poc_ora_approvals epoa,end_poc_ora_header_status epohs,mtl_system_items_b_kfv msi,hr_all_organization_units haou,hr_all_organization_units haou2,(SELECT * 
   FROM (SELECT ROW_NUMBER() OVER (PARTITION BY person_id ORDER BY effective_start_date DESC) AS record_num_desc, 
           papfb.* 
      FROM per_all_people_f papfb) 
     WHERE record_num_desc = 1) papfb,po_headers_all poh,po_line_locations_all poll,po_lines_all pol,po_releases_all por,rcv_parameters rcv,po_vendor_contacts pvc,po_vendors pv,po_vendor_sites_all pvsa,
       ap_tax_codes_all atc, (SELECT &amp;apos;N&amp;apos; value FROM dual) cqc WHERE poh.terms_id=apt.term_id(+) AND poll.po_release_id=por.po_release_id(+) AND poh.vendor_contact_id=pvc.vendor_contact_id(+) AND poh.vendor_site_id=pvc.vendor_site_id(+) AND NVL(por.agent_id, poh.agent_id) = papfb.person_id AND poll.po_line_id=pol.po_line_id AND poll.po_header_id=poh.po_header_id AND rcv.organization_id=poll.ship_to_organization_id AND msi.inventory_item_id(+)=pol.item_id AND poll.ship_to_organization_id = NVL(msi.organization_id, poll.ship_to_organization_id) AND haou.organization_id=poll.ship_to_organization_id AND haou2.organization_id=poh.org_id AND poll.line_location_id=epoa.po_line_location_id(+) AND poh.po_header_id=epohs.po_header_id(+) AND poh.vendor_id=pv.vendor_id AND pvsa.vendor_site_id=poh.vendor_site_id AND pvsa.vendor_id=pv.vendor_id AND poh.authorization_status in (&amp;apos;APPROVED&amp;apos;, &amp;apos;REQUIRES REAPPROVAL&amp;apos;, &amp;apos;IN PROCESS&amp;apos;, &amp;apos;PRE-APPROVED&amp;apos;) AND NVL(por.authorization_status,&amp;apos;APPROVED&amp;apos;) in (&amp;apos;APPROVED&amp;apos;, &amp;apos;REQUIRES REAPPROVAL&amp;apos;, &amp;apos;IN PROCESS&amp;apos;, &amp;apos;PRE-APPROVED&amp;apos;) AND poh.type_lookup_code IN (&amp;apos;STANDARD&amp;apos;, &amp;apos;BLANKET&amp;apos;, &amp;apos;PLANNED&amp;apos;) AND NVL(poll.approved_flag, &amp;apos;N&amp;apos;) IN (&amp;apos;Y&amp;apos;, &amp;apos;R&amp;apos;, &amp;apos;N&amp;apos;) AND poll.shipment_type IN (&amp;apos;STANDARD&amp;apos;, &amp;apos;BLANKET&amp;apos;, &amp;apos;SCHEDULED&amp;apos;)
   AND atc.tax_id(+)=poll.tax_code_id AND poh.org_id=poll.org_id AND pol.org_id=poll.org_id AND por.org_id(+)=poll.org_id
   AND (poll.org_id IN (?,?)) AND  ROWNUM &amp;lt;= 10001 ) where row_number between 1 and 26 order by row_number
Message: ORA-00904: &amp;quot;PVSA&amp;quot;.&amp;quot;ATTRIBUTE16&amp;quot;: invalid identifier

Message: ORA-00904: &amp;quot;PVSA&amp;quot;.&amp;quot;ATTRIBUTE16&amp;quot;: invalid identifier

}
  (Session info: chrome=94.0.4606.71): Service message: Error in PurchaseOrderLineDAO
DAO message: Error executing: select * from (SELECT 
poll.line_location_id POL_key,
1 POL_erpCode,
DECODE(epoa.status, NULL, &amp;apos;New&amp;apos;, &amp;apos;New&amp;apos;, &amp;apos;New&amp;apos;, DECODE(epoa.po_price, poll.price_override, DECODE(TRUNC(epoa.po_promised_date), TRUNC(NVL(poll.promised_date, poll.need_by_date)),DECODE(epoa.po_quantity, poll.quantity,DECODE(epoa.po_item_revision, pol.item_revision, epoa.status, &amp;apos;Revised&amp;apos;), &amp;apos;Revised&amp;apos;), &amp;apos;Revised&amp;apos;), &amp;apos;Revised&amp;apos;)) POLS_status,
epoa.mrp_status POLS_mrpStatus,
poll.promised_date POL_promisedDate,
poll.price_override POL_price,
epoa.attachments POLS_attachments,
epoa.invoice_tran_fail POLS_invoiceTranFail,
epoa.ship_tran_fail POLS_shipTranFail,
poh.vendor_site_id||&amp;apos;:&amp;apos;||poh.org_id POL_vendorLocationKey,
poll.quantity POL_quantity,
poll.closed_code POL_closedCode,
DECODE(NVL(poll.closed_code, &amp;apos;OPEN&amp;apos;),&amp;apos;CLOSED&amp;apos;, &amp;apos;Closed&amp;apos;, &amp;apos;CLOSED FOR RECEIVING&amp;apos;, &amp;apos;Closed&amp;apos;, &amp;apos;FINALLY CLOSED&amp;apos;, &amp;apos;Closed&amp;apos;, DECODE(poh.frozen_flag, &amp;apos;Y&amp;apos;, &amp;apos;Pending&amp;apos;, DECODE(DECODE(por.po_release_id,NULL,poh.authorization_status,por.authorization_status),&amp;apos;REQUIRES REAPPROVAL&amp;apos;,&amp;apos;Pending&amp;apos;, &amp;apos;IN PROCESS&amp;apos;, &amp;apos;Pending&amp;apos;, &amp;apos;PRE-APPROVED&amp;apos;,&amp;apos;Pending&amp;apos;, &amp;apos;Open&amp;apos;))) POL_erpPoStatusCode,
XXXL_IS_PO_BLIND(poh.po_header_id, por.po_release_id) POL_maskData,
poh.type_lookup_code POL_poType,
poh.segment1 POL_poNumber,
por.release_num POL_releaseNumber,
pol.line_num POL_lineNumber,
poll.shipment_num POL_shipmentNumber,
end_erp_shared.get_printable_qty(poll.line_location_id,poll.quantity_received, epoa.quantity, epoa.shipped_quantity)  POL_printableQuantity,
haou2.attribute14 POL_businessCode,
pol.vendor_product_num POL_polVendorProductNum,
end_erp_shared.invoicable_quantity(poll.line_location_id,cqc.value) POL_invoicable,
poh.attribute14 POL_businessName,
DECODE(SIGN(poll.quantity - NVL(poll.quantity_received, 0) - NVL(poll.quantity_cancelled, 0)),-1,0,0,0,1,poll.quantity - NVL(poll.quantity_received, 0) - NVL(poll.quantity_cancelled, 0)) POL_quantityOpen,
poll.need_by_date POL_needByDate,
(SELECT pa.full_name FROM po_distributions_all pda, po_line_locations_all lineloc, per_all_people_f pa WHERE pa.person_id = pda.deliver_to_person_id AND pa.effective_end_date &amp;gt; SYSDATE AND pda.line_location_id = lineloc.line_location_id AND poll.line_location_id = lineloc.line_location_id AND rownum = 1) POL_requestor,
end_erp_shared.get_project_number(poll.line_location_id) POL_erpProjectNumber,
end_erp_shared.is_open_sdr_exists(poll.line_location_id) POL_openSDR,
pol.item_description POL_lineDescription,
pol.attribute3 POL_poLineType,
pv.segment1 POL_vendorNumber,
epoa.created_by_name POLS_createdByName,
pv.vendor_name V_name,
pvsa.attribute16 VL_locationNumber,
papfb.full_name PO_buyerName,
pvsa.vendor_site_code VL_name,
pol.po_line_id POL_poLineId,
poh.po_header_id POL_poHeaderId,
poh.po_header_id PO_key,
poh.org_id POL_hostId 
, poll.line_location_id, epoa.status, epoa.approval_id, epoa.po_price, epoa.po_promised_date, epoa.po_quantity, epoa.po_item_revision, epoa.po_update_date, poll.price_override, NVL(poll.promised_date, poll.need_by_date), poll.quantity, NVL(pol.item_revision, (SELECT MAX(mir.revision) FROM mtl_item_revisions mir WHERE mir.inventory_item_id = pol.item_id AND mir.organization_id = poll.ship_to_organization_id AND msi.revision_qty_control_code = 2)), poll.last_update_date,
COUNT(1) OVER() as totalSearchCount, row_number() over (  ORDER BY poh.type_lookup_code,
poh.segment1,
por.release_num,
pol.line_num,
poll.shipment_num,
end_erp_shared.get_printable_qty(poll.line_location_id,poll.quantity_received, epoa.quantity, epoa.shipped_quantity) ,
DECODE(NVL(poll.closed_code, &amp;apos;OPEN&amp;apos;),&amp;apos;CLOSED&amp;apos;, &amp;apos;Closed&amp;apos;, &amp;apos;CLOSED FOR RECEIVING&amp;apos;, &amp;apos;Closed&amp;apos;, &amp;apos;FINALLY CLOSED&amp;apos;, &amp;apos;Closed&amp;apos;, DECODE(poh.frozen_flag, &amp;apos;Y&amp;apos;, &amp;apos;Pending&amp;apos;, DECODE(DECODE(por.po_release_id,NULL,poh.authorization_status,por.authorization_status),&amp;apos;REQUIRES REAPPROVAL&amp;apos;,&amp;apos;Pending&amp;apos;, &amp;apos;IN PROCESS&amp;apos;, &amp;apos;Pending&amp;apos;, &amp;apos;PRE-APPROVED&amp;apos;,&amp;apos;Pending&amp;apos;, &amp;apos;Open&amp;apos;))),
DECODE(epoa.status, NULL, &amp;apos;New&amp;apos;, &amp;apos;New&amp;apos;, &amp;apos;New&amp;apos;, DECODE(epoa.po_price, poll.price_override, DECODE(TRUNC(epoa.po_promised_date), TRUNC(NVL(poll.promised_date, poll.need_by_date)),DECODE(epoa.po_quantity, poll.quantity,DECODE(epoa.po_item_revision, pol.item_revision, epoa.status, &amp;apos;Revised&amp;apos;), &amp;apos;Revised&amp;apos;), &amp;apos;Revised&amp;apos;), &amp;apos;Revised&amp;apos;)),
haou2.attribute14,
pol.vendor_product_num,
end_erp_shared.invoicable_quantity(poll.line_location_id,cqc.value),
poh.attribute14,
poll.quantity,
DECODE(SIGN(poll.quantity - NVL(poll.quantity_received, 0) - NVL(poll.quantity_cancelled, 0)),-1,0,0,0,1,poll.quantity - NVL(poll.quantity_received, 0) - NVL(poll.quantity_cancelled, 0)),
poll.need_by_date,
(SELECT pa.full_name FROM po_distributions_all pda, po_line_locations_all lineloc, per_all_people_f pa WHERE pa.person_id = pda.deliver_to_person_id AND pa.effective_end_date &amp;gt; SYSDATE AND pda.line_location_id = lineloc.line_location_id AND poll.line_location_id = lineloc.line_location_id AND rownum = 1),
end_erp_shared.get_project_number(poll.line_location_id),
end_erp_shared.is_open_sdr_exists(poll.line_location_id),
pol.item_description,
pol.attribute3,
pv.segment1,
epoa.created_by_name,
pv.vendor_name,
pvsa.attribute16,
papfb.full_name,
pvsa.vendor_site_code,
poll.line_location_id,
1,
DECODE(epoa.status, NULL, &amp;apos;New&amp;apos;, &amp;apos;New&amp;apos;, &amp;apos;New&amp;apos;, DECODE(epoa.po_price, poll.price_override, DECODE(TRUNC(epoa.po_promised_date), TRUNC(NVL(poll.promised_date, poll.need_by_date)),DECODE(epoa.po_quantity, poll.quantity,DECODE(epoa.po_item_revision, pol.item_revision, epoa.status, &amp;apos;Revised&amp;apos;), &amp;apos;Revised&amp;apos;), &amp;apos;Revised&amp;apos;), &amp;apos;Revised&amp;apos;)),
epoa.mrp_status,
poll.promised_date,
poll.price_override,
epoa.attachments,
epoa.invoice_tran_fail,
epoa.ship_tran_fail,
poh.vendor_site_id||&amp;apos;:&amp;apos;||poh.org_id,
poll.quantity,
poll.closed_code,
DECODE(NVL(poll.closed_code, &amp;apos;OPEN&amp;apos;),&amp;apos;CLOSED&amp;apos;, &amp;apos;Closed&amp;apos;, &amp;apos;CLOSED FOR RECEIVING&amp;apos;, &amp;apos;Closed&amp;apos;, &amp;apos;FINALLY CLOSED&amp;apos;, &amp;apos;Closed&amp;apos;, DECODE(poh.frozen_flag, &amp;apos;Y&amp;apos;, &amp;apos;Pending&amp;apos;, DECODE(DECODE(por.po_release_id,NULL,poh.authorization_status,por.authorization_status),&amp;apos;REQUIRES REAPPROVAL&amp;apos;,&amp;apos;Pending&amp;apos;, &amp;apos;IN PROCESS&amp;apos;, &amp;apos;Pending&amp;apos;, &amp;apos;PRE-APPROVED&amp;apos;,&amp;apos;Pending&amp;apos;, &amp;apos;Open&amp;apos;))),
XXXL_IS_PO_BLIND(poh.po_header_id, por.po_release_id) ) as row_number FROM ap_terms apt,end_poc_ora_approvals epoa,end_poc_ora_header_status epohs,mtl_system_items_b_kfv msi,hr_all_organization_units haou,hr_all_organization_units haou2,(SELECT * 
   FROM (SELECT ROW_NUMBER() OVER (PARTITION BY person_id ORDER BY effective_start_date DESC) AS record_num_desc, 
           papfb.* 
      FROM per_all_people_f papfb) 
     WHERE record_num_desc = 1) papfb,po_headers_all poh,po_line_locations_all poll,po_lines_all pol,po_releases_all por,rcv_parameters rcv,po_vendor_contacts pvc,po_vendors pv,po_vendor_sites_all pvsa,
       ap_tax_codes_all atc, (SELECT &amp;apos;N&amp;apos; value FROM dual) cqc WHERE poh.terms_id=apt.term_id(+) AND poll.po_release_id=por.po_release_id(+) AND poh.vendor_contact_id=pvc.vendor_contact_id(+) AND poh.vendor_site_id=pvc.vendor_site_id(+) AND NVL(por.agent_id, poh.agent_id) = papfb.person_id AND poll.po_line_id=pol.po_line_id AND poll.po_header_id=poh.po_header_id AND rcv.organization_id=poll.ship_to_organization_id AND msi.inventory_item_id(+)=pol.item_id AND poll.ship_to_organization_id = NVL(msi.organization_id, poll.ship_to_organization_id) AND haou.organization_id=poll.ship_to_organization_id AND haou2.organization_id=poh.org_id AND poll.line_location_id=epoa.po_line_location_id(+) AND poh.po_header_id=epohs.po_header_id(+) AND poh.vendor_id=pv.vendor_id AND pvsa.vendor_site_id=poh.vendor_site_id AND pvsa.vendor_id=pv.vendor_id AND poh.authorization_status in (&amp;apos;APPROVED&amp;apos;, &amp;apos;REQUIRES REAPPROVAL&amp;apos;, &amp;apos;IN PROCESS&amp;apos;, &amp;apos;PRE-APPROVED&amp;apos;) AND NVL(por.authorization_status,&amp;apos;APPROVED&amp;apos;) in (&amp;apos;APPROVED&amp;apos;, &amp;apos;REQUIRES REAPPROVAL&amp;apos;, &amp;apos;IN PROCESS&amp;apos;, &amp;apos;PRE-APPROVED&amp;apos;) AND poh.type_lookup_code IN (&amp;apos;STANDARD&amp;apos;, &amp;apos;BLANKET&amp;apos;, &amp;apos;PLANNED&amp;apos;) AND NVL(poll.approved_flag, &amp;apos;N&amp;apos;) IN (&amp;apos;Y&amp;apos;, &amp;apos;R&amp;apos;, &amp;apos;N&amp;apos;) AND poll.shipment_type IN (&amp;apos;STANDARD&amp;apos;, &amp;apos;BLANKET&amp;apos;, &amp;apos;SCHEDULED&amp;apos;)
   AND atc.tax_id(+)=poll.tax_code_id AND poh.org_id=poll.org_id AND pol.org_id=poll.org_id AND por.org_id(+)=poll.org_id
   AND (poll.org_id IN (?,?)) AND  ROWNUM &amp;lt;= 10001 ) where row_number between 1 and 26 order by row_number
Message: ORA-00904: &amp;quot;PVSA&amp;quot;.&amp;quot;ATTRIBUTE16&amp;quot;: invalid identifier

Message: ORA-00904: &amp;quot;PVSA&amp;quot;.&amp;quot;ATTRIBUTE16&amp;quot;: invalid identifier


Build info: version: &amp;apos;4.0.0-alpha-3&amp;apos;, revision: &amp;apos;8c567de6dc&amp;apos;
System info: host: &amp;apos;JUMPBOX-WIN2016&amp;apos;, ip: &amp;apos;10.228.0.127&amp;apos;, os.name: &amp;apos;Windows Server 2016&amp;apos;, os.arch: &amp;apos;amd64&amp;apos;, os.version: &amp;apos;10.0&amp;apos;, java.version: &amp;apos;16.0.2&amp;apos;
Driver info: org.openqa.selenium.chrome.ChromeDriver
Capabilities {acceptInsecureCerts: false, browserName: chrome, browserVersion: 94.0.4606.71, chrome: {chromedriverVersion: 94.0.4606.61 (418b78f5838ed..., userDataDir: C:\Users\JUMPBO~1\AppData\L...}, goog:chromeOptions: {debuggerAddress: localhost:57416}, javascriptEnabled: true, networkConnectionEnabled: false, pageLoadStrategy: normal, platform: WINDOWS, platformName: WINDOWS, proxy: Proxy(), setWindowRect: true, strictFileInteractability: false, timeouts: {implicit: 0, pageLoad: 300000, script: 30000}, unhandledPromptBehavior: dismiss and notify, webauthn:extension:credBlob: true, webauthn:extension:largeBlob: true, webauthn:virtualAuthenticators: true}
Session ID: e5fb5a59462c5d9e83e0e1c1032a0338
*** Element info: {Using=xpath, value=//*[@id=&amp;apos;searchResultsFormId&amp;apos;]/table[1]/tbody/tr[1]/td/table/tbody/tr/td[3]}">
      <![CDATA[org.openqa.selenium.UnhandledAlertException: unexpected alert open: {Alert text : Service message: Error in PurchaseOrderLineDAO
DAO message: Error executing: select * from (SELECT 
poll.line_location_id POL_key,
1 POL_erpCode,
DECODE(epoa.status, NULL, 'New', 'New', 'New', DECODE(epoa.po_price, poll.price_override, DECODE(TRUNC(epoa.po_promised_date), TRUNC(NVL(poll.promised_date, poll.need_by_date)),DECODE(epoa.po_quantity, poll.quantity,DECODE(epoa.po_item_revision, pol.item_revision, epoa.status, 'Revised'), 'Revised'), 'Revised'), 'Revised')) POLS_status,
epoa.mrp_status POLS_mrpStatus,
poll.promised_date POL_promisedDate,
poll.price_override POL_price,
epoa.attachments POLS_attachments,
epoa.invoice_tran_fail POLS_invoiceTranFail,
epoa.ship_tran_fail POLS_shipTranFail,
poh.vendor_site_id||':'||poh.org_id POL_vendorLocationKey,
poll.quantity POL_quantity,
poll.closed_code POL_closedCode,
DECODE(NVL(poll.closed_code, 'OPEN'),'CLOSED', 'Closed', 'CLOSED FOR RECEIVING', 'Closed', 'FINALLY CLOSED', 'Closed', DECODE(poh.frozen_flag, 'Y', 'Pending', DECODE(DECODE(por.po_release_id,NULL,poh.authorization_status,por.authorization_status),'REQUIRES REAPPROVAL','Pending', 'IN PROCESS', 'Pending', 'PRE-APPROVED','Pending', 'Open'))) POL_erpPoStatusCode,
XXXL_IS_PO_BLIND(poh.po_header_id, por.po_release_id) POL_maskData,
poh.type_lookup_code POL_poType,
poh.segment1 POL_poNumber,
por.release_num POL_releaseNumber,
pol.line_num POL_lineNumber,
poll.shipment_num POL_shipmentNumber,
end_erp_shared.get_printable_qty(poll.line_location_id,poll.quantity_received, epoa.quantity, epoa.shipped_quantity)  POL_printableQuantity,
haou2.attribute14 POL_businessCode,
pol.vendor_product_num POL_polVendorProductNum,
end_erp_shared.invoicable_quantity(poll.line_location_id,cqc.value) POL_invoicable,
poh.attribute14 POL_businessName,
DECODE(SIGN(poll.quantity - NVL(poll.quantity_received, 0) - NVL(poll.quantity_cancelled, 0)),-1,0,0,0,1,poll.quantity - NVL(poll.quantity_received, 0) - NVL(poll.quantity_cancelled, 0)) POL_quantityOpen,
poll.need_by_date POL_needByDate,
(SELECT pa.full_name FROM po_distributions_all pda, po_line_locations_all lineloc, per_all_people_f pa WHERE pa.person_id = pda.deliver_to_person_id AND pa.effective_end_date > SYSDATE AND pda.line_location_id = lineloc.line_location_id AND poll.line_location_id = lineloc.line_location_id AND rownum = 1) POL_requestor,
end_erp_shared.get_project_number(poll.line_location_id) POL_erpProjectNumber,
end_erp_shared.is_open_sdr_exists(poll.line_location_id) POL_openSDR,
pol.item_description POL_lineDescription,
pol.attribute3 POL_poLineType,
pv.segment1 POL_vendorNumber,
epoa.created_by_name POLS_createdByName,
pv.vendor_name V_name,
pvsa.attribute16 VL_locationNumber,
papfb.full_name PO_buyerName,
pvsa.vendor_site_code VL_name,
pol.po_line_id POL_poLineId,
poh.po_header_id POL_poHeaderId,
poh.po_header_id PO_key,
poh.org_id POL_hostId 
, poll.line_location_id, epoa.status, epoa.approval_id, epoa.po_price, epoa.po_promised_date, epoa.po_quantity, epoa.po_item_revision, epoa.po_update_date, poll.price_override, NVL(poll.promised_date, poll.need_by_date), poll.quantity, NVL(pol.item_revision, (SELECT MAX(mir.revision) FROM mtl_item_revisions mir WHERE mir.inventory_item_id = pol.item_id AND mir.organization_id = poll.ship_to_organization_id AND msi.revision_qty_control_code = 2)), poll.last_update_date,
COUNT(1) OVER() as totalSearchCount, row_number() over (  ORDER BY poh.type_lookup_code,
poh.segment1,
por.release_num,
pol.line_num,
poll.shipment_num,
end_erp_shared.get_printable_qty(poll.line_location_id,poll.quantity_received, epoa.quantity, epoa.shipped_quantity) ,
DECODE(NVL(poll.closed_code, 'OPEN'),'CLOSED', 'Closed', 'CLOSED FOR RECEIVING', 'Closed', 'FINALLY CLOSED', 'Closed', DECODE(poh.frozen_flag, 'Y', 'Pending', DECODE(DECODE(por.po_release_id,NULL,poh.authorization_status,por.authorization_status),'REQUIRES REAPPROVAL','Pending', 'IN PROCESS', 'Pending', 'PRE-APPROVED','Pending', 'Open'))),
DECODE(epoa.status, NULL, 'New', 'New', 'New', DECODE(epoa.po_price, poll.price_override, DECODE(TRUNC(epoa.po_promised_date), TRUNC(NVL(poll.promised_date, poll.need_by_date)),DECODE(epoa.po_quantity, poll.quantity,DECODE(epoa.po_item_revision, pol.item_revision, epoa.status, 'Revised'), 'Revised'), 'Revised'), 'Revised')),
haou2.attribute14,
pol.vendor_product_num,
end_erp_shared.invoicable_quantity(poll.line_location_id,cqc.value),
poh.attribute14,
poll.quantity,
DECODE(SIGN(poll.quantity - NVL(poll.quantity_received, 0) - NVL(poll.quantity_cancelled, 0)),-1,0,0,0,1,poll.quantity - NVL(poll.quantity_received, 0) - NVL(poll.quantity_cancelled, 0)),
poll.need_by_date,
(SELECT pa.full_name FROM po_distributions_all pda, po_line_locations_all lineloc, per_all_people_f pa WHERE pa.person_id = pda.deliver_to_person_id AND pa.effective_end_date > SYSDATE AND pda.line_location_id = lineloc.line_location_id AND poll.line_location_id = lineloc.line_location_id AND rownum = 1),
end_erp_shared.get_project_number(poll.line_location_id),
end_erp_shared.is_open_sdr_exists(poll.line_location_id),
pol.item_description,
pol.attribute3,
pv.segment1,
epoa.created_by_name,
pv.vendor_name,
pvsa.attribute16,
papfb.full_name,
pvsa.vendor_site_code,
poll.line_location_id,
1,
DECODE(epoa.status, NULL, 'New', 'New', 'New', DECODE(epoa.po_price, poll.price_override, DECODE(TRUNC(epoa.po_promised_date), TRUNC(NVL(poll.promised_date, poll.need_by_date)),DECODE(epoa.po_quantity, poll.quantity,DECODE(epoa.po_item_revision, pol.item_revision, epoa.status, 'Revised'), 'Revised'), 'Revised'), 'Revised')),
epoa.mrp_status,
poll.promised_date,
poll.price_override,
epoa.attachments,
epoa.invoice_tran_fail,
epoa.ship_tran_fail,
poh.vendor_site_id||':'||poh.org_id,
poll.quantity,
poll.closed_code,
DECODE(NVL(poll.closed_code, 'OPEN'),'CLOSED', 'Closed', 'CLOSED FOR RECEIVING', 'Closed', 'FINALLY CLOSED', 'Closed', DECODE(poh.frozen_flag, 'Y', 'Pending', DECODE(DECODE(por.po_release_id,NULL,poh.authorization_status,por.authorization_status),'REQUIRES REAPPROVAL','Pending', 'IN PROCESS', 'Pending', 'PRE-APPROVED','Pending', 'Open'))),
XXXL_IS_PO_BLIND(poh.po_header_id, por.po_release_id) ) as row_number FROM ap_terms apt,end_poc_ora_approvals epoa,end_poc_ora_header_status epohs,mtl_system_items_b_kfv msi,hr_all_organization_units haou,hr_all_organization_units haou2,(SELECT * 
   FROM (SELECT ROW_NUMBER() OVER (PARTITION BY person_id ORDER BY effective_start_date DESC) AS record_num_desc, 
           papfb.* 
      FROM per_all_people_f papfb) 
     WHERE record_num_desc = 1) papfb,po_headers_all poh,po_line_locations_all poll,po_lines_all pol,po_releases_all por,rcv_parameters rcv,po_vendor_contacts pvc,po_vendors pv,po_vendor_sites_all pvsa,
       ap_tax_codes_all atc, (SELECT 'N' value FROM dual) cqc WHERE poh.terms_id=apt.term_id(+) AND poll.po_release_id=por.po_release_id(+) AND poh.vendor_contact_id=pvc.vendor_contact_id(+) AND poh.vendor_site_id=pvc.vendor_site_id(+) AND NVL(por.agent_id, poh.agent_id) = papfb.person_id AND poll.po_line_id=pol.po_line_id AND poll.po_header_id=poh.po_header_id AND rcv.organization_id=poll.ship_to_organization_id AND msi.inventory_item_id(+)=pol.item_id AND poll.ship_to_organization_id = NVL(msi.organization_id, poll.ship_to_organization_id) AND haou.organization_id=poll.ship_to_organization_id AND haou2.organization_id=poh.org_id AND poll.line_location_id=epoa.po_line_location_id(+) AND poh.po_header_id=epohs.po_header_id(+) AND poh.vendor_id=pv.vendor_id AND pvsa.vendor_site_id=poh.vendor_site_id AND pvsa.vendor_id=pv.vendor_id AND poh.authorization_status in ('APPROVED', 'REQUIRES REAPPROVAL', 'IN PROCESS', 'PRE-APPROVED') AND NVL(por.authorization_status,'APPROVED') in ('APPROVED', 'REQUIRES REAPPROVAL', 'IN PROCESS', 'PRE-APPROVED') AND poh.type_lookup_code IN ('STANDARD', 'BLANKET', 'PLANNED') AND NVL(poll.approved_flag, 'N') IN ('Y', 'R', 'N') AND poll.shipment_type IN ('STANDARD', 'BLANKET', 'SCHEDULED')
   AND atc.tax_id(+)=poll.tax_code_id AND poh.org_id=poll.org_id AND pol.org_id=poll.org_id AND por.org_id(+)=poll.org_id
   AND (poll.org_id IN (?,?)) AND  ROWNUM <= 10001 ) where row_number between 1 and 26 order by row_number
Message: ORA-00904: "PVSA"."ATTRIBUTE16": invalid identifier

Message: ORA-00904: "PVSA"."ATTRIBUTE16": invalid identifier

}
  (Session info: chrome=94.0.4606.71): Service message: Error in PurchaseOrderLineDAO
DAO message: Error executing: select * from (SELECT 
poll.line_location_id POL_key,
1 POL_erpCode,
DECODE(epoa.status, NULL, 'New', 'New', 'New', DECODE(epoa.po_price, poll.price_override, DECODE(TRUNC(epoa.po_promised_date), TRUNC(NVL(poll.promised_date, poll.need_by_date)),DECODE(epoa.po_quantity, poll.quantity,DECODE(epoa.po_item_revision, pol.item_revision, epoa.status, 'Revised'), 'Revised'), 'Revised'), 'Revised')) POLS_status,
epoa.mrp_status POLS_mrpStatus,
poll.promised_date POL_promisedDate,
poll.price_override POL_price,
epoa.attachments POLS_attachments,
epoa.invoice_tran_fail POLS_invoiceTranFail,
epoa.ship_tran_fail POLS_shipTranFail,
poh.vendor_site_id||':'||poh.org_id POL_vendorLocationKey,
poll.quantity POL_quantity,
poll.closed_code POL_closedCode,
DECODE(NVL(poll.closed_code, 'OPEN'),'CLOSED', 'Closed', 'CLOSED FOR RECEIVING', 'Closed', 'FINALLY CLOSED', 'Closed', DECODE(poh.frozen_flag, 'Y', 'Pending', DECODE(DECODE(por.po_release_id,NULL,poh.authorization_status,por.authorization_status),'REQUIRES REAPPROVAL','Pending', 'IN PROCESS', 'Pending', 'PRE-APPROVED','Pending', 'Open'))) POL_erpPoStatusCode,
XXXL_IS_PO_BLIND(poh.po_header_id, por.po_release_id) POL_maskData,
poh.type_lookup_code POL_poType,
poh.segment1 POL_poNumber,
por.release_num POL_releaseNumber,
pol.line_num POL_lineNumber,
poll.shipment_num POL_shipmentNumber,
end_erp_shared.get_printable_qty(poll.line_location_id,poll.quantity_received, epoa.quantity, epoa.shipped_quantity)  POL_printableQuantity,
haou2.attribute14 POL_businessCode,
pol.vendor_product_num POL_polVendorProductNum,
end_erp_shared.invoicable_quantity(poll.line_location_id,cqc.value) POL_invoicable,
poh.attribute14 POL_businessName,
DECODE(SIGN(poll.quantity - NVL(poll.quantity_received, 0) - NVL(poll.quantity_cancelled, 0)),-1,0,0,0,1,poll.quantity - NVL(poll.quantity_received, 0) - NVL(poll.quantity_cancelled, 0)) POL_quantityOpen,
poll.need_by_date POL_needByDate,
(SELECT pa.full_name FROM po_distributions_all pda, po_line_locations_all lineloc, per_all_people_f pa WHERE pa.person_id = pda.deliver_to_person_id AND pa.effective_end_date > SYSDATE AND pda.line_location_id = lineloc.line_location_id AND poll.line_location_id = lineloc.line_location_id AND rownum = 1) POL_requestor,
end_erp_shared.get_project_number(poll.line_location_id) POL_erpProjectNumber,
end_erp_shared.is_open_sdr_exists(poll.line_location_id) POL_openSDR,
pol.item_description POL_lineDescription,
pol.attribute3 POL_poLineType,
pv.segment1 POL_vendorNumber,
epoa.created_by_name POLS_createdByName,
pv.vendor_name V_name,
pvsa.attribute16 VL_locationNumber,
papfb.full_name PO_buyerName,
pvsa.vendor_site_code VL_name,
pol.po_line_id POL_poLineId,
poh.po_header_id POL_poHeaderId,
poh.po_header_id PO_key,
poh.org_id POL_hostId 
, poll.line_location_id, epoa.status, epoa.approval_id, epoa.po_price, epoa.po_promised_date, epoa.po_quantity, epoa.po_item_revision, epoa.po_update_date, poll.price_override, NVL(poll.promised_date, poll.need_by_date), poll.quantity, NVL(pol.item_revision, (SELECT MAX(mir.revision) FROM mtl_item_revisions mir WHERE mir.inventory_item_id = pol.item_id AND mir.organization_id = poll.ship_to_organization_id AND msi.revision_qty_control_code = 2)), poll.last_update_date,
COUNT(1) OVER() as totalSearchCount, row_number() over (  ORDER BY poh.type_lookup_code,
poh.segment1,
por.release_num,
pol.line_num,
poll.shipment_num,
end_erp_shared.get_printable_qty(poll.line_location_id,poll.quantity_received, epoa.quantity, epoa.shipped_quantity) ,
DECODE(NVL(poll.closed_code, 'OPEN'),'CLOSED', 'Closed', 'CLOSED FOR RECEIVING', 'Closed', 'FINALLY CLOSED', 'Closed', DECODE(poh.frozen_flag, 'Y', 'Pending', DECODE(DECODE(por.po_release_id,NULL,poh.authorization_status,por.authorization_status),'REQUIRES REAPPROVAL','Pending', 'IN PROCESS', 'Pending', 'PRE-APPROVED','Pending', 'Open'))),
DECODE(epoa.status, NULL, 'New', 'New', 'New', DECODE(epoa.po_price, poll.price_override, DECODE(TRUNC(epoa.po_promised_date), TRUNC(NVL(poll.promised_date, poll.need_by_date)),DECODE(epoa.po_quantity, poll.quantity,DECODE(epoa.po_item_revision, pol.item_revision, epoa.status, 'Revised'), 'Revised'), 'Revised'), 'Revised')),
haou2.attribute14,
pol.vendor_product_num,
end_erp_shared.invoicable_quantity(poll.line_location_id,cqc.value),
poh.attribute14,
poll.quantity,
DECODE(SIGN(poll.quantity - NVL(poll.quantity_received, 0) - NVL(poll.quantity_cancelled, 0)),-1,0,0,0,1,poll.quantity - NVL(poll.quantity_received, 0) - NVL(poll.quantity_cancelled, 0)),
poll.need_by_date,
(SELECT pa.full_name FROM po_distributions_all pda, po_line_locations_all lineloc, per_all_people_f pa WHERE pa.person_id = pda.deliver_to_person_id AND pa.effective_end_date > SYSDATE AND pda.line_location_id = lineloc.line_location_id AND poll.line_location_id = lineloc.line_location_id AND rownum = 1),
end_erp_shared.get_project_number(poll.line_location_id),
end_erp_shared.is_open_sdr_exists(poll.line_location_id),
pol.item_description,
pol.attribute3,
pv.segment1,
epoa.created_by_name,
pv.vendor_name,
pvsa.attribute16,
papfb.full_name,
pvsa.vendor_site_code,
poll.line_location_id,
1,
DECODE(epoa.status, NULL, 'New', 'New', 'New', DECODE(epoa.po_price, poll.price_override, DECODE(TRUNC(epoa.po_promised_date), TRUNC(NVL(poll.promised_date, poll.need_by_date)),DECODE(epoa.po_quantity, poll.quantity,DECODE(epoa.po_item_revision, pol.item_revision, epoa.status, 'Revised'), 'Revised'), 'Revised'), 'Revised')),
epoa.mrp_status,
poll.promised_date,
poll.price_override,
epoa.attachments,
epoa.invoice_tran_fail,
epoa.ship_tran_fail,
poh.vendor_site_id||':'||poh.org_id,
poll.quantity,
poll.closed_code,
DECODE(NVL(poll.closed_code, 'OPEN'),'CLOSED', 'Closed', 'CLOSED FOR RECEIVING', 'Closed', 'FINALLY CLOSED', 'Closed', DECODE(poh.frozen_flag, 'Y', 'Pending', DECODE(DECODE(por.po_release_id,NULL,poh.authorization_status,por.authorization_status),'REQUIRES REAPPROVAL','Pending', 'IN PROCESS', 'Pending', 'PRE-APPROVED','Pending', 'Open'))),
XXXL_IS_PO_BLIND(poh.po_header_id, por.po_release_id) ) as row_number FROM ap_terms apt,end_poc_ora_approvals epoa,end_poc_ora_header_status epohs,mtl_system_items_b_kfv msi,hr_all_organization_units haou,hr_all_organization_units haou2,(SELECT * 
   FROM (SELECT ROW_NUMBER() OVER (PARTITION BY person_id ORDER BY effective_start_date DESC) AS record_num_desc, 
           papfb.* 
      FROM per_all_people_f papfb) 
     WHERE record_num_desc = 1) papfb,po_headers_all poh,po_line_locations_all poll,po_lines_all pol,po_releases_all por,rcv_parameters rcv,po_vendor_contacts pvc,po_vendors pv,po_vendor_sites_all pvsa,
       ap_tax_codes_all atc, (SELECT 'N' value FROM dual) cqc WHERE poh.terms_id=apt.term_id(+) AND poll.po_release_id=por.po_release_id(+) AND poh.vendor_contact_id=pvc.vendor_contact_id(+) AND poh.vendor_site_id=pvc.vendor_site_id(+) AND NVL(por.agent_id, poh.agent_id) = papfb.person_id AND poll.po_line_id=pol.po_line_id AND poll.po_header_id=poh.po_header_id AND rcv.organization_id=poll.ship_to_organization_id AND msi.inventory_item_id(+)=pol.item_id AND poll.ship_to_organization_id = NVL(msi.organization_id, poll.ship_to_organization_id) AND haou.organization_id=poll.ship_to_organization_id AND haou2.organization_id=poh.org_id AND poll.line_location_id=epoa.po_line_location_id(+) AND poh.po_header_id=epohs.po_header_id(+) AND poh.vendor_id=pv.vendor_id AND pvsa.vendor_site_id=poh.vendor_site_id AND pvsa.vendor_id=pv.vendor_id AND poh.authorization_status in ('APPROVED', 'REQUIRES REAPPROVAL', 'IN PROCESS', 'PRE-APPROVED') AND NVL(por.authorization_status,'APPROVED') in ('APPROVED', 'REQUIRES REAPPROVAL', 'IN PROCESS', 'PRE-APPROVED') AND poh.type_lookup_code IN ('STANDARD', 'BLANKET', 'PLANNED') AND NVL(poll.approved_flag, 'N') IN ('Y', 'R', 'N') AND poll.shipment_type IN ('STANDARD', 'BLANKET', 'SCHEDULED')
   AND atc.tax_id(+)=poll.tax_code_id AND poh.org_id=poll.org_id AND pol.org_id=poll.org_id AND por.org_id(+)=poll.org_id
   AND (poll.org_id IN (?,?)) AND  ROWNUM <= 10001 ) where row_number between 1 and 26 order by row_number
Message: ORA-00904: "PVSA"."ATTRIBUTE16": invalid identifier

Message: ORA-00904: "PVSA"."ATTRIBUTE16": invalid identifier


Build info: version: '4.0.0-alpha-3', revision: '8c567de6dc'
System info: host: 'JUMPBOX-WIN2016', ip: '10.228.0.127', os.name: 'Windows Server 2016', os.arch: 'amd64', os.version: '10.0', java.version: '16.0.2'
Driver info: org.openqa.selenium.chrome.ChromeDriver
Capabilities {acceptInsecureCerts: false, browserName: chrome, browserVersion: 94.0.4606.71, chrome: {chromedriverVersion: 94.0.4606.61 (418b78f5838ed..., userDataDir: C:\Users\JUMPBO~1\AppData\L...}, goog:chromeOptions: {debuggerAddress: localhost:57416}, javascriptEnabled: true, networkConnectionEnabled: false, pageLoadStrategy: normal, platform: WINDOWS, platformName: WINDOWS, proxy: Proxy(), setWindowRect: true, strictFileInteractability: false, timeouts: {implicit: 0, pageLoad: 300000, script: 30000}, unhandledPromptBehavior: dismiss and notify, webauthn:extension:credBlob: true, webauthn:extension:largeBlob: true, webauthn:virtualAuthenticators: true}
Session ID: e5fb5a59462c5d9e83e0e1c1032a0338
*** Element info: {Using=xpath, value=//*[@id='searchResultsFormId']/table[1]/tbody/tr[1]/td/table/tbody/tr/td[3]}
at org.openqa.selenium.remote.codec.w3c.W3CHttpResponseCodec.decode(W3CHttpResponseCodec.java:123)
at org.openqa.selenium.remote.codec.w3c.W3CHttpResponseCodec.decode(W3CHttpResponseCodec.java:52)
at org.openqa.selenium.remote.HttpCommandExecutor.execute(HttpCommandExecutor.java:161)
at org.openqa.selenium.remote.service.DriverCommandExecutor.execute(DriverCommandExecutor.java:83)
at org.openqa.selenium.remote.RemoteWebDriver.execute(RemoteWebDriver.java:576)
at org.openqa.selenium.remote.RemoteWebDriver.findElement(RemoteWebDriver.java:327)
at org.openqa.selenium.remote.RemoteWebDriver.findElementByXPath(RemoteWebDriver.java:445)
at org.openqa.selenium.By$ByXPath.findElement(By.java:396)
at org.openqa.selenium.remote.RemoteWebDriver.findElement(RemoteWebDriver.java:319)
at stepDefinitions.EndeavourCommonSteps.totalSearchResultsShouldBeAsPerTheLookup(EndeavourCommonSteps.java:50)
at ✽.Total search results should be as per the lookup(file:///C:/Users/jumpboxadmin/git/Connect-Automation/Connect_Automation/src/test/resources/features/setup/ManageLookups.feature:85)
]]>
    </failure>
  </testcase> <!-- runScenario -->
  <testcase classname="io.cucumber.testng.AbstractTestNGCucumberTests" name="runScenario" time="6.655">
    <failure type="org.openqa.selenium.UnhandledAlertException" message="unexpected alert open: {Alert text : Message: A namespace with that name already exists
}
  (Session info: chrome=94.0.4606.71): Message: A namespace with that name already exists

Build info: version: &amp;apos;4.0.0-alpha-3&amp;apos;, revision: &amp;apos;8c567de6dc&amp;apos;
System info: host: &amp;apos;JUMPBOX-WIN2016&amp;apos;, ip: &amp;apos;10.228.0.127&amp;apos;, os.name: &amp;apos;Windows Server 2016&amp;apos;, os.arch: &amp;apos;amd64&amp;apos;, os.version: &amp;apos;10.0&amp;apos;, java.version: &amp;apos;16.0.2&amp;apos;
Driver info: org.openqa.selenium.chrome.ChromeDriver
Capabilities {acceptInsecureCerts: false, browserName: chrome, browserVersion: 94.0.4606.71, chrome: {chromedriverVersion: 94.0.4606.61 (418b78f5838ed..., userDataDir: C:\Users\JUMPBO~1\AppData\L...}, goog:chromeOptions: {debuggerAddress: localhost:57829}, javascriptEnabled: true, networkConnectionEnabled: false, pageLoadStrategy: normal, platform: WINDOWS, platformName: WINDOWS, proxy: Proxy(), setWindowRect: true, strictFileInteractability: false, timeouts: {implicit: 0, pageLoad: 300000, script: 30000}, unhandledPromptBehavior: dismiss and notify, webauthn:extension:credBlob: true, webauthn:extension:largeBlob: true, webauthn:virtualAuthenticators: true}
Session ID: 3d385dcb2aaa243707ec440458fb8fd9">
      <![CDATA[org.openqa.selenium.UnhandledAlertException: unexpected alert open: {Alert text : Message: A namespace with that name already exists
}
  (Session info: chrome=94.0.4606.71): Message: A namespace with that name already exists

Build info: version: '4.0.0-alpha-3', revision: '8c567de6dc'
System info: host: 'JUMPBOX-WIN2016', ip: '10.228.0.127', os.name: 'Windows Server 2016', os.arch: 'amd64', os.version: '10.0', java.version: '16.0.2'
Driver info: org.openqa.selenium.chrome.ChromeDriver
Capabilities {acceptInsecureCerts: false, browserName: chrome, browserVersion: 94.0.4606.71, chrome: {chromedriverVersion: 94.0.4606.61 (418b78f5838ed..., userDataDir: C:\Users\JUMPBO~1\AppData\L...}, goog:chromeOptions: {debuggerAddress: localhost:57829}, javascriptEnabled: true, networkConnectionEnabled: false, pageLoadStrategy: normal, platform: WINDOWS, platformName: WINDOWS, proxy: Proxy(), setWindowRect: true, strictFileInteractability: false, timeouts: {implicit: 0, pageLoad: 300000, script: 30000}, unhandledPromptBehavior: dismiss and notify, webauthn:extension:credBlob: true, webauthn:extension:largeBlob: true, webauthn:virtualAuthenticators: true}
Session ID: 3d385dcb2aaa243707ec440458fb8fd9
at org.openqa.selenium.remote.codec.w3c.W3CHttpResponseCodec.decode(W3CHttpResponseCodec.java:123)
at org.openqa.selenium.remote.codec.w3c.W3CHttpResponseCodec.decode(W3CHttpResponseCodec.java:52)
at org.openqa.selenium.remote.HttpCommandExecutor.execute(HttpCommandExecutor.java:161)
at org.openqa.selenium.remote.service.DriverCommandExecutor.execute(DriverCommandExecutor.java:83)
at org.openqa.selenium.remote.RemoteWebDriver.execute(RemoteWebDriver.java:576)
at org.openqa.selenium.remote.RemoteWebDriver$RemoteTargetLocator.defaultContent(RemoteWebDriver.java:993)
at stepDefinitions.setup.ManageNamespaces.userEntersNamespace_nameToSearchANamespace(ManageNamespaces.java:63)
at ✽.User enters Namespace_name[0] to search a Namespace(file:///C:/Users/jumpboxadmin/git/Connect-Automation/Connect_Automation/src/test/resources/features/setup/ManageNamespaces.feature:21)
]]>
    </failure>
  </testcase> <!-- runScenario -->
  <testcase classname="io.cucumber.testng.AbstractTestNGCucumberTests" name="runScenario" time="35.202">
    <failure type="org.openqa.selenium.NoSuchElementException" message="no such element: Unable to locate element: {&amp;quot;method&amp;quot;:&amp;quot;xpath&amp;quot;,&amp;quot;selector&amp;quot;:&amp;quot;//*[@id=&amp;apos;unique_id&amp;apos;]/tbody/tr[2]/td[4]&amp;quot;}
  (Session info: chrome=94.0.4606.71)
For documentation on this error, please visit: https://www.seleniumhq.org/exceptions/no_such_element.html
Build info: version: &amp;apos;4.0.0-alpha-3&amp;apos;, revision: &amp;apos;8c567de6dc&amp;apos;
System info: host: &amp;apos;JUMPBOX-WIN2016&amp;apos;, ip: &amp;apos;10.228.0.127&amp;apos;, os.name: &amp;apos;Windows Server 2016&amp;apos;, os.arch: &amp;apos;amd64&amp;apos;, os.version: &amp;apos;10.0&amp;apos;, java.version: &amp;apos;16.0.2&amp;apos;
Driver info: org.openqa.selenium.chrome.ChromeDriver
Capabilities {acceptInsecureCerts: false, browserName: chrome, browserVersion: 94.0.4606.71, chrome: {chromedriverVersion: 94.0.4606.61 (418b78f5838ed..., userDataDir: C:\Users\JUMPBO~1\AppData\L...}, goog:chromeOptions: {debuggerAddress: localhost:50838}, javascriptEnabled: true, networkConnectionEnabled: false, pageLoadStrategy: normal, platform: WINDOWS, platformName: WINDOWS, proxy: Proxy(), setWindowRect: true, strictFileInteractability: false, timeouts: {implicit: 0, pageLoad: 300000, script: 30000}, unhandledPromptBehavior: dismiss and notify, webauthn:extension:credBlob: true, webauthn:extension:largeBlob: true, webauthn:virtualAuthenticators: true}
Session ID: 958297b75d68e84830b6eefcb68bca8b
*** Element info: {Using=xpath, value=//*[@id=&amp;apos;unique_id&amp;apos;]/tbody/tr[2]/td[4]}">
      <![CDATA[org.openqa.selenium.NoSuchElementException: no such element: Unable to locate element: {"method":"xpath","selector":"//*[@id='unique_id']/tbody/tr[2]/td[4]"}
  (Session info: chrome=94.0.4606.71)
For documentation on this error, please visit: https://www.seleniumhq.org/exceptions/no_such_element.html
Build info: version: '4.0.0-alpha-3', revision: '8c567de6dc'
System info: host: 'JUMPBOX-WIN2016', ip: '10.228.0.127', os.name: 'Windows Server 2016', os.arch: 'amd64', os.version: '10.0', java.version: '16.0.2'
Driver info: org.openqa.selenium.chrome.ChromeDriver
Capabilities {acceptInsecureCerts: false, browserName: chrome, browserVersion: 94.0.4606.71, chrome: {chromedriverVersion: 94.0.4606.61 (418b78f5838ed..., userDataDir: C:\Users\JUMPBO~1\AppData\L...}, goog:chromeOptions: {debuggerAddress: localhost:50838}, javascriptEnabled: true, networkConnectionEnabled: false, pageLoadStrategy: normal, platform: WINDOWS, platformName: WINDOWS, proxy: Proxy(), setWindowRect: true, strictFileInteractability: false, timeouts: {implicit: 0, pageLoad: 300000, script: 30000}, unhandledPromptBehavior: dismiss and notify, webauthn:extension:credBlob: true, webauthn:extension:largeBlob: true, webauthn:virtualAuthenticators: true}
Session ID: 958297b75d68e84830b6eefcb68bca8b
*** Element info: {Using=xpath, value=//*[@id='unique_id']/tbody/tr[2]/td[4]}
at org.openqa.selenium.remote.codec.w3c.W3CHttpResponseCodec.createException(W3CHttpResponseCodec.java:191)
at org.openqa.selenium.remote.codec.w3c.W3CHttpResponseCodec.decode(W3CHttpResponseCodec.java:125)
at org.openqa.selenium.remote.codec.w3c.W3CHttpResponseCodec.decode(W3CHttpResponseCodec.java:52)
at org.openqa.selenium.remote.HttpCommandExecutor.execute(HttpCommandExecutor.java:161)
at org.openqa.selenium.remote.service.DriverCommandExecutor.execute(DriverCommandExecutor.java:83)
at org.openqa.selenium.remote.RemoteWebDriver.execute(RemoteWebDriver.java:576)
at org.openqa.selenium.remote.RemoteWebDriver.findElement(RemoteWebDriver.java:327)
at org.openqa.selenium.remote.RemoteWebDriver.findElementByXPath(RemoteWebDriver.java:445)
at org.openqa.selenium.By$ByXPath.findElement(By.java:396)
at org.openqa.selenium.remote.RemoteWebDriver.findElement(RemoteWebDriver.java:319)
at stepDefinitions.setup.ManageNamespaces.namespaceWithClass_nameShouldBeDisplayedInSearchResults(ManageNamespaces.java:89)
at ✽.Namespace with Class_name[0] should be displayed in search results(file:///C:/Users/jumpboxadmin/git/Connect-Automation/Connect_Automation/src/test/resources/features/setup/ManageNamespaces.feature:29)
... Removed 5 stack frames]]>
    </failure>
  </testcase> <!-- runScenario -->
  <testcase classname="io.cucumber.testng.AbstractTestNGCucumberTests" name="runScenario" time="36.415">
    <failure type="org.openqa.selenium.NoSuchElementException" message="no such element: Unable to locate element: {&amp;quot;method&amp;quot;:&amp;quot;xpath&amp;quot;,&amp;quot;selector&amp;quot;:&amp;quot;//*[@id=&amp;apos;unique_id&amp;apos;]/tbody/tr[2]/td[3]&amp;quot;}
  (Session info: chrome=94.0.4606.71)
For documentation on this error, please visit: https://www.seleniumhq.org/exceptions/no_such_element.html
Build info: version: &amp;apos;4.0.0-alpha-3&amp;apos;, revision: &amp;apos;8c567de6dc&amp;apos;
System info: host: &amp;apos;JUMPBOX-WIN2016&amp;apos;, ip: &amp;apos;10.228.0.127&amp;apos;, os.name: &amp;apos;Windows Server 2016&amp;apos;, os.arch: &amp;apos;amd64&amp;apos;, os.version: &amp;apos;10.0&amp;apos;, java.version: &amp;apos;16.0.2&amp;apos;
Driver info: org.openqa.selenium.chrome.ChromeDriver
Capabilities {acceptInsecureCerts: false, browserName: chrome, browserVersion: 94.0.4606.71, chrome: {chromedriverVersion: 94.0.4606.61 (418b78f5838ed..., userDataDir: C:\Users\JUMPBO~1\AppData\L...}, goog:chromeOptions: {debuggerAddress: localhost:54385}, javascriptEnabled: true, networkConnectionEnabled: false, pageLoadStrategy: normal, platform: WINDOWS, platformName: WINDOWS, proxy: Proxy(), setWindowRect: true, strictFileInteractability: false, timeouts: {implicit: 0, pageLoad: 300000, script: 30000}, unhandledPromptBehavior: dismiss and notify, webauthn:extension:credBlob: true, webauthn:extension:largeBlob: true, webauthn:virtualAuthenticators: true}
Session ID: 143d5ad8fba57a6cef0895950e1a257b
*** Element info: {Using=xpath, value=//*[@id=&amp;apos;unique_id&amp;apos;]/tbody/tr[2]/td[3]}">
      <![CDATA[org.openqa.selenium.NoSuchElementException: no such element: Unable to locate element: {"method":"xpath","selector":"//*[@id='unique_id']/tbody/tr[2]/td[3]"}
  (Session info: chrome=94.0.4606.71)
For documentation on this error, please visit: https://www.seleniumhq.org/exceptions/no_such_element.html
Build info: version: '4.0.0-alpha-3', revision: '8c567de6dc'
System info: host: 'JUMPBOX-WIN2016', ip: '10.228.0.127', os.name: 'Windows Server 2016', os.arch: 'amd64', os.version: '10.0', java.version: '16.0.2'
Driver info: org.openqa.selenium.chrome.ChromeDriver
Capabilities {acceptInsecureCerts: false, browserName: chrome, browserVersion: 94.0.4606.71, chrome: {chromedriverVersion: 94.0.4606.61 (418b78f5838ed..., userDataDir: C:\Users\JUMPBO~1\AppData\L...}, goog:chromeOptions: {debuggerAddress: localhost:54385}, javascriptEnabled: true, networkConnectionEnabled: false, pageLoadStrategy: normal, platform: WINDOWS, platformName: WINDOWS, proxy: Proxy(), setWindowRect: true, strictFileInteractability: false, timeouts: {implicit: 0, pageLoad: 300000, script: 30000}, unhandledPromptBehavior: dismiss and notify, webauthn:extension:credBlob: true, webauthn:extension:largeBlob: true, webauthn:virtualAuthenticators: true}
Session ID: 143d5ad8fba57a6cef0895950e1a257b
*** Element info: {Using=xpath, value=//*[@id='unique_id']/tbody/tr[2]/td[3]}
at org.openqa.selenium.remote.codec.w3c.W3CHttpResponseCodec.createException(W3CHttpResponseCodec.java:191)
at org.openqa.selenium.remote.codec.w3c.W3CHttpResponseCodec.decode(W3CHttpResponseCodec.java:125)
at org.openqa.selenium.remote.codec.w3c.W3CHttpResponseCodec.decode(W3CHttpResponseCodec.java:52)
at org.openqa.selenium.remote.HttpCommandExecutor.execute(HttpCommandExecutor.java:161)
at org.openqa.selenium.remote.service.DriverCommandExecutor.execute(DriverCommandExecutor.java:83)
at org.openqa.selenium.remote.RemoteWebDriver.execute(RemoteWebDriver.java:576)
at org.openqa.selenium.remote.RemoteWebDriver.findElement(RemoteWebDriver.java:327)
at org.openqa.selenium.remote.RemoteWebDriver.findElementByXPath(RemoteWebDriver.java:445)
at org.openqa.selenium.By$ByXPath.findElement(By.java:396)
at org.openqa.selenium.remote.RemoteWebDriver.findElement(RemoteWebDriver.java:319)
at org.openqa.selenium.support.pagefactory.DefaultElementLocator.findElement(DefaultElementLocator.java:70)
at org.openqa.selenium.support.pagefactory.internal.LocatingElementHandler.invoke(LocatingElementHandler.java:39)
at jdk.proxy2/jdk.proxy2.$Proxy26.getText(Unknown Source)
at stepDefinitions.setup.ManageNamespaces.namespaceWithNamespace_nameShouldBeDisplayedInSearchResults(ManageNamespaces.java:76)
at ✽.Namespace with Namespace_name[0] should be displayed in search results(file:///C:/Users/jumpboxadmin/git/Connect-Automation/Connect_Automation/src/test/resources/features/setup/ManageNamespaces.feature:35)
... Removed 5 stack frames]]>
    </failure>
  </testcase> <!-- runScenario -->
  <testcase classname="io.cucumber.testng.AbstractTestNGCucumberTests" name="runScenario" time="35.577">
    <failure type="org.openqa.selenium.NoSuchElementException" message="no such element: Unable to locate element: {&amp;quot;method&amp;quot;:&amp;quot;xpath&amp;quot;,&amp;quot;selector&amp;quot;:&amp;quot;//*[@id=&amp;apos;unique_id&amp;apos;]/tbody/tr[2]/td[3]&amp;quot;}
  (Session info: chrome=94.0.4606.71)
For documentation on this error, please visit: https://www.seleniumhq.org/exceptions/no_such_element.html
Build info: version: &amp;apos;4.0.0-alpha-3&amp;apos;, revision: &amp;apos;8c567de6dc&amp;apos;
System info: host: &amp;apos;JUMPBOX-WIN2016&amp;apos;, ip: &amp;apos;10.228.0.127&amp;apos;, os.name: &amp;apos;Windows Server 2016&amp;apos;, os.arch: &amp;apos;amd64&amp;apos;, os.version: &amp;apos;10.0&amp;apos;, java.version: &amp;apos;16.0.2&amp;apos;
Driver info: org.openqa.selenium.chrome.ChromeDriver
Capabilities {acceptInsecureCerts: false, browserName: chrome, browserVersion: 94.0.4606.71, chrome: {chromedriverVersion: 94.0.4606.61 (418b78f5838ed..., userDataDir: C:\Users\JUMPBO~1\AppData\L...}, goog:chromeOptions: {debuggerAddress: localhost:57392}, javascriptEnabled: true, networkConnectionEnabled: false, pageLoadStrategy: normal, platform: WINDOWS, platformName: WINDOWS, proxy: Proxy(), setWindowRect: true, strictFileInteractability: false, timeouts: {implicit: 0, pageLoad: 300000, script: 30000}, unhandledPromptBehavior: dismiss and notify, webauthn:extension:credBlob: true, webauthn:extension:largeBlob: true, webauthn:virtualAuthenticators: true}
Session ID: a60239149323a748d673177f3113eac4
*** Element info: {Using=xpath, value=//*[@id=&amp;apos;unique_id&amp;apos;]/tbody/tr[2]/td[3]}">
      <![CDATA[org.openqa.selenium.NoSuchElementException: no such element: Unable to locate element: {"method":"xpath","selector":"//*[@id='unique_id']/tbody/tr[2]/td[3]"}
  (Session info: chrome=94.0.4606.71)
For documentation on this error, please visit: https://www.seleniumhq.org/exceptions/no_such_element.html
Build info: version: '4.0.0-alpha-3', revision: '8c567de6dc'
System info: host: 'JUMPBOX-WIN2016', ip: '10.228.0.127', os.name: 'Windows Server 2016', os.arch: 'amd64', os.version: '10.0', java.version: '16.0.2'
Driver info: org.openqa.selenium.chrome.ChromeDriver
Capabilities {acceptInsecureCerts: false, browserName: chrome, browserVersion: 94.0.4606.71, chrome: {chromedriverVersion: 94.0.4606.61 (418b78f5838ed..., userDataDir: C:\Users\JUMPBO~1\AppData\L...}, goog:chromeOptions: {debuggerAddress: localhost:57392}, javascriptEnabled: true, networkConnectionEnabled: false, pageLoadStrategy: normal, platform: WINDOWS, platformName: WINDOWS, proxy: Proxy(), setWindowRect: true, strictFileInteractability: false, timeouts: {implicit: 0, pageLoad: 300000, script: 30000}, unhandledPromptBehavior: dismiss and notify, webauthn:extension:credBlob: true, webauthn:extension:largeBlob: true, webauthn:virtualAuthenticators: true}
Session ID: a60239149323a748d673177f3113eac4
*** Element info: {Using=xpath, value=//*[@id='unique_id']/tbody/tr[2]/td[3]}
at org.openqa.selenium.remote.codec.w3c.W3CHttpResponseCodec.createException(W3CHttpResponseCodec.java:191)
at org.openqa.selenium.remote.codec.w3c.W3CHttpResponseCodec.decode(W3CHttpResponseCodec.java:125)
at org.openqa.selenium.remote.codec.w3c.W3CHttpResponseCodec.decode(W3CHttpResponseCodec.java:52)
at org.openqa.selenium.remote.HttpCommandExecutor.execute(HttpCommandExecutor.java:161)
at org.openqa.selenium.remote.service.DriverCommandExecutor.execute(DriverCommandExecutor.java:83)
at org.openqa.selenium.remote.RemoteWebDriver.execute(RemoteWebDriver.java:576)
at org.openqa.selenium.remote.RemoteWebDriver.findElement(RemoteWebDriver.java:327)
at org.openqa.selenium.remote.RemoteWebDriver.findElementByXPath(RemoteWebDriver.java:445)
at org.openqa.selenium.By$ByXPath.findElement(By.java:396)
at org.openqa.selenium.remote.RemoteWebDriver.findElement(RemoteWebDriver.java:319)
at org.openqa.selenium.support.pagefactory.DefaultElementLocator.findElement(DefaultElementLocator.java:70)
at org.openqa.selenium.support.pagefactory.internal.LocatingElementHandler.invoke(LocatingElementHandler.java:39)
at jdk.proxy2/jdk.proxy2.$Proxy26.getText(Unknown Source)
at stepDefinitions.setup.ManageNamespaces.namespaceWithNamespace_nameShouldBeDisplayedInSearchResults(ManageNamespaces.java:76)
at ✽.Namespace with Namespace_name[1] should be displayed in search results(file:///C:/Users/jumpboxadmin/git/Connect-Automation/Connect_Automation/src/test/resources/features/setup/ManageNamespaces.feature:47)
... Removed 5 stack frames]]>
    </failure>
  </testcase> <!-- runScenario -->
</testsuite> <!-- Default test(failed) -->
