<html>
<head>
<title>TestNG:  Default test</title>
<link href="../testng.css" rel="stylesheet" type="text/css" />
<link href="../my-testng.css" rel="stylesheet" type="text/css" />

<style type="text/css">
.log { display: none;} 
.stack-trace { display: none;} 
</style>
<script type="text/javascript">
<!--
function flip(e) {
  current = e.style.display;
  if (current == 'block') {
    e.style.display = 'none';
    return 0;
  }
  else {
    e.style.display = 'block';
    return 1;
  }
}

function toggleBox(szDivId, elem, msg1, msg2)
{
  var res = -1;  if (document.getElementById) {
    res = flip(document.getElementById(szDivId));
  }
  else if (document.all) {
    // this is the way old msie versions work
    res = flip(document.all[szDivId]);
  }
  if(elem) {
    if(res == 0) elem.innerHTML = msg1; else elem.innerHTML = msg2;
  }

}

function toggleAllBoxes() {
  if (document.getElementsByTagName) {
    d = document.getElementsByTagName('div');
    for (i = 0; i < d.length; i++) {
      if (d[i].className == 'log') {
        flip(d[i]);
      }
    }
  }
}

// -->
</script>

</head>
<body>
<h2 align='center'>Default test</h2><table border='1' align="center">
<tr>
<td>Tests passed/Failed/Skipped:</td><td>95/13/0</td>
</tr><tr>
<td>Started on:</td><td>Wed Oct 13 00:18:20 CDT 2021</td>
</tr>
<tr><td>Total time:</td><td>1902 seconds (1902943 ms)</td>
</tr><tr>
<td>Included groups:</td><td></td>
</tr><tr>
<td>Excluded groups:</td><td></td>
</tr>
</table><p/>
<small><i>(Hover the method name to see the test class name)</i></small><p/>
<table width='100%' border='1' class='invocation-failed'>
<tr><td colspan='4' align='center'><b>FAILED TESTS</b></td></tr>
<tr><td><b>Test method</b></td>
<td width="30%"><b>Exception</b></td>
<td width="10%"><b>Time (seconds)</b></td>
<td><b>Instance</b></td>
</tr>
<tr>
<td title='runner.Runner.runScenario()'><b>runScenario</b><br>Test class: runner.Runner<br>Test method: Runs Cucumber Scenarios<br>Parameters: "Delete Printer", "Optional[Add,Search,Edit,Export,Delete Printers]"</td>
<td><div><pre>org.openqa.selenium.NoSuchElementException: no such element: Unable to locate element: {&quot;method&quot;:&quot;css selector&quot;,&quot;selector&quot;:&quot;*[name=&apos;search_name&apos;]&quot;}
  (Session info: chrome=94.0.4606.71)
For documentation on this error, please visit: https://www.seleniumhq.org/exceptions/no_such_element.html
Build info: version: &apos;4.0.0-alpha-3&apos;, revision: &apos;8c567de6dc&apos;
System info: host: &apos;JUMPBOX-WIN2016&apos;, ip: &apos;10.228.0.127&apos;, os.name: &apos;Windows Server 2016&apos;, os.arch: &apos;amd64&apos;, os.version: &apos;10.0&apos;, java.version: &apos;16.0.2&apos;
Driver info: org.openqa.selenium.chrome.ChromeDriver
Capabilities {acceptInsecureCerts: false, browserName: chrome, browserVersion: 94.0.4606.71, chrome: {chromedriverVersion: 94.0.4606.61 (418b78f5838ed..., userDataDir: C:\Users\JUMPBO~1\AppData\L...}, goog:chromeOptions: {debuggerAddress: localhost:51218}, javascriptEnabled: true, networkConnectionEnabled: false, pageLoadStrategy: normal, platform: WINDOWS, platformName: WINDOWS, proxy: Proxy(), setWindowRect: true, strictFileInteractability: false, timeouts: {implicit: 0, pageLoad: 300000, script: 30000}, unhandledPromptBehavior: dismiss and notify, webauthn:extension:credBlob: true, webauthn:extension:largeBlob: true, webauthn:virtualAuthenticators: true}
Session ID: 181fa125b214286e20c758722ead15ea
*** Element info: {Using=name, value=search_name}
	at java.base/jdk.internal.reflect.NativeConstructorAccessorImpl.newInstance0(Native Method)
	at java.base/jdk.internal.reflect.NativeConstructorAccessorImpl.newInstance(NativeConstructorAccessorImpl.java:78)
	at java.base/jdk.internal.reflect.DelegatingConstructorAccessorImpl.newInstance(DelegatingConstructorAccessorImpl.java:45)
	at java.base/java.lang.reflect.Constructor.newInstanceWithCaller(Constructor.java:499)
	at java.base/java.lang.reflect.Constructor.newInstance(Constructor.java:480)
	at org.openqa.selenium.remote.codec.w3c.W3CHttpResponseCodec.createException(W3CHttpResponseCodec.java:191)
	at org.openqa.selenium.remote.codec.w3c.W3CHttpResponseCodec.decode(W3CHttpResponseCodec.java:125)
	at org.openqa.selenium.remote.codec.w3c.W3CHttpResponseCodec.decode(W3CHttpResponseCodec.java:52)
	at org.openqa.selenium.remote.HttpCommandExecutor.execute(HttpCommandExecutor.java:161)
	at org.openqa.selenium.remote.service.DriverCommandExecutor.execute(DriverCommandExecutor.java:83)
	at org.openqa.selenium.remote.RemoteWebDriver.execute(RemoteWebDriver.java:576)
	at org.openqa.selenium.remote.RemoteWebDriver.findElement(RemoteWebDriver.java:327)
	at org.openqa.selenium.remote.RemoteWebDriver.findElementByName(RemoteWebDriver.java:415)
	at org.openqa.selenium.By$ByName.findElement(By.java:313)
	at org.openqa.selenium.remote.RemoteWebDriver.findElement(RemoteWebDriver.java:319)
	at org.openqa.selenium.support.pagefactory.DefaultElementLocator.findElement(DefaultElementLocator.java:70)
	at org.openqa.selenium.support.pagefactory.internal.LocatingElementHandler.invoke(LocatingElementHandler.java:39)
	at jdk.proxy2/jdk.proxy2.$Proxy26.clear(Unknown Source)
	at stepDefinitions.devices.ManagePrinters.userEntersPrinter_nameToSearchAPrinter(ManagePrinters.java:101)
	at ?.User enters Printer_name[1] to search a Printer(file:///C:/Users/jumpboxadmin/git/Connect-Automation/Connect_Automation/src/test/resources/features/devices/ManagePrinters.feature:71)
</pre></div><a href='#' onClick='toggleBox("stack-trace1786466875", this, "Click to show all stack frames", "Click to hide stack frames")'>Click to show all stack frames</a>
<div class='stack-trace' id='stack-trace1786466875'><pre>org.openqa.selenium.NoSuchElementException: no such element: Unable to locate element: {&quot;method&quot;:&quot;css selector&quot;,&quot;selector&quot;:&quot;*[name=&apos;search_name&apos;]&quot;}
  (Session info: chrome=94.0.4606.71)
For documentation on this error, please visit: https://www.seleniumhq.org/exceptions/no_such_element.html
Build info: version: &apos;4.0.0-alpha-3&apos;, revision: &apos;8c567de6dc&apos;
System info: host: &apos;JUMPBOX-WIN2016&apos;, ip: &apos;10.228.0.127&apos;, os.name: &apos;Windows Server 2016&apos;, os.arch: &apos;amd64&apos;, os.version: &apos;10.0&apos;, java.version: &apos;16.0.2&apos;
Driver info: org.openqa.selenium.chrome.ChromeDriver
Capabilities {acceptInsecureCerts: false, browserName: chrome, browserVersion: 94.0.4606.71, chrome: {chromedriverVersion: 94.0.4606.61 (418b78f5838ed..., userDataDir: C:\Users\JUMPBO~1\AppData\L...}, goog:chromeOptions: {debuggerAddress: localhost:51218}, javascriptEnabled: true, networkConnectionEnabled: false, pageLoadStrategy: normal, platform: WINDOWS, platformName: WINDOWS, proxy: Proxy(), setWindowRect: true, strictFileInteractability: false, timeouts: {implicit: 0, pageLoad: 300000, script: 30000}, unhandledPromptBehavior: dismiss and notify, webauthn:extension:credBlob: true, webauthn:extension:largeBlob: true, webauthn:virtualAuthenticators: true}
Session ID: 181fa125b214286e20c758722ead15ea
*** Element info: {Using=name, value=search_name}
	at java.base/jdk.internal.reflect.NativeConstructorAccessorImpl.newInstance0(Native Method)
	at java.base/jdk.internal.reflect.NativeConstructorAccessorImpl.newInstance(NativeConstructorAccessorImpl.java:78)
	at java.base/jdk.internal.reflect.DelegatingConstructorAccessorImpl.newInstance(DelegatingConstructorAccessorImpl.java:45)
	at java.base/java.lang.reflect.Constructor.newInstanceWithCaller(Constructor.java:499)
	at java.base/java.lang.reflect.Constructor.newInstance(Constructor.java:480)
	at org.openqa.selenium.remote.codec.w3c.W3CHttpResponseCodec.createException(W3CHttpResponseCodec.java:191)
	at org.openqa.selenium.remote.codec.w3c.W3CHttpResponseCodec.decode(W3CHttpResponseCodec.java:125)
	at org.openqa.selenium.remote.codec.w3c.W3CHttpResponseCodec.decode(W3CHttpResponseCodec.java:52)
	at org.openqa.selenium.remote.HttpCommandExecutor.execute(HttpCommandExecutor.java:161)
	at org.openqa.selenium.remote.service.DriverCommandExecutor.execute(DriverCommandExecutor.java:83)
	at org.openqa.selenium.remote.RemoteWebDriver.execute(RemoteWebDriver.java:576)
	at org.openqa.selenium.remote.RemoteWebDriver.findElement(RemoteWebDriver.java:327)
	at org.openqa.selenium.remote.RemoteWebDriver.findElementByName(RemoteWebDriver.java:415)
	at org.openqa.selenium.By$ByName.findElement(By.java:313)
	at org.openqa.selenium.remote.RemoteWebDriver.findElement(RemoteWebDriver.java:319)
	at org.openqa.selenium.support.pagefactory.DefaultElementLocator.findElement(DefaultElementLocator.java:70)
	at org.openqa.selenium.support.pagefactory.internal.LocatingElementHandler.invoke(LocatingElementHandler.java:39)
	at jdk.proxy2/jdk.proxy2.$Proxy26.clear(Unknown Source)
	at stepDefinitions.devices.ManagePrinters.userEntersPrinter_nameToSearchAPrinter(ManagePrinters.java:101)
	at ?.User enters Printer_name[1] to search a Printer(file:///C:/Users/jumpboxadmin/git/Connect-Automation/Connect_Automation/src/test/resources/features/devices/ManagePrinters.feature:71)
</pre></div></td>
<td>33</td>
<td>runner.Runner@64bce832</td></tr>
<tr>
<td title='runner.Runner.runScenario()'><b>runScenario</b><br>Test class: runner.Runner<br>Test method: Runs Cucumber Scenarios<br>Parameters: "Enable a Company", "Optional[Add,Edit,Enable,Disable,Export Companies records]"</td>
<td><div><pre>java.lang.IndexOutOfBoundsException: Index 7 out of bounds for length 7
	at java.base/jdk.internal.util.Preconditions.outOfBounds(Preconditions.java:64)
	at java.base/jdk.internal.util.Preconditions.outOfBoundsCheckIndex(Preconditions.java:70)
	at java.base/jdk.internal.util.Preconditions.checkIndex(Preconditions.java:266)
	at java.base/java.util.Objects.checkIndex(Objects.java:359)
	at java.base/java.util.ArrayList.get(ArrayList.java:427)
	at stepDefinitions.ManageCompanies.verifyThatTheCompanyIsEnabled(ManageCompanies.java:117)
	at ?.Verify that the Company is Enabled(file:///C:/Users/jumpboxadmin/git/Connect-Automation/Connect_Automation/src/test/resources/features/ManageCompanies.feature:46)
</pre></div><a href='#' onClick='toggleBox("stack-trace1001100746", this, "Click to show all stack frames", "Click to hide stack frames")'>Click to show all stack frames</a>
<div class='stack-trace' id='stack-trace1001100746'><pre>java.lang.IndexOutOfBoundsException: Index 7 out of bounds for length 7
	at java.base/jdk.internal.util.Preconditions.outOfBounds(Preconditions.java:64)
	at java.base/jdk.internal.util.Preconditions.outOfBoundsCheckIndex(Preconditions.java:70)
	at java.base/jdk.internal.util.Preconditions.checkIndex(Preconditions.java:266)
	at java.base/java.util.Objects.checkIndex(Objects.java:359)
	at java.base/java.util.ArrayList.get(ArrayList.java:427)
	at stepDefinitions.ManageCompanies.verifyThatTheCompanyIsEnabled(ManageCompanies.java:117)
	at ?.Verify that the Company is Enabled(file:///C:/Users/jumpboxadmin/git/Connect-Automation/Connect_Automation/src/test/resources/features/ManageCompanies.feature:46)
</pre></div></td>
<td>5</td>
<td>runner.Runner@64bce832</td></tr>
<tr>
<td title='runner.Runner.runScenario()'><b>runScenario</b><br>Test class: runner.Runner<br>Test method: Runs Cucumber Scenarios<br>Parameters: "Export Field recods", "Optional[Add,Search,Edit,Export,Delete Fields]"</td>
<td><div><pre>java.lang.AssertionError: expected [false] but found [true]
	at org.testng.Assert.fail(Assert.java:99)
	at org.testng.Assert.failNotEquals(Assert.java:1037)
	at org.testng.Assert.assertEqualsImpl(Assert.java:140)
	at org.testng.Assert.assertEquals(Assert.java:122)
	at org.testng.Assert.assertEquals(Assert.java:819)
	at org.testng.Assert.assertEquals(Assert.java:829)
	at stepDefinitions.setup.ManageFields.verifyThatTheFieldRecordsXmlFileWasSuccessfullyDownloaded(ManageFields.java:235)
	at ?.Verify that the Field records xml file was successfully downloaded(file:///C:/Users/jumpboxadmin/git/Connect-Automation/Connect_Automation/src/test/resources/features/setup/ManageFields.feature:79)
</pre></div><a href='#' onClick='toggleBox("stack-trace263214324", this, "Click to show all stack frames", "Click to hide stack frames")'>Click to show all stack frames</a>
<div class='stack-trace' id='stack-trace263214324'><pre>java.lang.AssertionError: expected [false] but found [true]
	at org.testng.Assert.fail(Assert.java:99)
	at org.testng.Assert.failNotEquals(Assert.java:1037)
	at org.testng.Assert.assertEqualsImpl(Assert.java:140)
	at org.testng.Assert.assertEquals(Assert.java:122)
	at org.testng.Assert.assertEquals(Assert.java:819)
	at org.testng.Assert.assertEquals(Assert.java:829)
	at stepDefinitions.setup.ManageFields.verifyThatTheFieldRecordsXmlFileWasSuccessfullyDownloaded(ManageFields.java:235)
	at ?.Verify that the Field records xml file was successfully downloaded(file:///C:/Users/jumpboxadmin/git/Connect-Automation/Connect_Automation/src/test/resources/features/setup/ManageFields.feature:79)
</pre></div></td>
<td>669</td>
<td>runner.Runner@64bce832</td></tr>
<tr>
<td title='runner.Runner.runScenario()'><b>runScenario</b><br>Test class: runner.Runner<br>Test method: Runs Cucumber Scenarios<br>Parameters: "Search for namespace belonging to a specific class", "Optional[Add,Search,Edit,Export,Delete Namespaces]"</td>
<td><div><pre>org.openqa.selenium.NoSuchElementException: no such element: Unable to locate element: {&quot;method&quot;:&quot;xpath&quot;,&quot;selector&quot;:&quot;//*[@id=&apos;unique_id&apos;]/tbody/tr[2]/td[4]&quot;}
  (Session info: chrome=94.0.4606.71)
For documentation on this error, please visit: https://www.seleniumhq.org/exceptions/no_such_element.html
Build info: version: &apos;4.0.0-alpha-3&apos;, revision: &apos;8c567de6dc&apos;
System info: host: &apos;JUMPBOX-WIN2016&apos;, ip: &apos;10.228.0.127&apos;, os.name: &apos;Windows Server 2016&apos;, os.arch: &apos;amd64&apos;, os.version: &apos;10.0&apos;, java.version: &apos;16.0.2&apos;
Driver info: org.openqa.selenium.chrome.ChromeDriver
Capabilities {acceptInsecureCerts: false, browserName: chrome, browserVersion: 94.0.4606.71, chrome: {chromedriverVersion: 94.0.4606.61 (418b78f5838ed..., userDataDir: C:\Users\JUMPBO~1\AppData\L...}, goog:chromeOptions: {debuggerAddress: localhost:64924}, javascriptEnabled: true, networkConnectionEnabled: false, pageLoadStrategy: normal, platform: WINDOWS, platformName: WINDOWS, proxy: Proxy(), setWindowRect: true, strictFileInteractability: false, timeouts: {implicit: 0, pageLoad: 300000, script: 30000}, unhandledPromptBehavior: dismiss and notify, webauthn:extension:credBlob: true, webauthn:extension:largeBlob: true, webauthn:virtualAuthenticators: true}
Session ID: 51166dd611799d1a2222e808b0dfa859
*** Element info: {Using=xpath, value=//*[@id=&apos;unique_id&apos;]/tbody/tr[2]/td[4]}
	at java.base/jdk.internal.reflect.NativeConstructorAccessorImpl.newInstance0(Native Method)
	at java.base/jdk.internal.reflect.NativeConstructorAccessorImpl.newInstance(NativeConstructorAccessorImpl.java:78)
	at java.base/jdk.internal.reflect.DelegatingConstructorAccessorImpl.newInstance(DelegatingConstructorAccessorImpl.java:45)
	at java.base/java.lang.reflect.Constructor.newInstanceWithCaller(Constructor.java:499)
	at java.base/java.lang.reflect.Constructor.newInstance(Constructor.java:480)
	at org.openqa.selenium.remote.codec.w3c.W3CHttpResponseCodec.createException(W3CHttpResponseCodec.java:191)
	at org.openqa.selenium.remote.codec.w3c.W3CHttpResponseCodec.decode(W3CHttpResponseCodec.java:125)
	at org.openqa.selenium.remote.codec.w3c.W3CHttpResponseCodec.decode(W3CHttpResponseCodec.java:52)
	at org.openqa.selenium.remote.HttpCommandExecutor.execute(HttpCommandExecutor.java:161)
	at org.openqa.selenium.remote.service.DriverCommandExecutor.execute(DriverCommandExecutor.java:83)
	at org.openqa.selenium.remote.RemoteWebDriver.execute(RemoteWebDriver.java:576)
	at org.openqa.selenium.remote.RemoteWebDriver.findElement(RemoteWebDriver.java:327)
	at org.openqa.selenium.remote.RemoteWebDriver.findElementByXPath(RemoteWebDriver.java:445)
	at org.openqa.selenium.By$ByXPath.findElement(By.java:396)
	at org.openqa.selenium.remote.RemoteWebDriver.findElement(RemoteWebDriver.java:319)
	at stepDefinitions.setup.ManageNamespaces.namespaceWithClass_nameShouldBeDisplayedInSearchResults(ManageNamespaces.java:89)
	at ?.Namespace with Class_name[0] should be displayed in search results(file:///C:/Users/jumpboxadmin/git/Connect-Automation/Connect_Automation/src/test/resources/features/setup/ManageNamespaces.feature:29)
</pre></div><a href='#' onClick='toggleBox("stack-trace538579774", this, "Click to show all stack frames", "Click to hide stack frames")'>Click to show all stack frames</a>
<div class='stack-trace' id='stack-trace538579774'><pre>org.openqa.selenium.NoSuchElementException: no such element: Unable to locate element: {&quot;method&quot;:&quot;xpath&quot;,&quot;selector&quot;:&quot;//*[@id=&apos;unique_id&apos;]/tbody/tr[2]/td[4]&quot;}
  (Session info: chrome=94.0.4606.71)
For documentation on this error, please visit: https://www.seleniumhq.org/exceptions/no_such_element.html
Build info: version: &apos;4.0.0-alpha-3&apos;, revision: &apos;8c567de6dc&apos;
System info: host: &apos;JUMPBOX-WIN2016&apos;, ip: &apos;10.228.0.127&apos;, os.name: &apos;Windows Server 2016&apos;, os.arch: &apos;amd64&apos;, os.version: &apos;10.0&apos;, java.version: &apos;16.0.2&apos;
Driver info: org.openqa.selenium.chrome.ChromeDriver
Capabilities {acceptInsecureCerts: false, browserName: chrome, browserVersion: 94.0.4606.71, chrome: {chromedriverVersion: 94.0.4606.61 (418b78f5838ed..., userDataDir: C:\Users\JUMPBO~1\AppData\L...}, goog:chromeOptions: {debuggerAddress: localhost:64924}, javascriptEnabled: true, networkConnectionEnabled: false, pageLoadStrategy: normal, platform: WINDOWS, platformName: WINDOWS, proxy: Proxy(), setWindowRect: true, strictFileInteractability: false, timeouts: {implicit: 0, pageLoad: 300000, script: 30000}, unhandledPromptBehavior: dismiss and notify, webauthn:extension:credBlob: true, webauthn:extension:largeBlob: true, webauthn:virtualAuthenticators: true}
Session ID: 51166dd611799d1a2222e808b0dfa859
*** Element info: {Using=xpath, value=//*[@id=&apos;unique_id&apos;]/tbody/tr[2]/td[4]}
	at java.base/jdk.internal.reflect.NativeConstructorAccessorImpl.newInstance0(Native Method)
	at java.base/jdk.internal.reflect.NativeConstructorAccessorImpl.newInstance(NativeConstructorAccessorImpl.java:78)
	at java.base/jdk.internal.reflect.DelegatingConstructorAccessorImpl.newInstance(DelegatingConstructorAccessorImpl.java:45)
	at java.base/java.lang.reflect.Constructor.newInstanceWithCaller(Constructor.java:499)
	at java.base/java.lang.reflect.Constructor.newInstance(Constructor.java:480)
	at org.openqa.selenium.remote.codec.w3c.W3CHttpResponseCodec.createException(W3CHttpResponseCodec.java:191)
	at org.openqa.selenium.remote.codec.w3c.W3CHttpResponseCodec.decode(W3CHttpResponseCodec.java:125)
	at org.openqa.selenium.remote.codec.w3c.W3CHttpResponseCodec.decode(W3CHttpResponseCodec.java:52)
	at org.openqa.selenium.remote.HttpCommandExecutor.execute(HttpCommandExecutor.java:161)
	at org.openqa.selenium.remote.service.DriverCommandExecutor.execute(DriverCommandExecutor.java:83)
	at org.openqa.selenium.remote.RemoteWebDriver.execute(RemoteWebDriver.java:576)
	at org.openqa.selenium.remote.RemoteWebDriver.findElement(RemoteWebDriver.java:327)
	at org.openqa.selenium.remote.RemoteWebDriver.findElementByXPath(RemoteWebDriver.java:445)
	at org.openqa.selenium.By$ByXPath.findElement(By.java:396)
	at org.openqa.selenium.remote.RemoteWebDriver.findElement(RemoteWebDriver.java:319)
	at stepDefinitions.setup.ManageNamespaces.namespaceWithClass_nameShouldBeDisplayedInSearchResults(ManageNamespaces.java:89)
	at ?.Namespace with Class_name[0] should be displayed in search results(file:///C:/Users/jumpboxadmin/git/Connect-Automation/Connect_Automation/src/test/resources/features/setup/ManageNamespaces.feature:29)
</pre></div></td>
<td>34</td>
<td>runner.Runner@64bce832</td></tr>
<tr>
<td title='runner.Runner.runScenario()'><b>runScenario</b><br>Test class: runner.Runner<br>Test method: Runs Cucumber Scenarios<br>Parameters: "Verify Lookup functions properly", "Optional[Add,Search,Edit,Export,Delete Lookups]"</td>
<td><div><pre>org.openqa.selenium.UnhandledAlertException: unexpected alert open: {Alert text : Service message: Error in PurchaseOrderLineDAO
DAO message: Error executing: select * from (SELECT 
poll.line_location_id POL_key,
1 POL_erpCode,
DECODE(epoa.status, NULL, &apos;New&apos;, &apos;New&apos;, &apos;New&apos;, DECODE(epoa.po_price, poll.price_override, DECODE(TRUNC(epoa.po_promised_date), TRUNC(NVL(poll.promised_date, poll.need_by_date)),DECODE(epoa.po_quantity, poll.quantity,DECODE(epoa.po_item_revision, pol.item_revision, epoa.status, &apos;Revised&apos;), &apos;Revised&apos;), &apos;Revised&apos;), &apos;Revised&apos;)) POLS_status,
epoa.mrp_status POLS_mrpStatus,
poll.promised_date POL_promisedDate,
poll.price_override POL_price,
epoa.attachments POLS_attachments,
epoa.invoice_tran_fail POLS_invoiceTranFail,
epoa.ship_tran_fail POLS_shipTranFail,
poh.vendor_site_id||&apos;:&apos;||poh.org_id POL_vendorLocationKey,
poll.quantity POL_quantity,
poll.closed_code POL_closedCode,
DECODE(NVL(poll.closed_code, &apos;OPEN&apos;),&apos;CLOSED&apos;, &apos;Closed&apos;, &apos;CLOSED FOR RECEIVING&apos;, &apos;Closed&apos;, &apos;FINALLY CLOSED&apos;, &apos;Closed&apos;, DECODE(poh.frozen_flag, &apos;Y&apos;, &apos;Pending&apos;, DECODE(DECODE(por.po_release_id,NULL,poh.authorization_status,por.authorization_status),&apos;REQUIRES REAPPROVAL&apos;,&apos;Pending&apos;, &apos;IN PROCESS&apos;, &apos;Pending&apos;, &apos;PRE-APPROVED&apos;,&apos;Pending&apos;, &apos;Open&apos;))) POL_erpPoStatusCode,
XXXL_IS_PO_BLIND(poh.po_header_id, por.po_release_id) POL_maskData,
poh.type_lookup_code POL_poType,
poh.segment1 POL_poNumber,
por.release_num POL_releaseNumber,
pol.line_num POL_lineNumber,
poll.shipment_num POL_shipmentNumber,
end_erp_shared.get_printable_qty(poll.line_location_id,poll.quantity_received, epoa.quantity, epoa.shipped_quantity)  POL_printableQuantity,
haou2.attribute14 POL_businessCode,
pol.vendor_product_num POL_polVendorProductNum,
end_erp_shared.invoicable_quantity(poll.line_location_id,cqc.value) POL_invoicable,
poh.attribute14 POL_businessName,
DECODE(SIGN(poll.quantity - NVL(poll.quantity_received, 0) - NVL(poll.quantity_cancelled, 0)),-1,0,0,0,1,poll.quantity - NVL(poll.quantity_received, 0) - NVL(poll.quantity_cancelled, 0)) POL_quantityOpen,
poll.need_by_date POL_needByDate,
(SELECT pa.full_name FROM po_distributions_all pda, po_line_locations_all lineloc, per_all_people_f pa WHERE pa.person_id = pda.deliver_to_person_id AND pa.effective_end_date &gt; SYSDATE AND pda.line_location_id = lineloc.line_location_id AND poll.line_location_id = lineloc.line_location_id AND rownum = 1) POL_requestor,
end_erp_shared.get_project_number(poll.line_location_id) POL_erpProjectNumber,
end_erp_shared.is_open_sdr_exists(poll.line_location_id) POL_openSDR,
pol.item_description POL_lineDescription,
pol.attribute3 POL_poLineType,
pv.segment1 POL_vendorNumber,
epoa.created_by_name POLS_createdByName,
pv.vendor_name V_name,
pvsa.attribute16 VL_locationNumber,
papfb.full_name PO_buyerName,
pvsa.vendor_site_code VL_name,
pol.po_line_id POL_poLineId,
poh.po_header_id POL_poHeaderId,
poh.po_header_id PO_key,
poh.org_id POL_hostId 
, poll.line_location_id, epoa.status, epoa.approval_id, epoa.po_price, epoa.po_promised_date, epoa.po_quantity, epoa.po_item_revision, epoa.po_update_date, poll.price_override, NVL(poll.promised_date, poll.need_by_date), poll.quantity, NVL(pol.item_revision, (SELECT MAX(mir.revision) FROM mtl_item_revisions mir WHERE mir.inventory_item_id = pol.item_id AND mir.organization_id = poll.ship_to_organization_id AND msi.revision_qty_control_code = 2)), poll.last_update_date,
COUNT(1) OVER() as totalSearchCount, row_number() over (  ORDER BY poh.type_lookup_code,
poh.segment1,
por.release_num,
pol.line_num,
poll.shipment_num,
end_erp_shared.get_printable_qty(poll.line_location_id,poll.quantity_received, epoa.quantity, epoa.shipped_quantity) ,
DECODE(NVL(poll.closed_code, &apos;OPEN&apos;),&apos;CLOSED&apos;, &apos;Closed&apos;, &apos;CLOSED FOR RECEIVING&apos;, &apos;Closed&apos;, &apos;FINALLY CLOSED&apos;, &apos;Closed&apos;, DECODE(poh.frozen_flag, &apos;Y&apos;, &apos;Pending&apos;, DECODE(DECODE(por.po_release_id,NULL,poh.authorization_status,por.authorization_status),&apos;REQUIRES REAPPROVAL&apos;,&apos;Pending&apos;, &apos;IN PROCESS&apos;, &apos;Pending&apos;, &apos;PRE-APPROVED&apos;,&apos;Pending&apos;, &apos;Open&apos;))),
DECODE(epoa.status, NULL, &apos;New&apos;, &apos;New&apos;, &apos;New&apos;, DECODE(epoa.po_price, poll.price_override, DECODE(TRUNC(epoa.po_promised_date), TRUNC(NVL(poll.promised_date, poll.need_by_date)),DECODE(epoa.po_quantity, poll.quantity,DECODE(epoa.po_item_revision, pol.item_revision, epoa.status, &apos;Revised&apos;), &apos;Revised&apos;), &apos;Revised&apos;), &apos;Revised&apos;)),
haou2.attribute14,
pol.vendor_product_num,
end_erp_shared.invoicable_quantity(poll.line_location_id,cqc.value),
poh.attribute14,
poll.quantity,
DECODE(SIGN(poll.quantity - NVL(poll.quantity_received, 0) - NVL(poll.quantity_cancelled, 0)),-1,0,0,0,1,poll.quantity - NVL(poll.quantity_received, 0) - NVL(poll.quantity_cancelled, 0)),
poll.need_by_date,
(SELECT pa.full_name FROM po_distributions_all pda, po_line_locations_all lineloc, per_all_people_f pa WHERE pa.person_id = pda.deliver_to_person_id AND pa.effective_end_date &gt; SYSDATE AND pda.line_location_id = lineloc.line_location_id AND poll.line_location_id = lineloc.line_location_id AND rownum = 1),
end_erp_shared.get_project_number(poll.line_location_id),
end_erp_shared.is_open_sdr_exists(poll.line_location_id),
pol.item_description,
pol.attribute3,
pv.segment1,
epoa.created_by_name,
pv.vendor_name,
pvsa.attribute16,
papfb.full_name,
pvsa.vendor_site_code,
poll.line_location_id,
1,
DECODE(epoa.status, NULL, &apos;New&apos;, &apos;New&apos;, &apos;New&apos;, DECODE(epoa.po_price, poll.price_override, DECODE(TRUNC(epoa.po_promised_date), TRUNC(NVL(poll.promised_date, poll.need_by_date)),DECODE(epoa.po_quantity, poll.quantity,DECODE(epoa.po_item_revision, pol.item_revision, epoa.status, &apos;Revised&apos;), &apos;Revised&apos;), &apos;Revised&apos;), &apos;Revised&apos;)),
epoa.mrp_status,
poll.promised_date,
poll.price_override,
epoa.attachments,
epoa.invoice_tran_fail,
epoa.ship_tran_fail,
poh.vendor_site_id||&apos;:&apos;||poh.org_id,
poll.quantity,
poll.closed_code,
DECODE(NVL(poll.closed_code, &apos;OPEN&apos;),&apos;CLOSED&apos;, &apos;Closed&apos;, &apos;CLOSED FOR RECEIVING&apos;, &apos;Closed&apos;, &apos;FINALLY CLOSED&apos;, &apos;Closed&apos;, DECODE(poh.frozen_flag, &apos;Y&apos;, &apos;Pending&apos;, DECODE(DECODE(por.po_release_id,NULL,poh.authorization_status,por.authorization_status),&apos;REQUIRES REAPPROVAL&apos;,&apos;Pending&apos;, &apos;IN PROCESS&apos;, &apos;Pending&apos;, &apos;PRE-APPROVED&apos;,&apos;Pending&apos;, &apos;Open&apos;))),
XXXL_IS_PO_BLIND(poh.po_header_id, por.po_release_id) ) as row_number FROM ap_terms apt,end_poc_ora_approvals epoa,end_poc_ora_header_status epohs,mtl_system_items_b_kfv msi,hr_all_organization_units haou,hr_all_organization_units haou2,(SELECT * 
   FROM (SELECT ROW_NUMBER() OVER (PARTITION BY person_id ORDER BY effective_start_date DESC) AS record_num_desc, 
           papfb.* 
      FROM per_all_people_f papfb) 
     WHERE record_num_desc = 1) papfb,po_headers_all poh,po_line_locations_all poll,po_lines_all pol,po_releases_all por,rcv_parameters rcv,po_vendor_contacts pvc,po_vendors pv,po_vendor_sites_all pvsa,
       ap_tax_codes_all atc, (SELECT &apos;N&apos; value FROM dual) cqc WHERE poh.terms_id=apt.term_id(+) AND poll.po_release_id=por.po_release_id(+) AND poh.vendor_contact_id=pvc.vendor_contact_id(+) AND poh.vendor_site_id=pvc.vendor_site_id(+) AND NVL(por.agent_id, poh.agent_id) = papfb.person_id AND poll.po_line_id=pol.po_line_id AND poll.po_header_id=poh.po_header_id AND rcv.organization_id=poll.ship_to_organization_id AND msi.inventory_item_id(+)=pol.item_id AND poll.ship_to_organization_id = NVL(msi.organization_id, poll.ship_to_organization_id) AND haou.organization_id=poll.ship_to_organization_id AND haou2.organization_id=poh.org_id AND poll.line_location_id=epoa.po_line_location_id(+) AND poh.po_header_id=epohs.po_header_id(+) AND poh.vendor_id=pv.vendor_id AND pvsa.vendor_site_id=poh.vendor_site_id AND pvsa.vendor_id=pv.vendor_id AND poh.authorization_status in (&apos;APPROVED&apos;, &apos;REQUIRES REAPPROVAL&apos;, &apos;IN PROCESS&apos;, &apos;PRE-APPROVED&apos;) AND NVL(por.authorization_status,&apos;APPROVED&apos;) in (&apos;APPROVED&apos;, &apos;REQUIRES REAPPROVAL&apos;, &apos;IN PROCESS&apos;, &apos;PRE-APPROVED&apos;) AND poh.type_lookup_code IN (&apos;STANDARD&apos;, &apos;BLANKET&apos;, &apos;PLANNED&apos;) AND NVL(poll.approved_flag, &apos;N&apos;) IN (&apos;Y&apos;, &apos;R&apos;, &apos;N&apos;) AND poll.shipment_type IN (&apos;STANDARD&apos;, &apos;BLANKET&apos;, &apos;SCHEDULED&apos;)
   AND atc.tax_id(+)=poll.tax_code_id AND poh.org_id=poll.org_id AND pol.org_id=poll.org_id AND por.org_id(+)=poll.org_id
   AND (poll.org_id IN (?,?)) AND  ROWNUM &lt;= 2 ) where row_number between 1 and 26 order by row_number
Message: ORA-00904: &quot;PVSA&quot;.&quot;ATTRIBUTE16&quot;: invalid identifier

Message: ORA-00904: &quot;PVSA&quot;.&quot;ATTRIBUTE16&quot;: invalid identifier

}
  (Session info: chrome=94.0.4606.71): Service message: Error in PurchaseOrderLineDAO
DAO message: Error executing: select * from (SELECT 
poll.line_location_id POL_key,
1 POL_erpCode,
DECODE(epoa.status, NULL, &apos;New&apos;, &apos;New&apos;, &apos;New&apos;, DECODE(epoa.po_price, poll.price_override, DECODE(TRUNC(epoa.po_promised_date), TRUNC(NVL(poll.promised_date, poll.need_by_date)),DECODE(epoa.po_quantity, poll.quantity,DECODE(epoa.po_item_revision, pol.item_revision, epoa.status, &apos;Revised&apos;), &apos;Revised&apos;), &apos;Revised&apos;), &apos;Revised&apos;)) POLS_status,
epoa.mrp_status POLS_mrpStatus,
poll.promised_date POL_promisedDate,
poll.price_override POL_price,
epoa.attachments POLS_attachments,
epoa.invoice_tran_fail POLS_invoiceTranFail,
epoa.ship_tran_fail POLS_shipTranFail,
poh.vendor_site_id||&apos;:&apos;||poh.org_id POL_vendorLocationKey,
poll.quantity POL_quantity,
poll.closed_code POL_closedCode,
DECODE(NVL(poll.closed_code, &apos;OPEN&apos;),&apos;CLOSED&apos;, &apos;Closed&apos;, &apos;CLOSED FOR RECEIVING&apos;, &apos;Closed&apos;, &apos;FINALLY CLOSED&apos;, &apos;Closed&apos;, DECODE(poh.frozen_flag, &apos;Y&apos;, &apos;Pending&apos;, DECODE(DECODE(por.po_release_id,NULL,poh.authorization_status,por.authorization_status),&apos;REQUIRES REAPPROVAL&apos;,&apos;Pending&apos;, &apos;IN PROCESS&apos;, &apos;Pending&apos;, &apos;PRE-APPROVED&apos;,&apos;Pending&apos;, &apos;Open&apos;))) POL_erpPoStatusCode,
XXXL_IS_PO_BLIND(poh.po_header_id, por.po_release_id) POL_maskData,
poh.type_lookup_code POL_poType,
poh.segment1 POL_poNumber,
por.release_num POL_releaseNumber,
pol.line_num POL_lineNumber,
poll.shipment_num POL_shipmentNumber,
end_erp_shared.get_printable_qty(poll.line_location_id,poll.quantity_received, epoa.quantity, epoa.shipped_quantity)  POL_printableQuantity,
haou2.attribute14 POL_businessCode,
pol.vendor_product_num POL_polVendorProductNum,
end_erp_shared.invoicable_quantity(poll.line_location_id,cqc.value) POL_invoicable,
poh.attribute14 POL_businessName,
DECODE(SIGN(poll.quantity - NVL(poll.quantity_received, 0) - NVL(poll.quantity_cancelled, 0)),-1,0,0,0,1,poll.quantity - NVL(poll.quantity_received, 0) - NVL(poll.quantity_cancelled, 0)) POL_quantityOpen,
poll.need_by_date POL_needByDate,
(SELECT pa.full_name FROM po_distributions_all pda, po_line_locations_all lineloc, per_all_people_f pa WHERE pa.person_id = pda.deliver_to_person_id AND pa.effective_end_date &gt; SYSDATE AND pda.line_location_id = lineloc.line_location_id AND poll.line_location_id = lineloc.line_location_id AND rownum = 1) POL_requestor,
end_erp_shared.get_project_number(poll.line_location_id) POL_erpProjectNumber,
end_erp_shared.is_open_sdr_exists(poll.line_location_id) POL_openSDR,
pol.item_description POL_lineDescription,
pol.attribute3 POL_poLineType,
pv.segment1 POL_vendorNumber,
epoa.created_by_name POLS_createdByName,
pv.vendor_name V_name,
pvsa.attribute16 VL_locationNumber,
papfb.full_name PO_buyerName,
pvsa.vendor_site_code VL_name,
pol.po_line_id POL_poLineId,
poh.po_header_id POL_poHeaderId,
poh.po_header_id PO_key,
poh.org_id POL_hostId 
, poll.line_location_id, epoa.status, epoa.approval_id, epoa.po_price, epoa.po_promised_date, epoa.po_quantity, epoa.po_item_revision, epoa.po_update_date, poll.price_override, NVL(poll.promised_date, poll.need_by_date), poll.quantity, NVL(pol.item_revision, (SELECT MAX(mir.revision) FROM mtl_item_revisions mir WHERE mir.inventory_item_id = pol.item_id AND mir.organization_id = poll.ship_to_organization_id AND msi.revision_qty_control_code = 2)), poll.last_update_date,
COUNT(1) OVER() as totalSearchCount, row_number() over (  ORDER BY poh.type_lookup_code,
poh.segment1,
por.release_num,
pol.line_num,
poll.shipment_num,
end_erp_shared.get_printable_qty(poll.line_location_id,poll.quantity_received, epoa.quantity, epoa.shipped_quantity) ,
DECODE(NVL(poll.closed_code, &apos;OPEN&apos;),&apos;CLOSED&apos;, &apos;Closed&apos;, &apos;CLOSED FOR RECEIVING&apos;, &apos;Closed&apos;, &apos;FINALLY CLOSED&apos;, &apos;Closed&apos;, DECODE(poh.frozen_flag, &apos;Y&apos;, &apos;Pending&apos;, DECODE(DECODE(por.po_release_id,NULL,poh.authorization_status,por.authorization_status),&apos;REQUIRES REAPPROVAL&apos;,&apos;Pending&apos;, &apos;IN PROCESS&apos;, &apos;Pending&apos;, &apos;PRE-APPROVED&apos;,&apos;Pending&apos;, &apos;Open&apos;))),
DECODE(epoa.status, NULL, &apos;New&apos;, &apos;New&apos;, &apos;New&apos;, DECODE(epoa.po_price, poll.price_override, DECODE(TRUNC(epoa.po_promised_date), TRUNC(NVL(poll.promised_date, poll.need_by_date)),DECODE(epoa.po_quantity, poll.quantity,DECODE(epoa.po_item_revision, pol.item_revision, epoa.status, &apos;Revised&apos;), &apos;Revised&apos;), &apos;Revised&apos;), &apos;Revised&apos;)),
haou2.attribute14,
pol.vendor_product_num,
end_erp_shared.invoicable_quantity(poll.line_location_id,cqc.value),
poh.attribute14,
poll.quantity,
DECODE(SIGN(poll.quantity - NVL(poll.quantity_received, 0) - NVL(poll.quantity_cancelled, 0)),-1,0,0,0,1,poll.quantity - NVL(poll.quantity_received, 0) - NVL(poll.quantity_cancelled, 0)),
poll.need_by_date,
(SELECT pa.full_name FROM po_distributions_all pda, po_line_locations_all lineloc, per_all_people_f pa WHERE pa.person_id = pda.deliver_to_person_id AND pa.effective_end_date &gt; SYSDATE AND pda.line_location_id = lineloc.line_location_id AND poll.line_location_id = lineloc.line_location_id AND rownum = 1),
end_erp_shared.get_project_number(poll.line_location_id),
end_erp_shared.is_open_sdr_exists(poll.line_location_id),
pol.item_description,
pol.attribute3,
pv.segment1,
epoa.created_by_name,
pv.vendor_name,
pvsa.attribute16,
papfb.full_name,
pvsa.vendor_site_code,
poll.line_location_id,
1,
DECODE(epoa.status, NULL, &apos;New&apos;, &apos;New&apos;, &apos;New&apos;, DECODE(epoa.po_price, poll.price_override, DECODE(TRUNC(epoa.po_promised_date), TRUNC(NVL(poll.promised_date, poll.need_by_date)),DECODE(epoa.po_quantity, poll.quantity,DECODE(epoa.po_item_revision, pol.item_revision, epoa.status, &apos;Revised&apos;), &apos;Revised&apos;), &apos;Revised&apos;), &apos;Revised&apos;)),
epoa.mrp_status,
poll.promised_date,
poll.price_override,
epoa.attachments,
epoa.invoice_tran_fail,
epoa.ship_tran_fail,
poh.vendor_site_id||&apos;:&apos;||poh.org_id,
poll.quantity,
poll.closed_code,
DECODE(NVL(poll.closed_code, &apos;OPEN&apos;),&apos;CLOSED&apos;, &apos;Closed&apos;, &apos;CLOSED FOR RECEIVING&apos;, &apos;Closed&apos;, &apos;FINALLY CLOSED&apos;, &apos;Closed&apos;, DECODE(poh.frozen_flag, &apos;Y&apos;, &apos;Pending&apos;, DECODE(DECODE(por.po_release_id,NULL,poh.authorization_status,por.authorization_status),&apos;REQUIRES REAPPROVAL&apos;,&apos;Pending&apos;, &apos;IN PROCESS&apos;, &apos;Pending&apos;, &apos;PRE-APPROVED&apos;,&apos;Pending&apos;, &apos;Open&apos;))),
XXXL_IS_PO_BLIND(poh.po_header_id, por.po_release_id) ) as row_number FROM ap_terms apt,end_poc_ora_approvals epoa,end_poc_ora_header_status epohs,mtl_system_items_b_kfv msi,hr_all_organization_units haou,hr_all_organization_units haou2,(SELECT * 
   FROM (SELECT ROW_NUMBER() OVER (PARTITION BY person_id ORDER BY effective_start_date DESC) AS record_num_desc, 
           papfb.* 
      FROM per_all_people_f papfb) 
     WHERE record_num_desc = 1) papfb,po_headers_all poh,po_line_locations_all poll,po_lines_all pol,po_releases_all por,rcv_parameters rcv,po_vendor_contacts pvc,po_vendors pv,po_vendor_sites_all pvsa,
       ap_tax_codes_all atc, (SELECT &apos;N&apos; value FROM dual) cqc WHERE poh.terms_id=apt.term_id(+) AND poll.po_release_id=por.po_release_id(+) AND poh.vendor_contact_id=pvc.vendor_contact_id(+) AND poh.vendor_site_id=pvc.vendor_site_id(+) AND NVL(por.agent_id, poh.agent_id) = papfb.person_id AND poll.po_line_id=pol.po_line_id AND poll.po_header_id=poh.po_header_id AND rcv.organization_id=poll.ship_to_organization_id AND msi.inventory_item_id(+)=pol.item_id AND poll.ship_to_organization_id = NVL(msi.organization_id, poll.ship_to_organization_id) AND haou.organization_id=poll.ship_to_organization_id AND haou2.organization_id=poh.org_id AND poll.line_location_id=epoa.po_line_location_id(+) AND poh.po_header_id=epohs.po_header_id(+) AND poh.vendor_id=pv.vendor_id AND pvsa.vendor_site_id=poh.vendor_site_id AND pvsa.vendor_id=pv.vendor_id AND poh.authorization_status in (&apos;APPROVED&apos;, &apos;REQUIRES REAPPROVAL&apos;, &apos;IN PROCESS&apos;, &apos;PRE-APPROVED&apos;) AND NVL(por.authorization_status,&apos;APPROVED&apos;) in (&apos;APPROVED&apos;, &apos;REQUIRES REAPPROVAL&apos;, &apos;IN PROCESS&apos;, &apos;PRE-APPROVED&apos;) AND poh.type_lookup_code IN (&apos;STANDARD&apos;, &apos;BLANKET&apos;, &apos;PLANNED&apos;) AND NVL(poll.approved_flag, &apos;N&apos;) IN (&apos;Y&apos;, &apos;R&apos;, &apos;N&apos;) AND poll.shipment_type IN (&apos;STANDARD&apos;, &apos;BLANKET&apos;, &apos;SCHEDULED&apos;)
   AND atc.tax_id(+)=poll.tax_code_id AND poh.org_id=poll.org_id AND pol.org_id=poll.org_id AND por.org_id(+)=poll.org_id
   AND (poll.org_id IN (?,?)) AND  ROWNUM &lt;= 2 ) where row_number between 1 and 26 order by row_number
Message: ORA-00904: &quot;PVSA&quot;.&quot;ATTRIBUTE16&quot;: invalid identifier

Message: ORA-00904: &quot;PVSA&quot;.&quot;ATTRIBUTE16&quot;: invalid identifier


Build info: version: &apos;4.0.0-alpha-3&apos;, revision: &apos;8c567de6dc&apos;
System info: host: &apos;JUMPBOX-WIN2016&apos;, ip: &apos;10.228.0.127&apos;, os.name: &apos;Windows Server 2016&apos;, os.arch: &apos;amd64&apos;, os.version: &apos;10.0&apos;, java.version: &apos;16.0.2&apos;
Driver info: org.openqa.selenium.chrome.ChromeDriver
Capabilities {acceptInsecureCerts: false, browserName: chrome, browserVersion: 94.0.4606.71, chrome: {chromedriverVersion: 94.0.4606.61 (418b78f5838ed..., userDataDir: C:\Users\JUMPBO~1\AppData\L...}, goog:chromeOptions: {debuggerAddress: localhost:52927}, javascriptEnabled: true, networkConnectionEnabled: false, pageLoadStrategy: normal, platform: WINDOWS, platformName: WINDOWS, proxy: Proxy(), setWindowRect: true, strictFileInteractability: false, timeouts: {implicit: 0, pageLoad: 300000, script: 30000}, unhandledPromptBehavior: dismiss and notify, webauthn:extension:credBlob: true, webauthn:extension:largeBlob: true, webauthn:virtualAuthenticators: true}
Session ID: dbc1939a054e068f99c1f7053f3817dd
*** Element info: {Using=xpath, value=//*[@id=&apos;searchResultsFormId&apos;]/table[1]/tbody/tr[1]/td/table/tbody/tr/td[3]}
	at org.openqa.selenium.remote.codec.w3c.W3CHttpResponseCodec.decode(W3CHttpResponseCodec.java:123)
	at org.openqa.selenium.remote.codec.w3c.W3CHttpResponseCodec.decode(W3CHttpResponseCodec.java:52)
	at org.openqa.selenium.remote.HttpCommandExecutor.execute(HttpCommandExecutor.java:161)
	at org.openqa.selenium.remote.service.DriverCommandExecutor.execute(DriverCommandExecutor.java:83)
	at org.openqa.selenium.remote.RemoteWebDriver.execute(RemoteWebDriver.java:576)
	at org.openqa.selenium.remote.RemoteWebDriver.findElement(RemoteWebDriver.java:327)
	at org.openqa.selenium.remote.RemoteWebDriver.findElementByXPath(RemoteWebDriver.java:445)
	at org.openqa.selenium.By$ByXPath.findElement(By.java:396)
	at org.openqa.selenium.remote.RemoteWebDriver.findElement(RemoteWebDriver.java:319)
	at stepDefinitions.EndeavourCommonSteps.totalSearchResultsShouldBeAsPerTheLookup(EndeavourCommonSteps.java:50)
	at ?.Total search results should be as per the lookup(file:///C:/Users/jumpboxadmin/git/Connect-Automation/Connect_Automation/src/test/resources/features/setup/ManageLookups.feature:85)
</pre></div><a href='#' onClick='toggleBox("stack-trace1710400884", this, "Click to show all stack frames", "Click to hide stack frames")'>Click to show all stack frames</a>
<div class='stack-trace' id='stack-trace1710400884'><pre>org.openqa.selenium.UnhandledAlertException: unexpected alert open: {Alert text : Service message: Error in PurchaseOrderLineDAO
DAO message: Error executing: select * from (SELECT 
poll.line_location_id POL_key,
1 POL_erpCode,
DECODE(epoa.status, NULL, &apos;New&apos;, &apos;New&apos;, &apos;New&apos;, DECODE(epoa.po_price, poll.price_override, DECODE(TRUNC(epoa.po_promised_date), TRUNC(NVL(poll.promised_date, poll.need_by_date)),DECODE(epoa.po_quantity, poll.quantity,DECODE(epoa.po_item_revision, pol.item_revision, epoa.status, &apos;Revised&apos;), &apos;Revised&apos;), &apos;Revised&apos;), &apos;Revised&apos;)) POLS_status,
epoa.mrp_status POLS_mrpStatus,
poll.promised_date POL_promisedDate,
poll.price_override POL_price,
epoa.attachments POLS_attachments,
epoa.invoice_tran_fail POLS_invoiceTranFail,
epoa.ship_tran_fail POLS_shipTranFail,
poh.vendor_site_id||&apos;:&apos;||poh.org_id POL_vendorLocationKey,
poll.quantity POL_quantity,
poll.closed_code POL_closedCode,
DECODE(NVL(poll.closed_code, &apos;OPEN&apos;),&apos;CLOSED&apos;, &apos;Closed&apos;, &apos;CLOSED FOR RECEIVING&apos;, &apos;Closed&apos;, &apos;FINALLY CLOSED&apos;, &apos;Closed&apos;, DECODE(poh.frozen_flag, &apos;Y&apos;, &apos;Pending&apos;, DECODE(DECODE(por.po_release_id,NULL,poh.authorization_status,por.authorization_status),&apos;REQUIRES REAPPROVAL&apos;,&apos;Pending&apos;, &apos;IN PROCESS&apos;, &apos;Pending&apos;, &apos;PRE-APPROVED&apos;,&apos;Pending&apos;, &apos;Open&apos;))) POL_erpPoStatusCode,
XXXL_IS_PO_BLIND(poh.po_header_id, por.po_release_id) POL_maskData,
poh.type_lookup_code POL_poType,
poh.segment1 POL_poNumber,
por.release_num POL_releaseNumber,
pol.line_num POL_lineNumber,
poll.shipment_num POL_shipmentNumber,
end_erp_shared.get_printable_qty(poll.line_location_id,poll.quantity_received, epoa.quantity, epoa.shipped_quantity)  POL_printableQuantity,
haou2.attribute14 POL_businessCode,
pol.vendor_product_num POL_polVendorProductNum,
end_erp_shared.invoicable_quantity(poll.line_location_id,cqc.value) POL_invoicable,
poh.attribute14 POL_businessName,
DECODE(SIGN(poll.quantity - NVL(poll.quantity_received, 0) - NVL(poll.quantity_cancelled, 0)),-1,0,0,0,1,poll.quantity - NVL(poll.quantity_received, 0) - NVL(poll.quantity_cancelled, 0)) POL_quantityOpen,
poll.need_by_date POL_needByDate,
(SELECT pa.full_name FROM po_distributions_all pda, po_line_locations_all lineloc, per_all_people_f pa WHERE pa.person_id = pda.deliver_to_person_id AND pa.effective_end_date &gt; SYSDATE AND pda.line_location_id = lineloc.line_location_id AND poll.line_location_id = lineloc.line_location_id AND rownum = 1) POL_requestor,
end_erp_shared.get_project_number(poll.line_location_id) POL_erpProjectNumber,
end_erp_shared.is_open_sdr_exists(poll.line_location_id) POL_openSDR,
pol.item_description POL_lineDescription,
pol.attribute3 POL_poLineType,
pv.segment1 POL_vendorNumber,
epoa.created_by_name POLS_createdByName,
pv.vendor_name V_name,
pvsa.attribute16 VL_locationNumber,
papfb.full_name PO_buyerName,
pvsa.vendor_site_code VL_name,
pol.po_line_id POL_poLineId,
poh.po_header_id POL_poHeaderId,
poh.po_header_id PO_key,
poh.org_id POL_hostId 
, poll.line_location_id, epoa.status, epoa.approval_id, epoa.po_price, epoa.po_promised_date, epoa.po_quantity, epoa.po_item_revision, epoa.po_update_date, poll.price_override, NVL(poll.promised_date, poll.need_by_date), poll.quantity, NVL(pol.item_revision, (SELECT MAX(mir.revision) FROM mtl_item_revisions mir WHERE mir.inventory_item_id = pol.item_id AND mir.organization_id = poll.ship_to_organization_id AND msi.revision_qty_control_code = 2)), poll.last_update_date,
COUNT(1) OVER() as totalSearchCount, row_number() over (  ORDER BY poh.type_lookup_code,
poh.segment1,
por.release_num,
pol.line_num,
poll.shipment_num,
end_erp_shared.get_printable_qty(poll.line_location_id,poll.quantity_received, epoa.quantity, epoa.shipped_quantity) ,
DECODE(NVL(poll.closed_code, &apos;OPEN&apos;),&apos;CLOSED&apos;, &apos;Closed&apos;, &apos;CLOSED FOR RECEIVING&apos;, &apos;Closed&apos;, &apos;FINALLY CLOSED&apos;, &apos;Closed&apos;, DECODE(poh.frozen_flag, &apos;Y&apos;, &apos;Pending&apos;, DECODE(DECODE(por.po_release_id,NULL,poh.authorization_status,por.authorization_status),&apos;REQUIRES REAPPROVAL&apos;,&apos;Pending&apos;, &apos;IN PROCESS&apos;, &apos;Pending&apos;, &apos;PRE-APPROVED&apos;,&apos;Pending&apos;, &apos;Open&apos;))),
DECODE(epoa.status, NULL, &apos;New&apos;, &apos;New&apos;, &apos;New&apos;, DECODE(epoa.po_price, poll.price_override, DECODE(TRUNC(epoa.po_promised_date), TRUNC(NVL(poll.promised_date, poll.need_by_date)),DECODE(epoa.po_quantity, poll.quantity,DECODE(epoa.po_item_revision, pol.item_revision, epoa.status, &apos;Revised&apos;), &apos;Revised&apos;), &apos;Revised&apos;), &apos;Revised&apos;)),
haou2.attribute14,
pol.vendor_product_num,
end_erp_shared.invoicable_quantity(poll.line_location_id,cqc.value),
poh.attribute14,
poll.quantity,
DECODE(SIGN(poll.quantity - NVL(poll.quantity_received, 0) - NVL(poll.quantity_cancelled, 0)),-1,0,0,0,1,poll.quantity - NVL(poll.quantity_received, 0) - NVL(poll.quantity_cancelled, 0)),
poll.need_by_date,
(SELECT pa.full_name FROM po_distributions_all pda, po_line_locations_all lineloc, per_all_people_f pa WHERE pa.person_id = pda.deliver_to_person_id AND pa.effective_end_date &gt; SYSDATE AND pda.line_location_id = lineloc.line_location_id AND poll.line_location_id = lineloc.line_location_id AND rownum = 1),
end_erp_shared.get_project_number(poll.line_location_id),
end_erp_shared.is_open_sdr_exists(poll.line_location_id),
pol.item_description,
pol.attribute3,
pv.segment1,
epoa.created_by_name,
pv.vendor_name,
pvsa.attribute16,
papfb.full_name,
pvsa.vendor_site_code,
poll.line_location_id,
1,
DECODE(epoa.status, NULL, &apos;New&apos;, &apos;New&apos;, &apos;New&apos;, DECODE(epoa.po_price, poll.price_override, DECODE(TRUNC(epoa.po_promised_date), TRUNC(NVL(poll.promised_date, poll.need_by_date)),DECODE(epoa.po_quantity, poll.quantity,DECODE(epoa.po_item_revision, pol.item_revision, epoa.status, &apos;Revised&apos;), &apos;Revised&apos;), &apos;Revised&apos;), &apos;Revised&apos;)),
epoa.mrp_status,
poll.promised_date,
poll.price_override,
epoa.attachments,
epoa.invoice_tran_fail,
epoa.ship_tran_fail,
poh.vendor_site_id||&apos;:&apos;||poh.org_id,
poll.quantity,
poll.closed_code,
DECODE(NVL(poll.closed_code, &apos;OPEN&apos;),&apos;CLOSED&apos;, &apos;Closed&apos;, &apos;CLOSED FOR RECEIVING&apos;, &apos;Closed&apos;, &apos;FINALLY CLOSED&apos;, &apos;Closed&apos;, DECODE(poh.frozen_flag, &apos;Y&apos;, &apos;Pending&apos;, DECODE(DECODE(por.po_release_id,NULL,poh.authorization_status,por.authorization_status),&apos;REQUIRES REAPPROVAL&apos;,&apos;Pending&apos;, &apos;IN PROCESS&apos;, &apos;Pending&apos;, &apos;PRE-APPROVED&apos;,&apos;Pending&apos;, &apos;Open&apos;))),
XXXL_IS_PO_BLIND(poh.po_header_id, por.po_release_id) ) as row_number FROM ap_terms apt,end_poc_ora_approvals epoa,end_poc_ora_header_status epohs,mtl_system_items_b_kfv msi,hr_all_organization_units haou,hr_all_organization_units haou2,(SELECT * 
   FROM (SELECT ROW_NUMBER() OVER (PARTITION BY person_id ORDER BY effective_start_date DESC) AS record_num_desc, 
           papfb.* 
      FROM per_all_people_f papfb) 
     WHERE record_num_desc = 1) papfb,po_headers_all poh,po_line_locations_all poll,po_lines_all pol,po_releases_all por,rcv_parameters rcv,po_vendor_contacts pvc,po_vendors pv,po_vendor_sites_all pvsa,
       ap_tax_codes_all atc, (SELECT &apos;N&apos; value FROM dual) cqc WHERE poh.terms_id=apt.term_id(+) AND poll.po_release_id=por.po_release_id(+) AND poh.vendor_contact_id=pvc.vendor_contact_id(+) AND poh.vendor_site_id=pvc.vendor_site_id(+) AND NVL(por.agent_id, poh.agent_id) = papfb.person_id AND poll.po_line_id=pol.po_line_id AND poll.po_header_id=poh.po_header_id AND rcv.organization_id=poll.ship_to_organization_id AND msi.inventory_item_id(+)=pol.item_id AND poll.ship_to_organization_id = NVL(msi.organization_id, poll.ship_to_organization_id) AND haou.organization_id=poll.ship_to_organization_id AND haou2.organization_id=poh.org_id AND poll.line_location_id=epoa.po_line_location_id(+) AND poh.po_header_id=epohs.po_header_id(+) AND poh.vendor_id=pv.vendor_id AND pvsa.vendor_site_id=poh.vendor_site_id AND pvsa.vendor_id=pv.vendor_id AND poh.authorization_status in (&apos;APPROVED&apos;, &apos;REQUIRES REAPPROVAL&apos;, &apos;IN PROCESS&apos;, &apos;PRE-APPROVED&apos;) AND NVL(por.authorization_status,&apos;APPROVED&apos;) in (&apos;APPROVED&apos;, &apos;REQUIRES REAPPROVAL&apos;, &apos;IN PROCESS&apos;, &apos;PRE-APPROVED&apos;) AND poh.type_lookup_code IN (&apos;STANDARD&apos;, &apos;BLANKET&apos;, &apos;PLANNED&apos;) AND NVL(poll.approved_flag, &apos;N&apos;) IN (&apos;Y&apos;, &apos;R&apos;, &apos;N&apos;) AND poll.shipment_type IN (&apos;STANDARD&apos;, &apos;BLANKET&apos;, &apos;SCHEDULED&apos;)
   AND atc.tax_id(+)=poll.tax_code_id AND poh.org_id=poll.org_id AND pol.org_id=poll.org_id AND por.org_id(+)=poll.org_id
   AND (poll.org_id IN (?,?)) AND  ROWNUM &lt;= 2 ) where row_number between 1 and 26 order by row_number
Message: ORA-00904: &quot;PVSA&quot;.&quot;ATTRIBUTE16&quot;: invalid identifier

Message: ORA-00904: &quot;PVSA&quot;.&quot;ATTRIBUTE16&quot;: invalid identifier

}
  (Session info: chrome=94.0.4606.71): Service message: Error in PurchaseOrderLineDAO
DAO message: Error executing: select * from (SELECT 
poll.line_location_id POL_key,
1 POL_erpCode,
DECODE(epoa.status, NULL, &apos;New&apos;, &apos;New&apos;, &apos;New&apos;, DECODE(epoa.po_price, poll.price_override, DECODE(TRUNC(epoa.po_promised_date), TRUNC(NVL(poll.promised_date, poll.need_by_date)),DECODE(epoa.po_quantity, poll.quantity,DECODE(epoa.po_item_revision, pol.item_revision, epoa.status, &apos;Revised&apos;), &apos;Revised&apos;), &apos;Revised&apos;), &apos;Revised&apos;)) POLS_status,
epoa.mrp_status POLS_mrpStatus,
poll.promised_date POL_promisedDate,
poll.price_override POL_price,
epoa.attachments POLS_attachments,
epoa.invoice_tran_fail POLS_invoiceTranFail,
epoa.ship_tran_fail POLS_shipTranFail,
poh.vendor_site_id||&apos;:&apos;||poh.org_id POL_vendorLocationKey,
poll.quantity POL_quantity,
poll.closed_code POL_closedCode,
DECODE(NVL(poll.closed_code, &apos;OPEN&apos;),&apos;CLOSED&apos;, &apos;Closed&apos;, &apos;CLOSED FOR RECEIVING&apos;, &apos;Closed&apos;, &apos;FINALLY CLOSED&apos;, &apos;Closed&apos;, DECODE(poh.frozen_flag, &apos;Y&apos;, &apos;Pending&apos;, DECODE(DECODE(por.po_release_id,NULL,poh.authorization_status,por.authorization_status),&apos;REQUIRES REAPPROVAL&apos;,&apos;Pending&apos;, &apos;IN PROCESS&apos;, &apos;Pending&apos;, &apos;PRE-APPROVED&apos;,&apos;Pending&apos;, &apos;Open&apos;))) POL_erpPoStatusCode,
XXXL_IS_PO_BLIND(poh.po_header_id, por.po_release_id) POL_maskData,
poh.type_lookup_code POL_poType,
poh.segment1 POL_poNumber,
por.release_num POL_releaseNumber,
pol.line_num POL_lineNumber,
poll.shipment_num POL_shipmentNumber,
end_erp_shared.get_printable_qty(poll.line_location_id,poll.quantity_received, epoa.quantity, epoa.shipped_quantity)  POL_printableQuantity,
haou2.attribute14 POL_businessCode,
pol.vendor_product_num POL_polVendorProductNum,
end_erp_shared.invoicable_quantity(poll.line_location_id,cqc.value) POL_invoicable,
poh.attribute14 POL_businessName,
DECODE(SIGN(poll.quantity - NVL(poll.quantity_received, 0) - NVL(poll.quantity_cancelled, 0)),-1,0,0,0,1,poll.quantity - NVL(poll.quantity_received, 0) - NVL(poll.quantity_cancelled, 0)) POL_quantityOpen,
poll.need_by_date POL_needByDate,
(SELECT pa.full_name FROM po_distributions_all pda, po_line_locations_all lineloc, per_all_people_f pa WHERE pa.person_id = pda.deliver_to_person_id AND pa.effective_end_date &gt; SYSDATE AND pda.line_location_id = lineloc.line_location_id AND poll.line_location_id = lineloc.line_location_id AND rownum = 1) POL_requestor,
end_erp_shared.get_project_number(poll.line_location_id) POL_erpProjectNumber,
end_erp_shared.is_open_sdr_exists(poll.line_location_id) POL_openSDR,
pol.item_description POL_lineDescription,
pol.attribute3 POL_poLineType,
pv.segment1 POL_vendorNumber,
epoa.created_by_name POLS_createdByName,
pv.vendor_name V_name,
pvsa.attribute16 VL_locationNumber,
papfb.full_name PO_buyerName,
pvsa.vendor_site_code VL_name,
pol.po_line_id POL_poLineId,
poh.po_header_id POL_poHeaderId,
poh.po_header_id PO_key,
poh.org_id POL_hostId 
, poll.line_location_id, epoa.status, epoa.approval_id, epoa.po_price, epoa.po_promised_date, epoa.po_quantity, epoa.po_item_revision, epoa.po_update_date, poll.price_override, NVL(poll.promised_date, poll.need_by_date), poll.quantity, NVL(pol.item_revision, (SELECT MAX(mir.revision) FROM mtl_item_revisions mir WHERE mir.inventory_item_id = pol.item_id AND mir.organization_id = poll.ship_to_organization_id AND msi.revision_qty_control_code = 2)), poll.last_update_date,
COUNT(1) OVER() as totalSearchCount, row_number() over (  ORDER BY poh.type_lookup_code,
poh.segment1,
por.release_num,
pol.line_num,
poll.shipment_num,
end_erp_shared.get_printable_qty(poll.line_location_id,poll.quantity_received, epoa.quantity, epoa.shipped_quantity) ,
DECODE(NVL(poll.closed_code, &apos;OPEN&apos;),&apos;CLOSED&apos;, &apos;Closed&apos;, &apos;CLOSED FOR RECEIVING&apos;, &apos;Closed&apos;, &apos;FINALLY CLOSED&apos;, &apos;Closed&apos;, DECODE(poh.frozen_flag, &apos;Y&apos;, &apos;Pending&apos;, DECODE(DECODE(por.po_release_id,NULL,poh.authorization_status,por.authorization_status),&apos;REQUIRES REAPPROVAL&apos;,&apos;Pending&apos;, &apos;IN PROCESS&apos;, &apos;Pending&apos;, &apos;PRE-APPROVED&apos;,&apos;Pending&apos;, &apos;Open&apos;))),
DECODE(epoa.status, NULL, &apos;New&apos;, &apos;New&apos;, &apos;New&apos;, DECODE(epoa.po_price, poll.price_override, DECODE(TRUNC(epoa.po_promised_date), TRUNC(NVL(poll.promised_date, poll.need_by_date)),DECODE(epoa.po_quantity, poll.quantity,DECODE(epoa.po_item_revision, pol.item_revision, epoa.status, &apos;Revised&apos;), &apos;Revised&apos;), &apos;Revised&apos;), &apos;Revised&apos;)),
haou2.attribute14,
pol.vendor_product_num,
end_erp_shared.invoicable_quantity(poll.line_location_id,cqc.value),
poh.attribute14,
poll.quantity,
DECODE(SIGN(poll.quantity - NVL(poll.quantity_received, 0) - NVL(poll.quantity_cancelled, 0)),-1,0,0,0,1,poll.quantity - NVL(poll.quantity_received, 0) - NVL(poll.quantity_cancelled, 0)),
poll.need_by_date,
(SELECT pa.full_name FROM po_distributions_all pda, po_line_locations_all lineloc, per_all_people_f pa WHERE pa.person_id = pda.deliver_to_person_id AND pa.effective_end_date &gt; SYSDATE AND pda.line_location_id = lineloc.line_location_id AND poll.line_location_id = lineloc.line_location_id AND rownum = 1),
end_erp_shared.get_project_number(poll.line_location_id),
end_erp_shared.is_open_sdr_exists(poll.line_location_id),
pol.item_description,
pol.attribute3,
pv.segment1,
epoa.created_by_name,
pv.vendor_name,
pvsa.attribute16,
papfb.full_name,
pvsa.vendor_site_code,
poll.line_location_id,
1,
DECODE(epoa.status, NULL, &apos;New&apos;, &apos;New&apos;, &apos;New&apos;, DECODE(epoa.po_price, poll.price_override, DECODE(TRUNC(epoa.po_promised_date), TRUNC(NVL(poll.promised_date, poll.need_by_date)),DECODE(epoa.po_quantity, poll.quantity,DECODE(epoa.po_item_revision, pol.item_revision, epoa.status, &apos;Revised&apos;), &apos;Revised&apos;), &apos;Revised&apos;), &apos;Revised&apos;)),
epoa.mrp_status,
poll.promised_date,
poll.price_override,
epoa.attachments,
epoa.invoice_tran_fail,
epoa.ship_tran_fail,
poh.vendor_site_id||&apos;:&apos;||poh.org_id,
poll.quantity,
poll.closed_code,
DECODE(NVL(poll.closed_code, &apos;OPEN&apos;),&apos;CLOSED&apos;, &apos;Closed&apos;, &apos;CLOSED FOR RECEIVING&apos;, &apos;Closed&apos;, &apos;FINALLY CLOSED&apos;, &apos;Closed&apos;, DECODE(poh.frozen_flag, &apos;Y&apos;, &apos;Pending&apos;, DECODE(DECODE(por.po_release_id,NULL,poh.authorization_status,por.authorization_status),&apos;REQUIRES REAPPROVAL&apos;,&apos;Pending&apos;, &apos;IN PROCESS&apos;, &apos;Pending&apos;, &apos;PRE-APPROVED&apos;,&apos;Pending&apos;, &apos;Open&apos;))),
XXXL_IS_PO_BLIND(poh.po_header_id, por.po_release_id) ) as row_number FROM ap_terms apt,end_poc_ora_approvals epoa,end_poc_ora_header_status epohs,mtl_system_items_b_kfv msi,hr_all_organization_units haou,hr_all_organization_units haou2,(SELECT * 
   FROM (SELECT ROW_NUMBER() OVER (PARTITION BY person_id ORDER BY effective_start_date DESC) AS record_num_desc, 
           papfb.* 
      FROM per_all_people_f papfb) 
     WHERE record_num_desc = 1) papfb,po_headers_all poh,po_line_locations_all poll,po_lines_all pol,po_releases_all por,rcv_parameters rcv,po_vendor_contacts pvc,po_vendors pv,po_vendor_sites_all pvsa,
       ap_tax_codes_all atc, (SELECT &apos;N&apos; value FROM dual) cqc WHERE poh.terms_id=apt.term_id(+) AND poll.po_release_id=por.po_release_id(+) AND poh.vendor_contact_id=pvc.vendor_contact_id(+) AND poh.vendor_site_id=pvc.vendor_site_id(+) AND NVL(por.agent_id, poh.agent_id) = papfb.person_id AND poll.po_line_id=pol.po_line_id AND poll.po_header_id=poh.po_header_id AND rcv.organization_id=poll.ship_to_organization_id AND msi.inventory_item_id(+)=pol.item_id AND poll.ship_to_organization_id = NVL(msi.organization_id, poll.ship_to_organization_id) AND haou.organization_id=poll.ship_to_organization_id AND haou2.organization_id=poh.org_id AND poll.line_location_id=epoa.po_line_location_id(+) AND poh.po_header_id=epohs.po_header_id(+) AND poh.vendor_id=pv.vendor_id AND pvsa.vendor_site_id=poh.vendor_site_id AND pvsa.vendor_id=pv.vendor_id AND poh.authorization_status in (&apos;APPROVED&apos;, &apos;REQUIRES REAPPROVAL&apos;, &apos;IN PROCESS&apos;, &apos;PRE-APPROVED&apos;) AND NVL(por.authorization_status,&apos;APPROVED&apos;) in (&apos;APPROVED&apos;, &apos;REQUIRES REAPPROVAL&apos;, &apos;IN PROCESS&apos;, &apos;PRE-APPROVED&apos;) AND poh.type_lookup_code IN (&apos;STANDARD&apos;, &apos;BLANKET&apos;, &apos;PLANNED&apos;) AND NVL(poll.approved_flag, &apos;N&apos;) IN (&apos;Y&apos;, &apos;R&apos;, &apos;N&apos;) AND poll.shipment_type IN (&apos;STANDARD&apos;, &apos;BLANKET&apos;, &apos;SCHEDULED&apos;)
   AND atc.tax_id(+)=poll.tax_code_id AND poh.org_id=poll.org_id AND pol.org_id=poll.org_id AND por.org_id(+)=poll.org_id
   AND (poll.org_id IN (?,?)) AND  ROWNUM &lt;= 2 ) where row_number between 1 and 26 order by row_number
Message: ORA-00904: &quot;PVSA&quot;.&quot;ATTRIBUTE16&quot;: invalid identifier

Message: ORA-00904: &quot;PVSA&quot;.&quot;ATTRIBUTE16&quot;: invalid identifier


Build info: version: &apos;4.0.0-alpha-3&apos;, revision: &apos;8c567de6dc&apos;
System info: host: &apos;JUMPBOX-WIN2016&apos;, ip: &apos;10.228.0.127&apos;, os.name: &apos;Windows Server 2016&apos;, os.arch: &apos;amd64&apos;, os.version: &apos;10.0&apos;, java.version: &apos;16.0.2&apos;
Driver info: org.openqa.selenium.chrome.ChromeDriver
Capabilities {acceptInsecureCerts: false, browserName: chrome, browserVersion: 94.0.4606.71, chrome: {chromedriverVersion: 94.0.4606.61 (418b78f5838ed..., userDataDir: C:\Users\JUMPBO~1\AppData\L...}, goog:chromeOptions: {debuggerAddress: localhost:52927}, javascriptEnabled: true, networkConnectionEnabled: false, pageLoadStrategy: normal, platform: WINDOWS, platformName: WINDOWS, proxy: Proxy(), setWindowRect: true, strictFileInteractability: false, timeouts: {implicit: 0, pageLoad: 300000, script: 30000}, unhandledPromptBehavior: dismiss and notify, webauthn:extension:credBlob: true, webauthn:extension:largeBlob: true, webauthn:virtualAuthenticators: true}
Session ID: dbc1939a054e068f99c1f7053f3817dd
*** Element info: {Using=xpath, value=//*[@id=&apos;searchResultsFormId&apos;]/table[1]/tbody/tr[1]/td/table/tbody/tr/td[3]}
	at org.openqa.selenium.remote.codec.w3c.W3CHttpResponseCodec.decode(W3CHttpResponseCodec.java:123)
	at org.openqa.selenium.remote.codec.w3c.W3CHttpResponseCodec.decode(W3CHttpResponseCodec.java:52)
	at org.openqa.selenium.remote.HttpCommandExecutor.execute(HttpCommandExecutor.java:161)
	at org.openqa.selenium.remote.service.DriverCommandExecutor.execute(DriverCommandExecutor.java:83)
	at org.openqa.selenium.remote.RemoteWebDriver.execute(RemoteWebDriver.java:576)
	at org.openqa.selenium.remote.RemoteWebDriver.findElement(RemoteWebDriver.java:327)
	at org.openqa.selenium.remote.RemoteWebDriver.findElementByXPath(RemoteWebDriver.java:445)
	at org.openqa.selenium.By$ByXPath.findElement(By.java:396)
	at org.openqa.selenium.remote.RemoteWebDriver.findElement(RemoteWebDriver.java:319)
	at stepDefinitions.EndeavourCommonSteps.totalSearchResultsShouldBeAsPerTheLookup(EndeavourCommonSteps.java:50)
	at ?.Total search results should be as per the lookup(file:///C:/Users/jumpboxadmin/git/Connect-Automation/Connect_Automation/src/test/resources/features/setup/ManageLookups.feature:85)
</pre></div></td>
<td>10</td>
<td>runner.Runner@64bce832</td></tr>
<tr>
<td title='runner.Runner.runScenario()'><b>runScenario</b><br>Test class: runner.Runner<br>Test method: Runs Cucumber Scenarios<br>Parameters: "Add a Namespace", "Optional[Add,Search,Edit,Export,Delete Namespaces]"</td>
<td><div><pre>org.openqa.selenium.UnhandledAlertException: unexpected alert open: {Alert text : Message: A namespace with that name already exists
}
  (Session info: chrome=94.0.4606.71): Message: A namespace with that name already exists

Build info: version: &apos;4.0.0-alpha-3&apos;, revision: &apos;8c567de6dc&apos;
System info: host: &apos;JUMPBOX-WIN2016&apos;, ip: &apos;10.228.0.127&apos;, os.name: &apos;Windows Server 2016&apos;, os.arch: &apos;amd64&apos;, os.version: &apos;10.0&apos;, java.version: &apos;16.0.2&apos;
Driver info: org.openqa.selenium.chrome.ChromeDriver
Capabilities {acceptInsecureCerts: false, browserName: chrome, browserVersion: 94.0.4606.71, chrome: {chromedriverVersion: 94.0.4606.61 (418b78f5838ed..., userDataDir: C:\Users\JUMPBO~1\AppData\L...}, goog:chromeOptions: {debuggerAddress: localhost:51020}, javascriptEnabled: true, networkConnectionEnabled: false, pageLoadStrategy: normal, platform: WINDOWS, platformName: WINDOWS, proxy: Proxy(), setWindowRect: true, strictFileInteractability: false, timeouts: {implicit: 0, pageLoad: 300000, script: 30000}, unhandledPromptBehavior: dismiss and notify, webauthn:extension:credBlob: true, webauthn:extension:largeBlob: true, webauthn:virtualAuthenticators: true}
Session ID: a758a1f8354f0a50605850e7d0b85ac9
	at org.openqa.selenium.remote.codec.w3c.W3CHttpResponseCodec.decode(W3CHttpResponseCodec.java:123)
	at org.openqa.selenium.remote.codec.w3c.W3CHttpResponseCodec.decode(W3CHttpResponseCodec.java:52)
	at org.openqa.selenium.remote.HttpCommandExecutor.execute(HttpCommandExecutor.java:161)
	at org.openqa.selenium.remote.service.DriverCommandExecutor.execute(DriverCommandExecutor.java:83)
	at org.openqa.selenium.remote.RemoteWebDriver.execute(RemoteWebDriver.java:576)
	at org.openqa.selenium.remote.RemoteWebDriver$RemoteTargetLocator.defaultContent(RemoteWebDriver.java:993)
	at stepDefinitions.setup.ManageNamespaces.userEntersNamespace_nameToSearchANamespace(ManageNamespaces.java:63)
	at ?.User enters Namespace_name[0] to search a Namespace(file:///C:/Users/jumpboxadmin/git/Connect-Automation/Connect_Automation/src/test/resources/features/setup/ManageNamespaces.feature:21)
</pre></div><a href='#' onClick='toggleBox("stack-trace587157945", this, "Click to show all stack frames", "Click to hide stack frames")'>Click to show all stack frames</a>
<div class='stack-trace' id='stack-trace587157945'><pre>org.openqa.selenium.UnhandledAlertException: unexpected alert open: {Alert text : Message: A namespace with that name already exists
}
  (Session info: chrome=94.0.4606.71): Message: A namespace with that name already exists

Build info: version: &apos;4.0.0-alpha-3&apos;, revision: &apos;8c567de6dc&apos;
System info: host: &apos;JUMPBOX-WIN2016&apos;, ip: &apos;10.228.0.127&apos;, os.name: &apos;Windows Server 2016&apos;, os.arch: &apos;amd64&apos;, os.version: &apos;10.0&apos;, java.version: &apos;16.0.2&apos;
Driver info: org.openqa.selenium.chrome.ChromeDriver
Capabilities {acceptInsecureCerts: false, browserName: chrome, browserVersion: 94.0.4606.71, chrome: {chromedriverVersion: 94.0.4606.61 (418b78f5838ed..., userDataDir: C:\Users\JUMPBO~1\AppData\L...}, goog:chromeOptions: {debuggerAddress: localhost:51020}, javascriptEnabled: true, networkConnectionEnabled: false, pageLoadStrategy: normal, platform: WINDOWS, platformName: WINDOWS, proxy: Proxy(), setWindowRect: true, strictFileInteractability: false, timeouts: {implicit: 0, pageLoad: 300000, script: 30000}, unhandledPromptBehavior: dismiss and notify, webauthn:extension:credBlob: true, webauthn:extension:largeBlob: true, webauthn:virtualAuthenticators: true}
Session ID: a758a1f8354f0a50605850e7d0b85ac9
	at org.openqa.selenium.remote.codec.w3c.W3CHttpResponseCodec.decode(W3CHttpResponseCodec.java:123)
	at org.openqa.selenium.remote.codec.w3c.W3CHttpResponseCodec.decode(W3CHttpResponseCodec.java:52)
	at org.openqa.selenium.remote.HttpCommandExecutor.execute(HttpCommandExecutor.java:161)
	at org.openqa.selenium.remote.service.DriverCommandExecutor.execute(DriverCommandExecutor.java:83)
	at org.openqa.selenium.remote.RemoteWebDriver.execute(RemoteWebDriver.java:576)
	at org.openqa.selenium.remote.RemoteWebDriver$RemoteTargetLocator.defaultContent(RemoteWebDriver.java:993)
	at stepDefinitions.setup.ManageNamespaces.userEntersNamespace_nameToSearchANamespace(ManageNamespaces.java:63)
	at ?.User enters Namespace_name[0] to search a Namespace(file:///C:/Users/jumpboxadmin/git/Connect-Automation/Connect_Automation/src/test/resources/features/setup/ManageNamespaces.feature:21)
</pre></div></td>
<td>4</td>
<td>runner.Runner@64bce832</td></tr>
<tr>
<td title='runner.Runner.runScenario()'><b>runScenario</b><br>Test class: runner.Runner<br>Test method: Runs Cucumber Scenarios<br>Parameters: "Delete Namespace", "Optional[Add,Search,Edit,Export,Delete Namespaces]"</td>
<td><div><pre>org.openqa.selenium.NoSuchElementException: no such element: Unable to locate element: {&quot;method&quot;:&quot;xpath&quot;,&quot;selector&quot;:&quot;//*[@id=&apos;unique_id&apos;]/tbody/tr[2]/td[3]&quot;}
  (Session info: chrome=94.0.4606.71)
For documentation on this error, please visit: https://www.seleniumhq.org/exceptions/no_such_element.html
Build info: version: &apos;4.0.0-alpha-3&apos;, revision: &apos;8c567de6dc&apos;
System info: host: &apos;JUMPBOX-WIN2016&apos;, ip: &apos;10.228.0.127&apos;, os.name: &apos;Windows Server 2016&apos;, os.arch: &apos;amd64&apos;, os.version: &apos;10.0&apos;, java.version: &apos;16.0.2&apos;
Driver info: org.openqa.selenium.chrome.ChromeDriver
Capabilities {acceptInsecureCerts: false, browserName: chrome, browserVersion: 94.0.4606.71, chrome: {chromedriverVersion: 94.0.4606.61 (418b78f5838ed..., userDataDir: C:\Users\JUMPBO~1\AppData\L...}, goog:chromeOptions: {debuggerAddress: localhost:58238}, javascriptEnabled: true, networkConnectionEnabled: false, pageLoadStrategy: normal, platform: WINDOWS, platformName: WINDOWS, proxy: Proxy(), setWindowRect: true, strictFileInteractability: false, timeouts: {implicit: 0, pageLoad: 300000, script: 30000}, unhandledPromptBehavior: dismiss and notify, webauthn:extension:credBlob: true, webauthn:extension:largeBlob: true, webauthn:virtualAuthenticators: true}
Session ID: a26af9fdd4b084d6526dcf331d84196e
*** Element info: {Using=xpath, value=//*[@id=&apos;unique_id&apos;]/tbody/tr[2]/td[3]}
	at java.base/jdk.internal.reflect.NativeConstructorAccessorImpl.newInstance0(Native Method)
	at java.base/jdk.internal.reflect.NativeConstructorAccessorImpl.newInstance(NativeConstructorAccessorImpl.java:78)
	at java.base/jdk.internal.reflect.DelegatingConstructorAccessorImpl.newInstance(DelegatingConstructorAccessorImpl.java:45)
	at java.base/java.lang.reflect.Constructor.newInstanceWithCaller(Constructor.java:499)
	at java.base/java.lang.reflect.Constructor.newInstance(Constructor.java:480)
	at org.openqa.selenium.remote.codec.w3c.W3CHttpResponseCodec.createException(W3CHttpResponseCodec.java:191)
	at org.openqa.selenium.remote.codec.w3c.W3CHttpResponseCodec.decode(W3CHttpResponseCodec.java:125)
	at org.openqa.selenium.remote.codec.w3c.W3CHttpResponseCodec.decode(W3CHttpResponseCodec.java:52)
	at org.openqa.selenium.remote.HttpCommandExecutor.execute(HttpCommandExecutor.java:161)
	at org.openqa.selenium.remote.service.DriverCommandExecutor.execute(DriverCommandExecutor.java:83)
	at org.openqa.selenium.remote.RemoteWebDriver.execute(RemoteWebDriver.java:576)
	at org.openqa.selenium.remote.RemoteWebDriver.findElement(RemoteWebDriver.java:327)
	at org.openqa.selenium.remote.RemoteWebDriver.findElementByXPath(RemoteWebDriver.java:445)
	at org.openqa.selenium.By$ByXPath.findElement(By.java:396)
	at org.openqa.selenium.remote.RemoteWebDriver.findElement(RemoteWebDriver.java:319)
	at org.openqa.selenium.support.pagefactory.DefaultElementLocator.findElement(DefaultElementLocator.java:70)
	at org.openqa.selenium.support.pagefactory.internal.LocatingElementHandler.invoke(LocatingElementHandler.java:39)
	at jdk.proxy2/jdk.proxy2.$Proxy26.getText(Unknown Source)
	at stepDefinitions.setup.ManageNamespaces.namespaceWithNamespace_nameShouldBeDisplayedInSearchResults(ManageNamespaces.java:76)
	at ?.Namespace with Namespace_name[1] should be displayed in search results(file:///C:/Users/jumpboxadmin/git/Connect-Automation/Connect_Automation/src/test/resources/features/setup/ManageNamespaces.feature:47)
</pre></div><a href='#' onClick='toggleBox("stack-trace1475508472", this, "Click to show all stack frames", "Click to hide stack frames")'>Click to show all stack frames</a>
<div class='stack-trace' id='stack-trace1475508472'><pre>org.openqa.selenium.NoSuchElementException: no such element: Unable to locate element: {&quot;method&quot;:&quot;xpath&quot;,&quot;selector&quot;:&quot;//*[@id=&apos;unique_id&apos;]/tbody/tr[2]/td[3]&quot;}
  (Session info: chrome=94.0.4606.71)
For documentation on this error, please visit: https://www.seleniumhq.org/exceptions/no_such_element.html
Build info: version: &apos;4.0.0-alpha-3&apos;, revision: &apos;8c567de6dc&apos;
System info: host: &apos;JUMPBOX-WIN2016&apos;, ip: &apos;10.228.0.127&apos;, os.name: &apos;Windows Server 2016&apos;, os.arch: &apos;amd64&apos;, os.version: &apos;10.0&apos;, java.version: &apos;16.0.2&apos;
Driver info: org.openqa.selenium.chrome.ChromeDriver
Capabilities {acceptInsecureCerts: false, browserName: chrome, browserVersion: 94.0.4606.71, chrome: {chromedriverVersion: 94.0.4606.61 (418b78f5838ed..., userDataDir: C:\Users\JUMPBO~1\AppData\L...}, goog:chromeOptions: {debuggerAddress: localhost:58238}, javascriptEnabled: true, networkConnectionEnabled: false, pageLoadStrategy: normal, platform: WINDOWS, platformName: WINDOWS, proxy: Proxy(), setWindowRect: true, strictFileInteractability: false, timeouts: {implicit: 0, pageLoad: 300000, script: 30000}, unhandledPromptBehavior: dismiss and notify, webauthn:extension:credBlob: true, webauthn:extension:largeBlob: true, webauthn:virtualAuthenticators: true}
Session ID: a26af9fdd4b084d6526dcf331d84196e
*** Element info: {Using=xpath, value=//*[@id=&apos;unique_id&apos;]/tbody/tr[2]/td[3]}
	at java.base/jdk.internal.reflect.NativeConstructorAccessorImpl.newInstance0(Native Method)
	at java.base/jdk.internal.reflect.NativeConstructorAccessorImpl.newInstance(NativeConstructorAccessorImpl.java:78)
	at java.base/jdk.internal.reflect.DelegatingConstructorAccessorImpl.newInstance(DelegatingConstructorAccessorImpl.java:45)
	at java.base/java.lang.reflect.Constructor.newInstanceWithCaller(Constructor.java:499)
	at java.base/java.lang.reflect.Constructor.newInstance(Constructor.java:480)
	at org.openqa.selenium.remote.codec.w3c.W3CHttpResponseCodec.createException(W3CHttpResponseCodec.java:191)
	at org.openqa.selenium.remote.codec.w3c.W3CHttpResponseCodec.decode(W3CHttpResponseCodec.java:125)
	at org.openqa.selenium.remote.codec.w3c.W3CHttpResponseCodec.decode(W3CHttpResponseCodec.java:52)
	at org.openqa.selenium.remote.HttpCommandExecutor.execute(HttpCommandExecutor.java:161)
	at org.openqa.selenium.remote.service.DriverCommandExecutor.execute(DriverCommandExecutor.java:83)
	at org.openqa.selenium.remote.RemoteWebDriver.execute(RemoteWebDriver.java:576)
	at org.openqa.selenium.remote.RemoteWebDriver.findElement(RemoteWebDriver.java:327)
	at org.openqa.selenium.remote.RemoteWebDriver.findElementByXPath(RemoteWebDriver.java:445)
	at org.openqa.selenium.By$ByXPath.findElement(By.java:396)
	at org.openqa.selenium.remote.RemoteWebDriver.findElement(RemoteWebDriver.java:319)
	at org.openqa.selenium.support.pagefactory.DefaultElementLocator.findElement(DefaultElementLocator.java:70)
	at org.openqa.selenium.support.pagefactory.internal.LocatingElementHandler.invoke(LocatingElementHandler.java:39)
	at jdk.proxy2/jdk.proxy2.$Proxy26.getText(Unknown Source)
	at stepDefinitions.setup.ManageNamespaces.namespaceWithNamespace_nameShouldBeDisplayedInSearchResults(ManageNamespaces.java:76)
	at ?.Namespace with Namespace_name[1] should be displayed in search results(file:///C:/Users/jumpboxadmin/git/Connect-Automation/Connect_Automation/src/test/resources/features/setup/ManageNamespaces.feature:47)
</pre></div></td>
<td>34</td>
<td>runner.Runner@64bce832</td></tr>
<tr>
<td title='runner.Runner.runScenario()'><b>runScenario</b><br>Test class: runner.Runner<br>Test method: Runs Cucumber Scenarios<br>Parameters: "Export Printer recods", "Optional[Add,Search,Edit,Export,Delete Printers]"</td>
<td><div><pre>org.openqa.selenium.NoSuchElementException: no such element: Unable to locate element: {&quot;method&quot;:&quot;css selector&quot;,&quot;selector&quot;:&quot;input[value=Search]&quot;}
  (Session info: chrome=94.0.4606.71)
For documentation on this error, please visit: https://www.seleniumhq.org/exceptions/no_such_element.html
Build info: version: &apos;4.0.0-alpha-3&apos;, revision: &apos;8c567de6dc&apos;
System info: host: &apos;JUMPBOX-WIN2016&apos;, ip: &apos;10.228.0.127&apos;, os.name: &apos;Windows Server 2016&apos;, os.arch: &apos;amd64&apos;, os.version: &apos;10.0&apos;, java.version: &apos;16.0.2&apos;
Driver info: org.openqa.selenium.chrome.ChromeDriver
Capabilities {acceptInsecureCerts: false, browserName: chrome, browserVersion: 94.0.4606.71, chrome: {chromedriverVersion: 94.0.4606.61 (418b78f5838ed..., userDataDir: C:\Users\JUMPBO~1\AppData\L...}, goog:chromeOptions: {debuggerAddress: localhost:59289}, javascriptEnabled: true, networkConnectionEnabled: false, pageLoadStrategy: normal, platform: WINDOWS, platformName: WINDOWS, proxy: Proxy(), setWindowRect: true, strictFileInteractability: false, timeouts: {implicit: 0, pageLoad: 300000, script: 30000}, unhandledPromptBehavior: dismiss and notify, webauthn:extension:credBlob: true, webauthn:extension:largeBlob: true, webauthn:virtualAuthenticators: true}
Session ID: 3207be30fa1fa87867b3654b121490a2
*** Element info: {Using=css selector, value=input[value=Search]}
	at java.base/jdk.internal.reflect.NativeConstructorAccessorImpl.newInstance0(Native Method)
	at java.base/jdk.internal.reflect.NativeConstructorAccessorImpl.newInstance(NativeConstructorAccessorImpl.java:78)
	at java.base/jdk.internal.reflect.DelegatingConstructorAccessorImpl.newInstance(DelegatingConstructorAccessorImpl.java:45)
	at java.base/java.lang.reflect.Constructor.newInstanceWithCaller(Constructor.java:499)
	at java.base/java.lang.reflect.Constructor.newInstance(Constructor.java:480)
	at org.openqa.selenium.remote.codec.w3c.W3CHttpResponseCodec.createException(W3CHttpResponseCodec.java:191)
	at org.openqa.selenium.remote.codec.w3c.W3CHttpResponseCodec.decode(W3CHttpResponseCodec.java:125)
	at org.openqa.selenium.remote.codec.w3c.W3CHttpResponseCodec.decode(W3CHttpResponseCodec.java:52)
	at org.openqa.selenium.remote.HttpCommandExecutor.execute(HttpCommandExecutor.java:161)
	at org.openqa.selenium.remote.service.DriverCommandExecutor.execute(DriverCommandExecutor.java:83)
	at org.openqa.selenium.remote.RemoteWebDriver.execute(RemoteWebDriver.java:576)
	at org.openqa.selenium.remote.RemoteWebDriver.findElement(RemoteWebDriver.java:327)
	at org.openqa.selenium.remote.RemoteWebDriver.findElementByCssSelector(RemoteWebDriver.java:435)
	at org.openqa.selenium.By$ByCssSelector.findElement(By.java:496)
	at org.openqa.selenium.remote.RemoteWebDriver.findElement(RemoteWebDriver.java:319)
	at org.openqa.selenium.support.pagefactory.DefaultElementLocator.findElement(DefaultElementLocator.java:70)
	at org.openqa.selenium.support.pagefactory.internal.LocatingElementHandler.invoke(LocatingElementHandler.java:39)
	at jdk.proxy2/jdk.proxy2.$Proxy26.click(Unknown Source)
	at stepDefinitions.devices.ManagePrinters.userClicksOnSearchButtonToSearchPrinters(ManagePrinters.java:141)
	at ?.User clicks on Search button to search Printers(file:///C:/Users/jumpboxadmin/git/Connect-Automation/Connect_Automation/src/test/resources/features/devices/ManagePrinters.feature:58)
</pre></div><a href='#' onClick='toggleBox("stack-trace934352861", this, "Click to show all stack frames", "Click to hide stack frames")'>Click to show all stack frames</a>
<div class='stack-trace' id='stack-trace934352861'><pre>org.openqa.selenium.NoSuchElementException: no such element: Unable to locate element: {&quot;method&quot;:&quot;css selector&quot;,&quot;selector&quot;:&quot;input[value=Search]&quot;}
  (Session info: chrome=94.0.4606.71)
For documentation on this error, please visit: https://www.seleniumhq.org/exceptions/no_such_element.html
Build info: version: &apos;4.0.0-alpha-3&apos;, revision: &apos;8c567de6dc&apos;
System info: host: &apos;JUMPBOX-WIN2016&apos;, ip: &apos;10.228.0.127&apos;, os.name: &apos;Windows Server 2016&apos;, os.arch: &apos;amd64&apos;, os.version: &apos;10.0&apos;, java.version: &apos;16.0.2&apos;
Driver info: org.openqa.selenium.chrome.ChromeDriver
Capabilities {acceptInsecureCerts: false, browserName: chrome, browserVersion: 94.0.4606.71, chrome: {chromedriverVersion: 94.0.4606.61 (418b78f5838ed..., userDataDir: C:\Users\JUMPBO~1\AppData\L...}, goog:chromeOptions: {debuggerAddress: localhost:59289}, javascriptEnabled: true, networkConnectionEnabled: false, pageLoadStrategy: normal, platform: WINDOWS, platformName: WINDOWS, proxy: Proxy(), setWindowRect: true, strictFileInteractability: false, timeouts: {implicit: 0, pageLoad: 300000, script: 30000}, unhandledPromptBehavior: dismiss and notify, webauthn:extension:credBlob: true, webauthn:extension:largeBlob: true, webauthn:virtualAuthenticators: true}
Session ID: 3207be30fa1fa87867b3654b121490a2
*** Element info: {Using=css selector, value=input[value=Search]}
	at java.base/jdk.internal.reflect.NativeConstructorAccessorImpl.newInstance0(Native Method)
	at java.base/jdk.internal.reflect.NativeConstructorAccessorImpl.newInstance(NativeConstructorAccessorImpl.java:78)
	at java.base/jdk.internal.reflect.DelegatingConstructorAccessorImpl.newInstance(DelegatingConstructorAccessorImpl.java:45)
	at java.base/java.lang.reflect.Constructor.newInstanceWithCaller(Constructor.java:499)
	at java.base/java.lang.reflect.Constructor.newInstance(Constructor.java:480)
	at org.openqa.selenium.remote.codec.w3c.W3CHttpResponseCodec.createException(W3CHttpResponseCodec.java:191)
	at org.openqa.selenium.remote.codec.w3c.W3CHttpResponseCodec.decode(W3CHttpResponseCodec.java:125)
	at org.openqa.selenium.remote.codec.w3c.W3CHttpResponseCodec.decode(W3CHttpResponseCodec.java:52)
	at org.openqa.selenium.remote.HttpCommandExecutor.execute(HttpCommandExecutor.java:161)
	at org.openqa.selenium.remote.service.DriverCommandExecutor.execute(DriverCommandExecutor.java:83)
	at org.openqa.selenium.remote.RemoteWebDriver.execute(RemoteWebDriver.java:576)
	at org.openqa.selenium.remote.RemoteWebDriver.findElement(RemoteWebDriver.java:327)
	at org.openqa.selenium.remote.RemoteWebDriver.findElementByCssSelector(RemoteWebDriver.java:435)
	at org.openqa.selenium.By$ByCssSelector.findElement(By.java:496)
	at org.openqa.selenium.remote.RemoteWebDriver.findElement(RemoteWebDriver.java:319)
	at org.openqa.selenium.support.pagefactory.DefaultElementLocator.findElement(DefaultElementLocator.java:70)
	at org.openqa.selenium.support.pagefactory.internal.LocatingElementHandler.invoke(LocatingElementHandler.java:39)
	at jdk.proxy2/jdk.proxy2.$Proxy26.click(Unknown Source)
	at stepDefinitions.devices.ManagePrinters.userClicksOnSearchButtonToSearchPrinters(ManagePrinters.java:141)
	at ?.User clicks on Search button to search Printers(file:///C:/Users/jumpboxadmin/git/Connect-Automation/Connect_Automation/src/test/resources/features/devices/ManagePrinters.feature:58)
</pre></div></td>
<td>34</td>
<td>runner.Runner@64bce832</td></tr>
<tr>
<td title='runner.Runner.runScenario()'><b>runScenario</b><br>Test class: runner.Runner<br>Test method: Runs Cucumber Scenarios<br>Parameters: "Edit a Namespace", "Optional[Add,Search,Edit,Export,Delete Namespaces]"</td>
<td><div><pre>org.openqa.selenium.NoSuchElementException: no such element: Unable to locate element: {&quot;method&quot;:&quot;xpath&quot;,&quot;selector&quot;:&quot;//*[@id=&apos;unique_id&apos;]/tbody/tr[2]/td[3]&quot;}
  (Session info: chrome=94.0.4606.71)
For documentation on this error, please visit: https://www.seleniumhq.org/exceptions/no_such_element.html
Build info: version: &apos;4.0.0-alpha-3&apos;, revision: &apos;8c567de6dc&apos;
System info: host: &apos;JUMPBOX-WIN2016&apos;, ip: &apos;10.228.0.127&apos;, os.name: &apos;Windows Server 2016&apos;, os.arch: &apos;amd64&apos;, os.version: &apos;10.0&apos;, java.version: &apos;16.0.2&apos;
Driver info: org.openqa.selenium.chrome.ChromeDriver
Capabilities {acceptInsecureCerts: false, browserName: chrome, browserVersion: 94.0.4606.71, chrome: {chromedriverVersion: 94.0.4606.61 (418b78f5838ed..., userDataDir: C:\Users\JUMPBO~1\AppData\L...}, goog:chromeOptions: {debuggerAddress: localhost:60864}, javascriptEnabled: true, networkConnectionEnabled: false, pageLoadStrategy: normal, platform: WINDOWS, platformName: WINDOWS, proxy: Proxy(), setWindowRect: true, strictFileInteractability: false, timeouts: {implicit: 0, pageLoad: 300000, script: 30000}, unhandledPromptBehavior: dismiss and notify, webauthn:extension:credBlob: true, webauthn:extension:largeBlob: true, webauthn:virtualAuthenticators: true}
Session ID: 7d4a481d37eb881f5cc6eb0efd08a7e9
*** Element info: {Using=xpath, value=//*[@id=&apos;unique_id&apos;]/tbody/tr[2]/td[3]}
	at java.base/jdk.internal.reflect.NativeConstructorAccessorImpl.newInstance0(Native Method)
	at java.base/jdk.internal.reflect.NativeConstructorAccessorImpl.newInstance(NativeConstructorAccessorImpl.java:78)
	at java.base/jdk.internal.reflect.DelegatingConstructorAccessorImpl.newInstance(DelegatingConstructorAccessorImpl.java:45)
	at java.base/java.lang.reflect.Constructor.newInstanceWithCaller(Constructor.java:499)
	at java.base/java.lang.reflect.Constructor.newInstance(Constructor.java:480)
	at org.openqa.selenium.remote.codec.w3c.W3CHttpResponseCodec.createException(W3CHttpResponseCodec.java:191)
	at org.openqa.selenium.remote.codec.w3c.W3CHttpResponseCodec.decode(W3CHttpResponseCodec.java:125)
	at org.openqa.selenium.remote.codec.w3c.W3CHttpResponseCodec.decode(W3CHttpResponseCodec.java:52)
	at org.openqa.selenium.remote.HttpCommandExecutor.execute(HttpCommandExecutor.java:161)
	at org.openqa.selenium.remote.service.DriverCommandExecutor.execute(DriverCommandExecutor.java:83)
	at org.openqa.selenium.remote.RemoteWebDriver.execute(RemoteWebDriver.java:576)
	at org.openqa.selenium.remote.RemoteWebDriver.findElement(RemoteWebDriver.java:327)
	at org.openqa.selenium.remote.RemoteWebDriver.findElementByXPath(RemoteWebDriver.java:445)
	at org.openqa.selenium.By$ByXPath.findElement(By.java:396)
	at org.openqa.selenium.remote.RemoteWebDriver.findElement(RemoteWebDriver.java:319)
	at org.openqa.selenium.support.pagefactory.DefaultElementLocator.findElement(DefaultElementLocator.java:70)
	at org.openqa.selenium.support.pagefactory.internal.LocatingElementHandler.invoke(LocatingElementHandler.java:39)
	at jdk.proxy2/jdk.proxy2.$Proxy26.getText(Unknown Source)
	at stepDefinitions.setup.ManageNamespaces.namespaceWithNamespace_nameShouldBeDisplayedInSearchResults(ManageNamespaces.java:76)
	at ?.Namespace with Namespace_name[0] should be displayed in search results(file:///C:/Users/jumpboxadmin/git/Connect-Automation/Connect_Automation/src/test/resources/features/setup/ManageNamespaces.feature:35)
</pre></div><a href='#' onClick='toggleBox("stack-trace1984125388", this, "Click to show all stack frames", "Click to hide stack frames")'>Click to show all stack frames</a>
<div class='stack-trace' id='stack-trace1984125388'><pre>org.openqa.selenium.NoSuchElementException: no such element: Unable to locate element: {&quot;method&quot;:&quot;xpath&quot;,&quot;selector&quot;:&quot;//*[@id=&apos;unique_id&apos;]/tbody/tr[2]/td[3]&quot;}
  (Session info: chrome=94.0.4606.71)
For documentation on this error, please visit: https://www.seleniumhq.org/exceptions/no_such_element.html
Build info: version: &apos;4.0.0-alpha-3&apos;, revision: &apos;8c567de6dc&apos;
System info: host: &apos;JUMPBOX-WIN2016&apos;, ip: &apos;10.228.0.127&apos;, os.name: &apos;Windows Server 2016&apos;, os.arch: &apos;amd64&apos;, os.version: &apos;10.0&apos;, java.version: &apos;16.0.2&apos;
Driver info: org.openqa.selenium.chrome.ChromeDriver
Capabilities {acceptInsecureCerts: false, browserName: chrome, browserVersion: 94.0.4606.71, chrome: {chromedriverVersion: 94.0.4606.61 (418b78f5838ed..., userDataDir: C:\Users\JUMPBO~1\AppData\L...}, goog:chromeOptions: {debuggerAddress: localhost:60864}, javascriptEnabled: true, networkConnectionEnabled: false, pageLoadStrategy: normal, platform: WINDOWS, platformName: WINDOWS, proxy: Proxy(), setWindowRect: true, strictFileInteractability: false, timeouts: {implicit: 0, pageLoad: 300000, script: 30000}, unhandledPromptBehavior: dismiss and notify, webauthn:extension:credBlob: true, webauthn:extension:largeBlob: true, webauthn:virtualAuthenticators: true}
Session ID: 7d4a481d37eb881f5cc6eb0efd08a7e9
*** Element info: {Using=xpath, value=//*[@id=&apos;unique_id&apos;]/tbody/tr[2]/td[3]}
	at java.base/jdk.internal.reflect.NativeConstructorAccessorImpl.newInstance0(Native Method)
	at java.base/jdk.internal.reflect.NativeConstructorAccessorImpl.newInstance(NativeConstructorAccessorImpl.java:78)
	at java.base/jdk.internal.reflect.DelegatingConstructorAccessorImpl.newInstance(DelegatingConstructorAccessorImpl.java:45)
	at java.base/java.lang.reflect.Constructor.newInstanceWithCaller(Constructor.java:499)
	at java.base/java.lang.reflect.Constructor.newInstance(Constructor.java:480)
	at org.openqa.selenium.remote.codec.w3c.W3CHttpResponseCodec.createException(W3CHttpResponseCodec.java:191)
	at org.openqa.selenium.remote.codec.w3c.W3CHttpResponseCodec.decode(W3CHttpResponseCodec.java:125)
	at org.openqa.selenium.remote.codec.w3c.W3CHttpResponseCodec.decode(W3CHttpResponseCodec.java:52)
	at org.openqa.selenium.remote.HttpCommandExecutor.execute(HttpCommandExecutor.java:161)
	at org.openqa.selenium.remote.service.DriverCommandExecutor.execute(DriverCommandExecutor.java:83)
	at org.openqa.selenium.remote.RemoteWebDriver.execute(RemoteWebDriver.java:576)
	at org.openqa.selenium.remote.RemoteWebDriver.findElement(RemoteWebDriver.java:327)
	at org.openqa.selenium.remote.RemoteWebDriver.findElementByXPath(RemoteWebDriver.java:445)
	at org.openqa.selenium.By$ByXPath.findElement(By.java:396)
	at org.openqa.selenium.remote.RemoteWebDriver.findElement(RemoteWebDriver.java:319)
	at org.openqa.selenium.support.pagefactory.DefaultElementLocator.findElement(DefaultElementLocator.java:70)
	at org.openqa.selenium.support.pagefactory.internal.LocatingElementHandler.invoke(LocatingElementHandler.java:39)
	at jdk.proxy2/jdk.proxy2.$Proxy26.getText(Unknown Source)
	at stepDefinitions.setup.ManageNamespaces.namespaceWithNamespace_nameShouldBeDisplayedInSearchResults(ManageNamespaces.java:76)
	at ?.Namespace with Namespace_name[0] should be displayed in search results(file:///C:/Users/jumpboxadmin/git/Connect-Automation/Connect_Automation/src/test/resources/features/setup/ManageNamespaces.feature:35)
</pre></div></td>
<td>34</td>
<td>runner.Runner@64bce832</td></tr>
<tr>
<td title='runner.Runner.runScenario()'><b>runScenario</b><br>Test class: runner.Runner<br>Test method: Runs Cucumber Scenarios<br>Parameters: "Add a Printer", "Optional[Add,Search,Edit,Export,Delete Printers]"</td>
<td><div><pre>org.openqa.selenium.NoSuchElementException: no such element: Unable to locate element: {&quot;method&quot;:&quot;css selector&quot;,&quot;selector&quot;:&quot;input[value=Add]&quot;}
  (Session info: chrome=94.0.4606.71)
For documentation on this error, please visit: https://www.seleniumhq.org/exceptions/no_such_element.html
Build info: version: &apos;4.0.0-alpha-3&apos;, revision: &apos;8c567de6dc&apos;
System info: host: &apos;JUMPBOX-WIN2016&apos;, ip: &apos;10.228.0.127&apos;, os.name: &apos;Windows Server 2016&apos;, os.arch: &apos;amd64&apos;, os.version: &apos;10.0&apos;, java.version: &apos;16.0.2&apos;
Driver info: org.openqa.selenium.chrome.ChromeDriver
Capabilities {acceptInsecureCerts: false, browserName: chrome, browserVersion: 94.0.4606.71, chrome: {chromedriverVersion: 94.0.4606.61 (418b78f5838ed..., userDataDir: C:\Users\JUMPBO~1\AppData\L...}, goog:chromeOptions: {debuggerAddress: localhost:55345}, javascriptEnabled: true, networkConnectionEnabled: false, pageLoadStrategy: normal, platform: WINDOWS, platformName: WINDOWS, proxy: Proxy(), setWindowRect: true, strictFileInteractability: false, timeouts: {implicit: 0, pageLoad: 300000, script: 30000}, unhandledPromptBehavior: dismiss and notify, webauthn:extension:credBlob: true, webauthn:extension:largeBlob: true, webauthn:virtualAuthenticators: true}
Session ID: f89b6ebaf76f73637e2fb0d19c15962a
*** Element info: {Using=css selector, value=input[value=Add]}
	at java.base/jdk.internal.reflect.NativeConstructorAccessorImpl.newInstance0(Native Method)
	at java.base/jdk.internal.reflect.NativeConstructorAccessorImpl.newInstance(NativeConstructorAccessorImpl.java:78)
	at java.base/jdk.internal.reflect.DelegatingConstructorAccessorImpl.newInstance(DelegatingConstructorAccessorImpl.java:45)
	at java.base/java.lang.reflect.Constructor.newInstanceWithCaller(Constructor.java:499)
	at java.base/java.lang.reflect.Constructor.newInstance(Constructor.java:480)
	at org.openqa.selenium.remote.codec.w3c.W3CHttpResponseCodec.createException(W3CHttpResponseCodec.java:191)
	at org.openqa.selenium.remote.codec.w3c.W3CHttpResponseCodec.decode(W3CHttpResponseCodec.java:125)
	at org.openqa.selenium.remote.codec.w3c.W3CHttpResponseCodec.decode(W3CHttpResponseCodec.java:52)
	at org.openqa.selenium.remote.HttpCommandExecutor.execute(HttpCommandExecutor.java:161)
	at org.openqa.selenium.remote.service.DriverCommandExecutor.execute(DriverCommandExecutor.java:83)
	at org.openqa.selenium.remote.RemoteWebDriver.execute(RemoteWebDriver.java:576)
	at org.openqa.selenium.remote.RemoteWebDriver.findElement(RemoteWebDriver.java:327)
	at org.openqa.selenium.remote.RemoteWebDriver.findElementByCssSelector(RemoteWebDriver.java:435)
	at org.openqa.selenium.By$ByCssSelector.findElement(By.java:496)
	at org.openqa.selenium.remote.RemoteWebDriver.findElement(RemoteWebDriver.java:319)
	at org.openqa.selenium.support.pagefactory.DefaultElementLocator.findElement(DefaultElementLocator.java:70)
	at org.openqa.selenium.support.pagefactory.internal.LocatingElementHandler.invoke(LocatingElementHandler.java:39)
	at jdk.proxy2/jdk.proxy2.$Proxy26.click(Unknown Source)
	at stepDefinitions.devices.ManagePrinters.userClicksOnAddButtonToAddPrinter(ManagePrinters.java:40)
	at ?.User clicks on Add button to add Printer(file:///C:/Users/jumpboxadmin/git/Connect-Automation/Connect_Automation/src/test/resources/features/devices/ManagePrinters.feature:17)
</pre></div><a href='#' onClick='toggleBox("stack-trace406500367", this, "Click to show all stack frames", "Click to hide stack frames")'>Click to show all stack frames</a>
<div class='stack-trace' id='stack-trace406500367'><pre>org.openqa.selenium.NoSuchElementException: no such element: Unable to locate element: {&quot;method&quot;:&quot;css selector&quot;,&quot;selector&quot;:&quot;input[value=Add]&quot;}
  (Session info: chrome=94.0.4606.71)
For documentation on this error, please visit: https://www.seleniumhq.org/exceptions/no_such_element.html
Build info: version: &apos;4.0.0-alpha-3&apos;, revision: &apos;8c567de6dc&apos;
System info: host: &apos;JUMPBOX-WIN2016&apos;, ip: &apos;10.228.0.127&apos;, os.name: &apos;Windows Server 2016&apos;, os.arch: &apos;amd64&apos;, os.version: &apos;10.0&apos;, java.version: &apos;16.0.2&apos;
Driver info: org.openqa.selenium.chrome.ChromeDriver
Capabilities {acceptInsecureCerts: false, browserName: chrome, browserVersion: 94.0.4606.71, chrome: {chromedriverVersion: 94.0.4606.61 (418b78f5838ed..., userDataDir: C:\Users\JUMPBO~1\AppData\L...}, goog:chromeOptions: {debuggerAddress: localhost:55345}, javascriptEnabled: true, networkConnectionEnabled: false, pageLoadStrategy: normal, platform: WINDOWS, platformName: WINDOWS, proxy: Proxy(), setWindowRect: true, strictFileInteractability: false, timeouts: {implicit: 0, pageLoad: 300000, script: 30000}, unhandledPromptBehavior: dismiss and notify, webauthn:extension:credBlob: true, webauthn:extension:largeBlob: true, webauthn:virtualAuthenticators: true}
Session ID: f89b6ebaf76f73637e2fb0d19c15962a
*** Element info: {Using=css selector, value=input[value=Add]}
	at java.base/jdk.internal.reflect.NativeConstructorAccessorImpl.newInstance0(Native Method)
	at java.base/jdk.internal.reflect.NativeConstructorAccessorImpl.newInstance(NativeConstructorAccessorImpl.java:78)
	at java.base/jdk.internal.reflect.DelegatingConstructorAccessorImpl.newInstance(DelegatingConstructorAccessorImpl.java:45)
	at java.base/java.lang.reflect.Constructor.newInstanceWithCaller(Constructor.java:499)
	at java.base/java.lang.reflect.Constructor.newInstance(Constructor.java:480)
	at org.openqa.selenium.remote.codec.w3c.W3CHttpResponseCodec.createException(W3CHttpResponseCodec.java:191)
	at org.openqa.selenium.remote.codec.w3c.W3CHttpResponseCodec.decode(W3CHttpResponseCodec.java:125)
	at org.openqa.selenium.remote.codec.w3c.W3CHttpResponseCodec.decode(W3CHttpResponseCodec.java:52)
	at org.openqa.selenium.remote.HttpCommandExecutor.execute(HttpCommandExecutor.java:161)
	at org.openqa.selenium.remote.service.DriverCommandExecutor.execute(DriverCommandExecutor.java:83)
	at org.openqa.selenium.remote.RemoteWebDriver.execute(RemoteWebDriver.java:576)
	at org.openqa.selenium.remote.RemoteWebDriver.findElement(RemoteWebDriver.java:327)
	at org.openqa.selenium.remote.RemoteWebDriver.findElementByCssSelector(RemoteWebDriver.java:435)
	at org.openqa.selenium.By$ByCssSelector.findElement(By.java:496)
	at org.openqa.selenium.remote.RemoteWebDriver.findElement(RemoteWebDriver.java:319)
	at org.openqa.selenium.support.pagefactory.DefaultElementLocator.findElement(DefaultElementLocator.java:70)
	at org.openqa.selenium.support.pagefactory.internal.LocatingElementHandler.invoke(LocatingElementHandler.java:39)
	at jdk.proxy2/jdk.proxy2.$Proxy26.click(Unknown Source)
	at stepDefinitions.devices.ManagePrinters.userClicksOnAddButtonToAddPrinter(ManagePrinters.java:40)
	at ?.User clicks on Add button to add Printer(file:///C:/Users/jumpboxadmin/git/Connect-Automation/Connect_Automation/src/test/resources/features/devices/ManagePrinters.feature:17)
</pre></div></td>
<td>34</td>
<td>runner.Runner@64bce832</td></tr>
<tr>
<td title='runner.Runner.runScenario()'><b>runScenario</b><br>Test class: runner.Runner<br>Test method: Runs Cucumber Scenarios<br>Parameters: "Search a Printer", "Optional[Add,Search,Edit,Export,Delete Printers]"</td>
<td><div><pre>org.openqa.selenium.NoSuchElementException: no such element: Unable to locate element: {&quot;method&quot;:&quot;css selector&quot;,&quot;selector&quot;:&quot;*[name=&apos;search_name&apos;]&quot;}
  (Session info: chrome=94.0.4606.71)
For documentation on this error, please visit: https://www.seleniumhq.org/exceptions/no_such_element.html
Build info: version: &apos;4.0.0-alpha-3&apos;, revision: &apos;8c567de6dc&apos;
System info: host: &apos;JUMPBOX-WIN2016&apos;, ip: &apos;10.228.0.127&apos;, os.name: &apos;Windows Server 2016&apos;, os.arch: &apos;amd64&apos;, os.version: &apos;10.0&apos;, java.version: &apos;16.0.2&apos;
Driver info: org.openqa.selenium.chrome.ChromeDriver
Capabilities {acceptInsecureCerts: false, browserName: chrome, browserVersion: 94.0.4606.71, chrome: {chromedriverVersion: 94.0.4606.61 (418b78f5838ed..., userDataDir: C:\Users\JUMPBO~1\AppData\L...}, goog:chromeOptions: {debuggerAddress: localhost:55051}, javascriptEnabled: true, networkConnectionEnabled: false, pageLoadStrategy: normal, platform: WINDOWS, platformName: WINDOWS, proxy: Proxy(), setWindowRect: true, strictFileInteractability: false, timeouts: {implicit: 0, pageLoad: 300000, script: 30000}, unhandledPromptBehavior: dismiss and notify, webauthn:extension:credBlob: true, webauthn:extension:largeBlob: true, webauthn:virtualAuthenticators: true}
Session ID: 36d80770e608b918ede1206b24f5f48a
*** Element info: {Using=name, value=search_name}
	at java.base/jdk.internal.reflect.NativeConstructorAccessorImpl.newInstance0(Native Method)
	at java.base/jdk.internal.reflect.NativeConstructorAccessorImpl.newInstance(NativeConstructorAccessorImpl.java:78)
	at java.base/jdk.internal.reflect.DelegatingConstructorAccessorImpl.newInstance(DelegatingConstructorAccessorImpl.java:45)
	at java.base/java.lang.reflect.Constructor.newInstanceWithCaller(Constructor.java:499)
	at java.base/java.lang.reflect.Constructor.newInstance(Constructor.java:480)
	at org.openqa.selenium.remote.codec.w3c.W3CHttpResponseCodec.createException(W3CHttpResponseCodec.java:191)
	at org.openqa.selenium.remote.codec.w3c.W3CHttpResponseCodec.decode(W3CHttpResponseCodec.java:125)
	at org.openqa.selenium.remote.codec.w3c.W3CHttpResponseCodec.decode(W3CHttpResponseCodec.java:52)
	at org.openqa.selenium.remote.HttpCommandExecutor.execute(HttpCommandExecutor.java:161)
	at org.openqa.selenium.remote.service.DriverCommandExecutor.execute(DriverCommandExecutor.java:83)
	at org.openqa.selenium.remote.RemoteWebDriver.execute(RemoteWebDriver.java:576)
	at org.openqa.selenium.remote.RemoteWebDriver.findElement(RemoteWebDriver.java:327)
	at org.openqa.selenium.remote.RemoteWebDriver.findElementByName(RemoteWebDriver.java:415)
	at org.openqa.selenium.By$ByName.findElement(By.java:313)
	at org.openqa.selenium.remote.RemoteWebDriver.findElement(RemoteWebDriver.java:319)
	at org.openqa.selenium.support.pagefactory.DefaultElementLocator.findElement(DefaultElementLocator.java:70)
	at org.openqa.selenium.support.pagefactory.internal.LocatingElementHandler.invoke(LocatingElementHandler.java:39)
	at jdk.proxy2/jdk.proxy2.$Proxy26.clear(Unknown Source)
	at stepDefinitions.devices.ManagePrinters.userEntersPrinter_nameToSearchAPrinter(ManagePrinters.java:101)
	at ?.User enters Printer_name[0] to search a Printer(file:///C:/Users/jumpboxadmin/git/Connect-Automation/Connect_Automation/src/test/resources/features/devices/ManagePrinters.feature:32)
</pre></div><a href='#' onClick='toggleBox("stack-trace16719145", this, "Click to show all stack frames", "Click to hide stack frames")'>Click to show all stack frames</a>
<div class='stack-trace' id='stack-trace16719145'><pre>org.openqa.selenium.NoSuchElementException: no such element: Unable to locate element: {&quot;method&quot;:&quot;css selector&quot;,&quot;selector&quot;:&quot;*[name=&apos;search_name&apos;]&quot;}
  (Session info: chrome=94.0.4606.71)
For documentation on this error, please visit: https://www.seleniumhq.org/exceptions/no_such_element.html
Build info: version: &apos;4.0.0-alpha-3&apos;, revision: &apos;8c567de6dc&apos;
System info: host: &apos;JUMPBOX-WIN2016&apos;, ip: &apos;10.228.0.127&apos;, os.name: &apos;Windows Server 2016&apos;, os.arch: &apos;amd64&apos;, os.version: &apos;10.0&apos;, java.version: &apos;16.0.2&apos;
Driver info: org.openqa.selenium.chrome.ChromeDriver
Capabilities {acceptInsecureCerts: false, browserName: chrome, browserVersion: 94.0.4606.71, chrome: {chromedriverVersion: 94.0.4606.61 (418b78f5838ed..., userDataDir: C:\Users\JUMPBO~1\AppData\L...}, goog:chromeOptions: {debuggerAddress: localhost:55051}, javascriptEnabled: true, networkConnectionEnabled: false, pageLoadStrategy: normal, platform: WINDOWS, platformName: WINDOWS, proxy: Proxy(), setWindowRect: true, strictFileInteractability: false, timeouts: {implicit: 0, pageLoad: 300000, script: 30000}, unhandledPromptBehavior: dismiss and notify, webauthn:extension:credBlob: true, webauthn:extension:largeBlob: true, webauthn:virtualAuthenticators: true}
Session ID: 36d80770e608b918ede1206b24f5f48a
*** Element info: {Using=name, value=search_name}
	at java.base/jdk.internal.reflect.NativeConstructorAccessorImpl.newInstance0(Native Method)
	at java.base/jdk.internal.reflect.NativeConstructorAccessorImpl.newInstance(NativeConstructorAccessorImpl.java:78)
	at java.base/jdk.internal.reflect.DelegatingConstructorAccessorImpl.newInstance(DelegatingConstructorAccessorImpl.java:45)
	at java.base/java.lang.reflect.Constructor.newInstanceWithCaller(Constructor.java:499)
	at java.base/java.lang.reflect.Constructor.newInstance(Constructor.java:480)
	at org.openqa.selenium.remote.codec.w3c.W3CHttpResponseCodec.createException(W3CHttpResponseCodec.java:191)
	at org.openqa.selenium.remote.codec.w3c.W3CHttpResponseCodec.decode(W3CHttpResponseCodec.java:125)
	at org.openqa.selenium.remote.codec.w3c.W3CHttpResponseCodec.decode(W3CHttpResponseCodec.java:52)
	at org.openqa.selenium.remote.HttpCommandExecutor.execute(HttpCommandExecutor.java:161)
	at org.openqa.selenium.remote.service.DriverCommandExecutor.execute(DriverCommandExecutor.java:83)
	at org.openqa.selenium.remote.RemoteWebDriver.execute(RemoteWebDriver.java:576)
	at org.openqa.selenium.remote.RemoteWebDriver.findElement(RemoteWebDriver.java:327)
	at org.openqa.selenium.remote.RemoteWebDriver.findElementByName(RemoteWebDriver.java:415)
	at org.openqa.selenium.By$ByName.findElement(By.java:313)
	at org.openqa.selenium.remote.RemoteWebDriver.findElement(RemoteWebDriver.java:319)
	at org.openqa.selenium.support.pagefactory.DefaultElementLocator.findElement(DefaultElementLocator.java:70)
	at org.openqa.selenium.support.pagefactory.internal.LocatingElementHandler.invoke(LocatingElementHandler.java:39)
	at jdk.proxy2/jdk.proxy2.$Proxy26.clear(Unknown Source)
	at stepDefinitions.devices.ManagePrinters.userEntersPrinter_nameToSearchAPrinter(ManagePrinters.java:101)
	at ?.User enters Printer_name[0] to search a Printer(file:///C:/Users/jumpboxadmin/git/Connect-Automation/Connect_Automation/src/test/resources/features/devices/ManagePrinters.feature:32)
</pre></div></td>
<td>33</td>
<td>runner.Runner@64bce832</td></tr>
<tr>
<td title='runner.Runner.runScenario()'><b>runScenario</b><br>Test class: runner.Runner<br>Test method: Runs Cucumber Scenarios<br>Parameters: "Edit a Printer", "Optional[Add,Search,Edit,Export,Delete Printers]"</td>
<td><div><pre>org.openqa.selenium.NoSuchElementException: no such element: Unable to locate element: {&quot;method&quot;:&quot;css selector&quot;,&quot;selector&quot;:&quot;*[name=&apos;search_name&apos;]&quot;}
  (Session info: chrome=94.0.4606.71)
For documentation on this error, please visit: https://www.seleniumhq.org/exceptions/no_such_element.html
Build info: version: &apos;4.0.0-alpha-3&apos;, revision: &apos;8c567de6dc&apos;
System info: host: &apos;JUMPBOX-WIN2016&apos;, ip: &apos;10.228.0.127&apos;, os.name: &apos;Windows Server 2016&apos;, os.arch: &apos;amd64&apos;, os.version: &apos;10.0&apos;, java.version: &apos;16.0.2&apos;
Driver info: org.openqa.selenium.chrome.ChromeDriver
Capabilities {acceptInsecureCerts: false, browserName: chrome, browserVersion: 94.0.4606.71, chrome: {chromedriverVersion: 94.0.4606.61 (418b78f5838ed..., userDataDir: C:\Users\JUMPBO~1\AppData\L...}, goog:chromeOptions: {debuggerAddress: localhost:64622}, javascriptEnabled: true, networkConnectionEnabled: false, pageLoadStrategy: normal, platform: WINDOWS, platformName: WINDOWS, proxy: Proxy(), setWindowRect: true, strictFileInteractability: false, timeouts: {implicit: 0, pageLoad: 300000, script: 30000}, unhandledPromptBehavior: dismiss and notify, webauthn:extension:credBlob: true, webauthn:extension:largeBlob: true, webauthn:virtualAuthenticators: true}
Session ID: b1b40c7dd6b67809be90bf8f32cb308d
*** Element info: {Using=name, value=search_name}
	at java.base/jdk.internal.reflect.NativeConstructorAccessorImpl.newInstance0(Native Method)
	at java.base/jdk.internal.reflect.NativeConstructorAccessorImpl.newInstance(NativeConstructorAccessorImpl.java:78)
	at java.base/jdk.internal.reflect.DelegatingConstructorAccessorImpl.newInstance(DelegatingConstructorAccessorImpl.java:45)
	at java.base/java.lang.reflect.Constructor.newInstanceWithCaller(Constructor.java:499)
	at java.base/java.lang.reflect.Constructor.newInstance(Constructor.java:480)
	at org.openqa.selenium.remote.codec.w3c.W3CHttpResponseCodec.createException(W3CHttpResponseCodec.java:191)
	at org.openqa.selenium.remote.codec.w3c.W3CHttpResponseCodec.decode(W3CHttpResponseCodec.java:125)
	at org.openqa.selenium.remote.codec.w3c.W3CHttpResponseCodec.decode(W3CHttpResponseCodec.java:52)
	at org.openqa.selenium.remote.HttpCommandExecutor.execute(HttpCommandExecutor.java:161)
	at org.openqa.selenium.remote.service.DriverCommandExecutor.execute(DriverCommandExecutor.java:83)
	at org.openqa.selenium.remote.RemoteWebDriver.execute(RemoteWebDriver.java:576)
	at org.openqa.selenium.remote.RemoteWebDriver.findElement(RemoteWebDriver.java:327)
	at org.openqa.selenium.remote.RemoteWebDriver.findElementByName(RemoteWebDriver.java:415)
	at org.openqa.selenium.By$ByName.findElement(By.java:313)
	at org.openqa.selenium.remote.RemoteWebDriver.findElement(RemoteWebDriver.java:319)
	at org.openqa.selenium.support.pagefactory.DefaultElementLocator.findElement(DefaultElementLocator.java:70)
	at org.openqa.selenium.support.pagefactory.internal.LocatingElementHandler.invoke(LocatingElementHandler.java:39)
	at jdk.proxy2/jdk.proxy2.$Proxy26.clear(Unknown Source)
	at stepDefinitions.devices.ManagePrinters.userEntersPrinter_nameToSearchAPrinter(ManagePrinters.java:101)
	at ?.User enters Printer_name[0] to search a Printer(file:///C:/Users/jumpboxadmin/git/Connect-Automation/Connect_Automation/src/test/resources/features/devices/ManagePrinters.feature:40)
</pre></div><a href='#' onClick='toggleBox("stack-trace1772167545", this, "Click to show all stack frames", "Click to hide stack frames")'>Click to show all stack frames</a>
<div class='stack-trace' id='stack-trace1772167545'><pre>org.openqa.selenium.NoSuchElementException: no such element: Unable to locate element: {&quot;method&quot;:&quot;css selector&quot;,&quot;selector&quot;:&quot;*[name=&apos;search_name&apos;]&quot;}
  (Session info: chrome=94.0.4606.71)
For documentation on this error, please visit: https://www.seleniumhq.org/exceptions/no_such_element.html
Build info: version: &apos;4.0.0-alpha-3&apos;, revision: &apos;8c567de6dc&apos;
System info: host: &apos;JUMPBOX-WIN2016&apos;, ip: &apos;10.228.0.127&apos;, os.name: &apos;Windows Server 2016&apos;, os.arch: &apos;amd64&apos;, os.version: &apos;10.0&apos;, java.version: &apos;16.0.2&apos;
Driver info: org.openqa.selenium.chrome.ChromeDriver
Capabilities {acceptInsecureCerts: false, browserName: chrome, browserVersion: 94.0.4606.71, chrome: {chromedriverVersion: 94.0.4606.61 (418b78f5838ed..., userDataDir: C:\Users\JUMPBO~1\AppData\L...}, goog:chromeOptions: {debuggerAddress: localhost:64622}, javascriptEnabled: true, networkConnectionEnabled: false, pageLoadStrategy: normal, platform: WINDOWS, platformName: WINDOWS, proxy: Proxy(), setWindowRect: true, strictFileInteractability: false, timeouts: {implicit: 0, pageLoad: 300000, script: 30000}, unhandledPromptBehavior: dismiss and notify, webauthn:extension:credBlob: true, webauthn:extension:largeBlob: true, webauthn:virtualAuthenticators: true}
Session ID: b1b40c7dd6b67809be90bf8f32cb308d
*** Element info: {Using=name, value=search_name}
	at java.base/jdk.internal.reflect.NativeConstructorAccessorImpl.newInstance0(Native Method)
	at java.base/jdk.internal.reflect.NativeConstructorAccessorImpl.newInstance(NativeConstructorAccessorImpl.java:78)
	at java.base/jdk.internal.reflect.DelegatingConstructorAccessorImpl.newInstance(DelegatingConstructorAccessorImpl.java:45)
	at java.base/java.lang.reflect.Constructor.newInstanceWithCaller(Constructor.java:499)
	at java.base/java.lang.reflect.Constructor.newInstance(Constructor.java:480)
	at org.openqa.selenium.remote.codec.w3c.W3CHttpResponseCodec.createException(W3CHttpResponseCodec.java:191)
	at org.openqa.selenium.remote.codec.w3c.W3CHttpResponseCodec.decode(W3CHttpResponseCodec.java:125)
	at org.openqa.selenium.remote.codec.w3c.W3CHttpResponseCodec.decode(W3CHttpResponseCodec.java:52)
	at org.openqa.selenium.remote.HttpCommandExecutor.execute(HttpCommandExecutor.java:161)
	at org.openqa.selenium.remote.service.DriverCommandExecutor.execute(DriverCommandExecutor.java:83)
	at org.openqa.selenium.remote.RemoteWebDriver.execute(RemoteWebDriver.java:576)
	at org.openqa.selenium.remote.RemoteWebDriver.findElement(RemoteWebDriver.java:327)
	at org.openqa.selenium.remote.RemoteWebDriver.findElementByName(RemoteWebDriver.java:415)
	at org.openqa.selenium.By$ByName.findElement(By.java:313)
	at org.openqa.selenium.remote.RemoteWebDriver.findElement(RemoteWebDriver.java:319)
	at org.openqa.selenium.support.pagefactory.DefaultElementLocator.findElement(DefaultElementLocator.java:70)
	at org.openqa.selenium.support.pagefactory.internal.LocatingElementHandler.invoke(LocatingElementHandler.java:39)
	at jdk.proxy2/jdk.proxy2.$Proxy26.clear(Unknown Source)
	at stepDefinitions.devices.ManagePrinters.userEntersPrinter_nameToSearchAPrinter(ManagePrinters.java:101)
	at ?.User enters Printer_name[0] to search a Printer(file:///C:/Users/jumpboxadmin/git/Connect-Automation/Connect_Automation/src/test/resources/features/devices/ManagePrinters.feature:40)
</pre></div></td>
<td>33</td>
<td>runner.Runner@64bce832</td></tr>
<tr>
<td title='runner.Runner.runScenario()'><b>runScenario</b><br>Test class: runner.Runner<br>Test method: Runs Cucumber Scenarios<br>Parameters: "Edit a User", "Optional[Add,Search,Edit,Enable,Disable,Export Users records]"</td>
<td><div><pre>io.cucumber.testng.UndefinedStepException: The step &apos;Verify user details updated successfully&apos; is undefined.
You can implement this step using the snippet(s) below:

Then(&quot;Verify user details updated successfully&quot;, () -&gt; {
    // Write code here that turns the phrase above into concrete actions
    throw new io.cucumber.java8.PendingException();
});
@Then(&quot;Verify user details updated successfully&quot;)
public void verify_user_details_updated_successfully() {
    // Write code here that turns the phrase above into concrete actions
    throw new io.cucumber.java.PendingException();
}

	at io.cucumber.core.runtime.TestCaseResultObserver.assertTestCasePassed(TestCaseResultObserver.java:69)
	at io.cucumber.testng.TestCaseResultObserver.assertTestCasePassed(TestCaseResultObserver.java:23)
	at io.cucumber.testng.TestNGCucumberRunner.lambda$runScenario$1(TestNGCucumberRunner.java:135)
	at io.cucumber.core.runtime.CucumberExecutionContext.runTestCase(CucumberExecutionContext.java:117)
	at io.cucumber.testng.TestNGCucumberRunner.runScenario(TestNGCucumberRunner.java:131)
	at io.cucumber.testng.AbstractTestNGCucumberTests.runScenario(AbstractTestNGCucumberTests.java:31)
	at jdk.internal.reflect.GeneratedMethodAccessor155.invoke(Unknown Source)
	at java.base/jdk.internal.reflect.DelegatingMethodAccessorImpl.invoke(DelegatingMethodAccessorImpl.java:43)
	at java.base/java.lang.reflect.Method.invoke(Method.java:567)
	at org.testng.internal.MethodInvocationHelper.invokeMethod(MethodInvocationHelper.java:133)
	at org.testng.internal.TestInvoker.invokeMethod(TestInvoker.java:598)
	at org.testng.internal.TestInvoker.invokeTestMethod(TestInvoker.java:173)
	at org.testng.internal.MethodRunner.runInSequence(MethodRunner.java:46)
	at org.testng.internal.TestInvoker$MethodInvocationAgent.invoke(TestInvoker.java:824)
	at org.testng.internal.TestInvoker.invokeTestMethods(TestInvoker.java:146)
	at org.testng.internal.TestMethodWorker.invokeTestMethods(TestMethodWorker.java:146)
	at org.testng.internal.TestMethodWorker.run(TestMethodWorker.java:128)
	at java.base/java.util.ArrayList.forEach(ArrayList.java:1511)
	at org.testng.TestRunner.privateRun(TestRunner.java:794)
	at org.testng.TestRunner.run(TestRunner.java:596)
	at org.testng.SuiteRunner.runTest(SuiteRunner.java:377)
	at org.testng.SuiteRunner.runSequentially(SuiteRunner.java:371)
	at org.testng.SuiteRunner.privateRun(SuiteRunner.java:332)
	at org.testng.SuiteRunner.run(SuiteRunner.java:276)
	at org.testng.SuiteRunnerWorker.runSuite(SuiteRunnerWorker.java:53)
	at org.testng.SuiteRunnerWorker.run(SuiteRunnerWorker.java:96)
	at org.testng.TestNG.runSuitesSequentially(TestNG.java:1212)
	at org.testng.TestNG.runSuitesLocally(TestNG.java:1134)
	at org.testng.TestNG.runSuites(TestNG.java:1063)
	at org.testng.TestNG.run(TestNG.java:1031)
	at org.testng.remote.AbstractRemoteTestNG.run(AbstractRemoteTestNG.java:115)
	at org.testng.remote.RemoteTestNG.initAndRun(RemoteTestNG.java:251)
	at org.testng.remote.RemoteTestNG.main(RemoteTestNG.java:77)
</pre></div><a href='#' onClick='toggleBox("stack-trace1610949912", this, "Click to show all stack frames", "Click to hide stack frames")'>Click to show all stack frames</a>
<div class='stack-trace' id='stack-trace1610949912'><pre>io.cucumber.testng.UndefinedStepException: The step &apos;Verify user details updated successfully&apos; is undefined.
You can implement this step using the snippet(s) below:

Then(&quot;Verify user details updated successfully&quot;, () -&gt; {
    // Write code here that turns the phrase above into concrete actions
    throw new io.cucumber.java8.PendingException();
});
@Then(&quot;Verify user details updated successfully&quot;)
public void verify_user_details_updated_successfully() {
    // Write code here that turns the phrase above into concrete actions
    throw new io.cucumber.java.PendingException();
}

	at io.cucumber.core.runtime.TestCaseResultObserver.assertTestCasePassed(TestCaseResultObserver.java:69)
	at io.cucumber.testng.TestCaseResultObserver.assertTestCasePassed(TestCaseResultObserver.java:23)
	at io.cucumber.testng.TestNGCucumberRunner.lambda$runScenario$1(TestNGCucumberRunner.java:135)
	at io.cucumber.core.runtime.CucumberExecutionContext.runTestCase(CucumberExecutionContext.java:117)
	at io.cucumber.testng.TestNGCucumberRunner.runScenario(TestNGCucumberRunner.java:131)
	at io.cucumber.testng.AbstractTestNGCucumberTests.runScenario(AbstractTestNGCucumberTests.java:31)
	at jdk.internal.reflect.GeneratedMethodAccessor155.invoke(Unknown Source)
	at java.base/jdk.internal.reflect.DelegatingMethodAccessorImpl.invoke(DelegatingMethodAccessorImpl.java:43)
	at java.base/java.lang.reflect.Method.invoke(Method.java:567)
	at org.testng.internal.MethodInvocationHelper.invokeMethod(MethodInvocationHelper.java:133)
	at org.testng.internal.TestInvoker.invokeMethod(TestInvoker.java:598)
	at org.testng.internal.TestInvoker.invokeTestMethod(TestInvoker.java:173)
	at org.testng.internal.MethodRunner.runInSequence(MethodRunner.java:46)
	at org.testng.internal.TestInvoker$MethodInvocationAgent.invoke(TestInvoker.java:824)
	at org.testng.internal.TestInvoker.invokeTestMethods(TestInvoker.java:146)
	at org.testng.internal.TestMethodWorker.invokeTestMethods(TestMethodWorker.java:146)
	at org.testng.internal.TestMethodWorker.run(TestMethodWorker.java:128)
	at java.base/java.util.ArrayList.forEach(ArrayList.java:1511)
	at org.testng.TestRunner.privateRun(TestRunner.java:794)
	at org.testng.TestRunner.run(TestRunner.java:596)
	at org.testng.SuiteRunner.runTest(SuiteRunner.java:377)
	at org.testng.SuiteRunner.runSequentially(SuiteRunner.java:371)
	at org.testng.SuiteRunner.privateRun(SuiteRunner.java:332)
	at org.testng.SuiteRunner.run(SuiteRunner.java:276)
	at org.testng.SuiteRunnerWorker.runSuite(SuiteRunnerWorker.java:53)
	at org.testng.SuiteRunnerWorker.run(SuiteRunnerWorker.java:96)
	at org.testng.TestNG.runSuitesSequentially(TestNG.java:1212)
	at org.testng.TestNG.runSuitesLocally(TestNG.java:1134)
	at org.testng.TestNG.runSuites(TestNG.java:1063)
	at org.testng.TestNG.run(TestNG.java:1031)
	at org.testng.remote.AbstractRemoteTestNG.run(AbstractRemoteTestNG.java:115)
	at org.testng.remote.RemoteTestNG.initAndRun(RemoteTestNG.java:251)
	at org.testng.remote.RemoteTestNG.main(RemoteTestNG.java:77)
</pre></div></td>
<td>8</td>
<td>runner.Runner@64bce832</td></tr>
</table><p>
<table width='100%' border='1' class='invocation-passed'>
<tr><td colspan='4' align='center'><b>PASSED TESTS</b></td></tr>
<tr><td><b>Test method</b></td>
<td width="30%"><b>Exception</b></td>
<td width="10%"><b>Time (seconds)</b></td>
<td><b>Instance</b></td>
</tr>
<tr>
<td title='runner.Runner.runScenario()'><b>runScenario</b><br>Test class: runner.Runner<br>Test method: Runs Cucumber Scenarios<br>Parameters: "Verify Logout option", "Optional[Connect Login Feature]"</td>
<td></td>
<td>5</td>
<td>runner.Runner@64bce832</td></tr>
<tr>
<td title='runner.Runner.runScenario()'><b>runScenario</b><br>Test class: runner.Runner<br>Test method: Runs Cucumber Scenarios<br>Parameters: "Delete PLC", "Optional[Add,Search,Edit,Export,Delete PLCs]"</td>
<td></td>
<td>6</td>
<td>runner.Runner@64bce832</td></tr>
<tr>
<td title='runner.Runner.runScenario()'><b>runScenario</b><br>Test class: runner.Runner<br>Test method: Runs Cucumber Scenarios<br>Parameters: "Delete copy of the Folder", "Optional[Add,Search,Edit,Export,Delete Folders]"</td>
<td></td>
<td>7</td>
<td>runner.Runner@64bce832</td></tr>
<tr>
<td title='runner.Runner.runScenario()'><b>runScenario</b><br>Test class: runner.Runner<br>Test method: Runs Cucumber Scenarios<br>Parameters: "Delete Menu", "Optional[Add,Search,Edit,Export,Delete Menus]"</td>
<td></td>
<td>8</td>
<td>runner.Runner@64bce832</td></tr>
<tr>
<td title='runner.Runner.runScenario()'><b>runScenario</b><br>Test class: runner.Runner<br>Test method: Runs Cucumber Scenarios<br>Parameters: "Login to Endeavour with valid credentials", "Optional[Connect Login Feature]"</td>
<td></td>
<td>5</td>
<td>runner.Runner@64bce832</td></tr>
<tr>
<td title='runner.Runner.runScenario()'><b>runScenario</b><br>Test class: runner.Runner<br>Test method: Runs Cucumber Scenarios<br>Parameters: "Enable a Responsibility", "Optional[Add,Search,Edit,Enable,Disable,Export responsibilities]"</td>
<td></td>
<td>7</td>
<td>runner.Runner@64bce832</td></tr>
<tr>
<td title='runner.Runner.runScenario()'><b>runScenario</b><br>Test class: runner.Runner<br>Test method: Runs Cucumber Scenarios<br>Parameters: "Assign a Supplier company to  a Folder", "Optional[Add,Search,Edit,Export,Delete Folders]"</td>
<td></td>
<td>12</td>
<td>runner.Runner@64bce832</td></tr>
<tr>
<td title='runner.Runner.runScenario()'><b>runScenario</b><br>Test class: runner.Runner<br>Test method: Runs Cucumber Scenarios<br>Parameters: "Enable a User", "Optional[Add,Search,Edit,Enable,Disable,Export Users records]"</td>
<td></td>
<td>8</td>
<td>runner.Runner@64bce832</td></tr>
<tr>
<td title='runner.Runner.runScenario()'><b>runScenario</b><br>Test class: runner.Runner<br>Test method: Runs Cucumber Scenarios<br>Parameters: "Edit a Scale", "Optional[Add,Search,Edit,Export,Delete Scales]"</td>
<td></td>
<td>7</td>
<td>runner.Runner@64bce832</td></tr>
<tr>
<td title='runner.Runner.runScenario()'><b>runScenario</b><br>Test class: runner.Runner<br>Test method: Runs Cucumber Scenarios<br>Parameters: "Search a Field", "Optional[Add,Search,Edit,Export,Delete Fields]"</td>
<td></td>
<td>6</td>
<td>runner.Runner@64bce832</td></tr>
<tr>
<td title='runner.Runner.runScenario()'><b>runScenario</b><br>Test class: runner.Runner<br>Test method: Runs Cucumber Scenarios<br>Parameters: "Export User records to XML file", "Optional[Add,Search,Edit,Enable,Disable,Export Users records]"</td>
<td></td>
<td>15</td>
<td>runner.Runner@64bce832</td></tr>
<tr>
<td title='runner.Runner.runScenario()'><b>runScenario</b><br>Test class: runner.Runner<br>Test method: Runs Cucumber Scenarios<br>Parameters: "Delete Scale", "Optional[Add,Search,Edit,Export,Delete Scales]"</td>
<td></td>
<td>6</td>
<td>runner.Runner@64bce832</td></tr>
<tr>
<td title='runner.Runner.runScenario()'><b>runScenario</b><br>Test class: runner.Runner<br>Test method: Runs Cucumber Scenarios<br>Parameters: "Delete Attribute", "Optional[Add,Search,Edit,Delete Attributes]"</td>
<td></td>
<td>6</td>
<td>runner.Runner@64bce832</td></tr>
<tr>
<td title='runner.Runner.runScenario()'><b>runScenario</b><br>Test class: runner.Runner<br>Test method: Runs Cucumber Scenarios<br>Parameters: "Edit a Carousel", "Optional[Add,Search,Edit,Export,Delete Carousels]"</td>
<td></td>
<td>8</td>
<td>runner.Runner@64bce832</td></tr>
<tr>
<td title='runner.Runner.runScenario()'><b>runScenario</b><br>Test class: runner.Runner<br>Test method: Runs Cucumber Scenarios<br>Parameters: "Export PLC recods", "Optional[Add,Search,Edit,Export,Delete PLCs]"</td>
<td></td>
<td>7</td>
<td>runner.Runner@64bce832</td></tr>
<tr>
<td title='runner.Runner.runScenario()'><b>runScenario</b><br>Test class: runner.Runner<br>Test method: Runs Cucumber Scenarios<br>Parameters: "Enable Menu option", "Optional[Add,Search,Edit,Export,Delete Menus]"</td>
<td></td>
<td>6</td>
<td>runner.Runner@64bce832</td></tr>
<tr>
<td title='runner.Runner.runScenario()'><b>runScenario</b><br>Test class: runner.Runner<br>Test method: Runs Cucumber Scenarios<br>Parameters: "Delete Flex Field", "Optional[Add,Search,Edit,Export,Delete Flex Fields]"</td>
<td></td>
<td>8</td>
<td>runner.Runner@64bce832</td></tr>
<tr>
<td title='runner.Runner.runScenario()'><b>runScenario</b><br>Test class: runner.Runner<br>Test method: Runs Cucumber Scenarios<br>Parameters: "Search a Folder", "Optional[Add,Search,Edit,Export,Delete Folders]"</td>
<td></td>
<td>6</td>
<td>runner.Runner@64bce832</td></tr>
<tr>
<td title='runner.Runner.runScenario()'><b>runScenario</b><br>Test class: runner.Runner<br>Test method: Runs Cucumber Scenarios<br>Parameters: "Add a PLC", "Optional[Add,Search,Edit,Export,Delete PLCs]"</td>
<td></td>
<td>7</td>
<td>runner.Runner@64bce832</td></tr>
<tr>
<td title='runner.Runner.runScenario()'><b>runScenario</b><br>Test class: runner.Runner<br>Test method: Runs Cucumber Scenarios<br>Parameters: "Assign  a specific responsibility to a Field", "Optional[Add,Search,Edit,Export,Delete Fields]"</td>
<td></td>
<td>8</td>
<td>runner.Runner@64bce832</td></tr>
<tr>
<td title='runner.Runner.runScenario()'><b>runScenario</b><br>Test class: runner.Runner<br>Test method: Runs Cucumber Scenarios<br>Parameters: "Enable a Lookup", "Optional[Add,Search,Edit,Export,Delete Lookups]"</td>
<td></td>
<td>8</td>
<td>runner.Runner@64bce832</td></tr>
<tr>
<td title='runner.Runner.runScenario()'><b>runScenario</b><br>Test class: runner.Runner<br>Test method: Runs Cucumber Scenarios<br>Parameters: "Search a PLC", "Optional[Add,Search,Edit,Export,Delete PLCs]"</td>
<td></td>
<td>7</td>
<td>runner.Runner@64bce832</td></tr>
<tr>
<td title='runner.Runner.runScenario()'><b>runScenario</b><br>Test class: runner.Runner<br>Test method: Runs Cucumber Scenarios<br>Parameters: "Search a Responsibility", "Optional[Add,Search,Edit,Enable,Disable,Export responsibilities]"</td>
<td></td>
<td>6</td>
<td>runner.Runner@64bce832</td></tr>
<tr>
<td title='runner.Runner.runScenario()'><b>runScenario</b><br>Test class: runner.Runner<br>Test method: Runs Cucumber Scenarios<br>Parameters: "Delete Folder", "Optional[Add,Search,Edit,Export,Delete Folders]"</td>
<td></td>
<td>7</td>
<td>runner.Runner@64bce832</td></tr>
<tr>
<td title='runner.Runner.runScenario()'><b>runScenario</b><br>Test class: runner.Runner<br>Test method: Runs Cucumber Scenarios<br>Parameters: "Verify Single SSO with Endeavour", "Optional[Connect Login Feature]"</td>
<td></td>
<td>10</td>
<td>runner.Runner@64bce832</td></tr>
<tr>
<td title='runner.Runner.runScenario()'><b>runScenario</b><br>Test class: runner.Runner<br>Test method: Runs Cucumber Scenarios<br>Parameters: "Copy folder", "Optional[Add,Search,Edit,Export,Delete Folders]"</td>
<td></td>
<td>8</td>
<td>runner.Runner@64bce832</td></tr>
<tr>
<td title='runner.Runner.runScenario()'><b>runScenario</b><br>Test class: runner.Runner<br>Test method: Runs Cucumber Scenarios<br>Parameters: "Add a Carousel", "Optional[Add,Search,Edit,Export,Delete Carousels]"</td>
<td></td>
<td>7</td>
<td>runner.Runner@64bce832</td></tr>
<tr>
<td title='runner.Runner.runScenario()'><b>runScenario</b><br>Test class: runner.Runner<br>Test method: Runs Cucumber Scenarios<br>Parameters: "Assign a Buyer company to a Folder", "Optional[Add,Search,Edit,Export,Delete Folders]"</td>
<td></td>
<td>12</td>
<td>runner.Runner@64bce832</td></tr>
<tr>
<td title='runner.Runner.runScenario()'><b>runScenario</b><br>Test class: runner.Runner<br>Test method: Runs Cucumber Scenarios<br>Parameters: "Login to Connect with valid Username and Password", "Optional[Connect Login Feature]"</td>
<td></td>
<td>6</td>
<td>runner.Runner@64bce832</td></tr>
<tr>
<td title='runner.Runner.runScenario()'><b>runScenario</b><br>Test class: runner.Runner<br>Test method: Runs Cucumber Scenarios<br>Parameters: "Import Carousels Data to create new Records", "Optional[Add,Search,Edit,Export,Delete Pages]"</td>
<td></td>
<td>21</td>
<td>runner.Runner@64bce832</td></tr>
<tr>
<td title='runner.Runner.runScenario()'><b>runScenario</b><br>Test class: runner.Runner<br>Test method: Runs Cucumber Scenarios<br>Parameters: "Add a Flex Field", "Optional[Add,Search,Edit,Export,Delete Flex Fields]"</td>
<td></td>
<td>7</td>
<td>runner.Runner@64bce832</td></tr>
<tr>
<td title='runner.Runner.runScenario()'><b>runScenario</b><br>Test class: runner.Runner<br>Test method: Runs Cucumber Scenarios<br>Parameters: "Add a Page", "Optional[Add,Search,Edit,Export,Delete Pages]"</td>
<td></td>
<td>7</td>
<td>runner.Runner@64bce832</td></tr>
<tr>
<td title='runner.Runner.runScenario()'><b>runScenario</b><br>Test class: runner.Runner<br>Test method: Runs Cucumber Scenarios<br>Parameters: "Disable a Company", "Optional[Add,Edit,Enable,Disable,Export Companies records]"</td>
<td></td>
<td>8</td>
<td>runner.Runner@64bce832</td></tr>
<tr>
<td title='runner.Runner.runScenario()'><b>runScenario</b><br>Test class: runner.Runner<br>Test method: Runs Cucumber Scenarios<br>Parameters: "Export Carousel recods", "Optional[Add,Search,Edit,Export,Delete Carousels]"</td>
<td></td>
<td>7</td>
<td>runner.Runner@64bce832</td></tr>
<tr>
<td title='runner.Runner.runScenario()'><b>runScenario</b><br>Test class: runner.Runner<br>Test method: Runs Cucumber Scenarios<br>Parameters: "Export Field recods", "Optional[Add,Search,Edit,Export,Delete Flex Fields]"</td>
<td></td>
<td>8</td>
<td>runner.Runner@64bce832</td></tr>
<tr>
<td title='runner.Runner.runScenario()'><b>runScenario</b><br>Test class: runner.Runner<br>Test method: Runs Cucumber Scenarios<br>Parameters: "Add a Menu", "Optional[Add,Search,Edit,Export,Delete Menus]"</td>
<td></td>
<td>12</td>
<td>runner.Runner@64bce832</td></tr>
<tr>
<td title='runner.Runner.runScenario()'><b>runScenario</b><br>Test class: runner.Runner<br>Test method: Runs Cucumber Scenarios<br>Parameters: "Assign  all responsibilities to a Field", "Optional[Add,Search,Edit,Export,Delete Fields]"</td>
<td></td>
<td>48</td>
<td>runner.Runner@64bce832</td></tr>
<tr>
<td title='runner.Runner.runScenario()'><b>runScenario</b><br>Test class: runner.Runner<br>Test method: Runs Cucumber Scenarios<br>Parameters: "Delete Page", "Optional[Add,Search,Edit,Export,Delete Pages]"</td>
<td></td>
<td>7</td>
<td>runner.Runner@64bce832</td></tr>
<tr>
<td title='runner.Runner.runScenario()'><b>runScenario</b><br>Test class: runner.Runner<br>Test method: Runs Cucumber Scenarios<br>Parameters: "Add  Flex Fields for testing Attributes section", "Optional[Add,Search,Edit,Delete Attributes]"</td>
<td></td>
<td>8</td>
<td>runner.Runner@64bce832</td></tr>
<tr>
<td title='runner.Runner.runScenario()'><b>runScenario</b><br>Test class: runner.Runner<br>Test method: Runs Cucumber Scenarios<br>Parameters: "Delete Lookup", "Optional[Add,Search,Edit,Export,Delete Lookups]"</td>
<td></td>
<td>7</td>
<td>runner.Runner@64bce832</td></tr>
<tr>
<td title='runner.Runner.runScenario()'><b>runScenario</b><br>Test class: runner.Runner<br>Test method: Runs Cucumber Scenarios<br>Parameters: "Edit a Role", "Optional[Add,Search,Edit,Enable,Disable Roles]"</td>
<td></td>
<td>6</td>
<td>runner.Runner@64bce832</td></tr>
<tr>
<td title='runner.Runner.runScenario()'><b>runScenario</b><br>Test class: runner.Runner<br>Test method: Runs Cucumber Scenarios<br>Parameters: "Export Scale recods", "Optional[Add,Search,Edit,Export,Delete Scales]"</td>
<td></td>
<td>7</td>
<td>runner.Runner@64bce832</td></tr>
<tr>
<td title='runner.Runner.runScenario()'><b>runScenario</b><br>Test class: runner.Runner<br>Test method: Runs Cucumber Scenarios<br>Parameters: "Add a Role", "Optional[Add,Search,Edit,Enable,Disable Roles]"</td>
<td></td>
<td>6</td>
<td>runner.Runner@64bce832</td></tr>
<tr>
<td title='runner.Runner.runScenario()'><b>runScenario</b><br>Test class: runner.Runner<br>Test method: Runs Cucumber Scenarios<br>Parameters: "Login to Connect with invalid Username and invalid Password", "Optional[Connect Login Feature]"</td>
<td></td>
<td>10</td>
<td>runner.Runner@64bce832</td></tr>
<tr>
<td title='runner.Runner.runScenario()'><b>runScenario</b><br>Test class: runner.Runner<br>Test method: Runs Cucumber Scenarios<br>Parameters: "Search a Carousel", "Optional[Add,Search,Edit,Export,Delete Carousels]"</td>
<td></td>
<td>6</td>
<td>runner.Runner@64bce832</td></tr>
<tr>
<td title='runner.Runner.runScenario()'><b>runScenario</b><br>Test class: runner.Runner<br>Test method: Runs Cucumber Scenarios<br>Parameters: "Edit a PLC", "Optional[Add,Search,Edit,Export,Delete PLCs]"</td>
<td></td>
<td>8</td>
<td>runner.Runner@64bce832</td></tr>
<tr>
<td title='runner.Runner.runScenario()'><b>runScenario</b><br>Test class: runner.Runner<br>Test method: Runs Cucumber Scenarios<br>Parameters: "Edit a Attribute", "Optional[Add,Search,Edit,Delete Attributes]"</td>
<td></td>
<td>8</td>
<td>runner.Runner@64bce832</td></tr>
<tr>
<td title='runner.Runner.runScenario()'><b>runScenario</b><br>Test class: runner.Runner<br>Test method: Runs Cucumber Scenarios<br>Parameters: "Disable a Responsibility bility", "Optional[Add,Search,Edit,Enable,Disable,Export responsibilities]"</td>
<td></td>
<td>6</td>
<td>runner.Runner@64bce832</td></tr>
<tr>
<td title='runner.Runner.runScenario()'><b>runScenario</b><br>Test class: runner.Runner<br>Test method: Runs Cucumber Scenarios<br>Parameters: "Search a Lookup", "Optional[Add,Search,Edit,Export,Delete Lookups]"</td>
<td></td>
<td>6</td>
<td>runner.Runner@64bce832</td></tr>
<tr>
<td title='runner.Runner.runScenario()'><b>runScenario</b><br>Test class: runner.Runner<br>Test method: Runs Cucumber Scenarios<br>Parameters: "Delete Field", "Optional[Add,Search,Edit,Export,Delete Fields]"</td>
<td></td>
<td>7</td>
<td>runner.Runner@64bce832</td></tr>
<tr>
<td title='runner.Runner.runScenario()'><b>runScenario</b><br>Test class: runner.Runner<br>Test method: Runs Cucumber Scenarios<br>Parameters: "Delete Carousel", "Optional[Add,Search,Edit,Export,Delete Carousels]"</td>
<td></td>
<td>7</td>
<td>runner.Runner@64bce832</td></tr>
<tr>
<td title='runner.Runner.runScenario()'><b>runScenario</b><br>Test class: runner.Runner<br>Test method: Runs Cucumber Scenarios<br>Parameters: "Import Lookups Data to update existing lookup Record", "Optional[Add,Search,Edit,Export,Delete Pages]"</td>
<td></td>
<td>58</td>
<td>runner.Runner@64bce832</td></tr>
<tr>
<td title='runner.Runner.runScenario()'><b>runScenario</b><br>Test class: runner.Runner<br>Test method: Runs Cucumber Scenarios<br>Parameters: "Reset the Lookup details", "Optional[Add,Search,Edit,Export,Delete Lookups]"</td>
<td></td>
<td>7</td>
<td>runner.Runner@64bce832</td></tr>
<tr>
<td title='runner.Runner.runScenario()'><b>runScenario</b><br>Test class: runner.Runner<br>Test method: Runs Cucumber Scenarios<br>Parameters: "Export Lookup records to XML File", "Optional[Add,Search,Edit,Export,Delete Lookups]"</td>
<td></td>
<td>14</td>
<td>runner.Runner@64bce832</td></tr>
<tr>
<td title='runner.Runner.runScenario()'><b>runScenario</b><br>Test class: runner.Runner<br>Test method: Runs Cucumber Scenarios<br>Parameters: "Disable a User", "Optional[Add,Search,Edit,Enable,Disable,Export Users records]"</td>
<td></td>
<td>7</td>
<td>runner.Runner@64bce832</td></tr>
<tr>
<td title='runner.Runner.runScenario()'><b>runScenario</b><br>Test class: runner.Runner<br>Test method: Runs Cucumber Scenarios<br>Parameters: "Add a Lookup", "Optional[Add,Search,Edit,Export,Delete Lookups]"</td>
<td></td>
<td>7</td>
<td>runner.Runner@64bce832</td></tr>
<tr>
<td title='runner.Runner.runScenario()'><b>runScenario</b><br>Test class: runner.Runner<br>Test method: Runs Cucumber Scenarios<br>Parameters: "Edit a Page", "Optional[Add,Search,Edit,Export,Delete Pages]"</td>
<td></td>
<td>8</td>
<td>runner.Runner@64bce832</td></tr>
<tr>
<td title='runner.Runner.runScenario()'><b>runScenario</b><br>Test class: runner.Runner<br>Test method: Runs Cucumber Scenarios<br>Parameters: "Search a Role", "Optional[Add,Search,Edit,Enable,Disable Roles]"</td>
<td></td>
<td>6</td>
<td>runner.Runner@64bce832</td></tr>
<tr>
<td title='runner.Runner.runScenario()'><b>runScenario</b><br>Test class: runner.Runner<br>Test method: Runs Cucumber Scenarios<br>Parameters: "Add a Scale", "Optional[Add,Search,Edit,Export,Delete Scales]"</td>
<td></td>
<td>7</td>
<td>runner.Runner@64bce832</td></tr>
<tr>
<td title='runner.Runner.runScenario()'><b>runScenario</b><br>Test class: runner.Runner<br>Test method: Runs Cucumber Scenarios<br>Parameters: "Export Folder recods", "Optional[Add,Search,Edit,Export,Delete Folders]"</td>
<td></td>
<td>15</td>
<td>runner.Runner@64bce832</td></tr>
<tr>
<td title='runner.Runner.runScenario()'><b>runScenario</b><br>Test class: runner.Runner<br>Test method: Runs Cucumber Scenarios<br>Parameters: "Disable a Lookup", "Optional[Add,Search,Edit,Export,Delete Lookups]"</td>
<td></td>
<td>8</td>
<td>runner.Runner@64bce832</td></tr>
<tr>
<td title='runner.Runner.runScenario()'><b>runScenario</b><br>Test class: runner.Runner<br>Test method: Runs Cucumber Scenarios<br>Parameters: "Search a Attribute", "Optional[Add,Search,Edit,Delete Attributes]"</td>
<td></td>
<td>6</td>
<td>runner.Runner@64bce832</td></tr>
<tr>
<td title='runner.Runner.runScenario()'><b>runScenario</b><br>Test class: runner.Runner<br>Test method: Runs Cucumber Scenarios<br>Parameters: "Enable a Role", "Optional[Add,Search,Edit,Enable,Disable Roles]"</td>
<td></td>
<td>6</td>
<td>runner.Runner@64bce832</td></tr>
<tr>
<td title='runner.Runner.runScenario()'><b>runScenario</b><br>Test class: runner.Runner<br>Test method: Runs Cucumber Scenarios<br>Parameters: "Search a User", "Optional[Add,Search,Edit,Enable,Disable,Export Users records]"</td>
<td></td>
<td>6</td>
<td>runner.Runner@64bce832</td></tr>
<tr>
<td title='runner.Runner.runScenario()'><b>runScenario</b><br>Test class: runner.Runner<br>Test method: Runs Cucumber Scenarios<br>Parameters: "Disable Menu option", "Optional[Add,Search,Edit,Export,Delete Menus]"</td>
<td></td>
<td>6</td>
<td>runner.Runner@64bce832</td></tr>
<tr>
<td title='runner.Runner.runScenario()'><b>runScenario</b><br>Test class: runner.Runner<br>Test method: Runs Cucumber Scenarios<br>Parameters: "Delete Flex Fields created for testing Attributes section", "Optional[Add,Search,Edit,Delete Attributes]"</td>
<td></td>
<td>7</td>
<td>runner.Runner@64bce832</td></tr>
<tr>
<td title='runner.Runner.runScenario()'><b>runScenario</b><br>Test class: runner.Runner<br>Test method: Runs Cucumber Scenarios<br>Parameters: "Add a Company", "Optional[Add,Edit,Enable,Disable,Export Companies records]"</td>
<td></td>
<td>7</td>
<td>runner.Runner@64bce832</td></tr>
<tr>
<td title='runner.Runner.runScenario()'><b>runScenario</b><br>Test class: runner.Runner<br>Test method: Runs Cucumber Scenarios<br>Parameters: "Edit a Lookup", "Optional[Add,Search,Edit,Export,Delete Lookups]"</td>
<td></td>
<td>8</td>
<td>runner.Runner@64bce832</td></tr>
<tr>
<td title='runner.Runner.runScenario()'><b>runScenario</b><br>Test class: runner.Runner<br>Test method: Runs Cucumber Scenarios<br>Parameters: "Edit a Responsibility", "Optional[Add,Search,Edit,Enable,Disable,Export responsibilities]"</td>
<td></td>
<td>6</td>
<td>runner.Runner@64bce832</td></tr>
<tr>
<td title='runner.Runner.runScenario()'><b>runScenario</b><br>Test class: runner.Runner<br>Test method: Runs Cucumber Scenarios<br>Parameters: "Import Lookups Data to create new lookup Record", "Optional[Add,Search,Edit,Export,Delete Pages]"</td>
<td></td>
<td>34</td>
<td>runner.Runner@64bce832</td></tr>
<tr>
<td title='runner.Runner.runScenario()'><b>runScenario</b><br>Test class: runner.Runner<br>Test method: Runs Cucumber Scenarios<br>Parameters: "Add a Attribute", "Optional[Add,Search,Edit,Delete Attributes]"</td>
<td></td>
<td>7</td>
<td>runner.Runner@64bce832</td></tr>
<tr>
<td title='runner.Runner.runScenario()'><b>runScenario</b><br>Test class: runner.Runner<br>Test method: Runs Cucumber Scenarios<br>Parameters: "Edit a Folder", "Optional[Add,Search,Edit,Export,Delete Folders]"</td>
<td></td>
<td>11</td>
<td>runner.Runner@64bce832</td></tr>
<tr>
<td title='runner.Runner.runScenario()'><b>runScenario</b><br>Test class: runner.Runner<br>Test method: Runs Cucumber Scenarios<br>Parameters: "Edit a Company", "Optional[Add,Edit,Enable,Disable,Export Companies records]"</td>
<td></td>
<td>7</td>
<td>runner.Runner@64bce832</td></tr>
<tr>
<td title='runner.Runner.runScenario()'><b>runScenario</b><br>Test class: runner.Runner<br>Test method: Runs Cucumber Scenarios<br>Parameters: "Add a Field", "Optional[Add,Search,Edit,Export,Delete Fields]"</td>
<td></td>
<td>7</td>
<td>runner.Runner@64bce832</td></tr>
<tr>
<td title='runner.Runner.runScenario()'><b>runScenario</b><br>Test class: runner.Runner<br>Test method: Runs Cucumber Scenarios<br>Parameters: "Search a Page", "Optional[Add,Search,Edit,Export,Delete Pages]"</td>
<td></td>
<td>7</td>
<td>runner.Runner@64bce832</td></tr>
<tr>
<td title='runner.Runner.runScenario()'><b>runScenario</b><br>Test class: runner.Runner<br>Test method: Runs Cucumber Scenarios<br>Parameters: "Add a User", "Optional[Add,Search,Edit,Enable,Disable,Export Users records]"</td>
<td></td>
<td>7</td>
<td>runner.Runner@64bce832</td></tr>
<tr>
<td title='runner.Runner.runScenario()'><b>runScenario</b><br>Test class: runner.Runner<br>Test method: Runs Cucumber Scenarios<br>Parameters: "Assign  a specific responsibility to a Page", "Optional[Add,Search,Edit,Export,Delete Pages]"</td>
<td></td>
<td>7</td>
<td>runner.Runner@64bce832</td></tr>
<tr>
<td title='runner.Runner.runScenario()'><b>runScenario</b><br>Test class: runner.Runner<br>Test method: Runs Cucumber Scenarios<br>Parameters: "Export Company records to XML file", "Optional[Add,Edit,Enable,Disable,Export Companies records]"</td>
<td></td>
<td>8</td>
<td>runner.Runner@64bce832</td></tr>
<tr>
<td title='runner.Runner.runScenario()'><b>runScenario</b><br>Test class: runner.Runner<br>Test method: Runs Cucumber Scenarios<br>Parameters: "Search a Flex Field", "Optional[Add,Search,Edit,Export,Delete Flex Fields]"</td>
<td></td>
<td>6</td>
<td>runner.Runner@64bce832</td></tr>
<tr>
<td title='runner.Runner.runScenario()'><b>runScenario</b><br>Test class: runner.Runner<br>Test method: Runs Cucumber Scenarios<br>Parameters: "Edit a Flex Field", "Optional[Add,Search,Edit,Export,Delete Flex Fields]"</td>
<td></td>
<td>7</td>
<td>runner.Runner@64bce832</td></tr>
<tr>
<td title='runner.Runner.runScenario()'><b>runScenario</b><br>Test class: runner.Runner<br>Test method: Runs Cucumber Scenarios<br>Parameters: "Search a Scale", "Optional[Add,Search,Edit,Export,Delete Scales]"</td>
<td></td>
<td>6</td>
<td>runner.Runner@64bce832</td></tr>
<tr>
<td title='runner.Runner.runScenario()'><b>runScenario</b><br>Test class: runner.Runner<br>Test method: Runs Cucumber Scenarios<br>Parameters: "Delete Child Menu", "Optional[Add,Search,Edit,Export,Delete Menus]"</td>
<td></td>
<td>7</td>
<td>runner.Runner@64bce832</td></tr>
<tr>
<td title='runner.Runner.runScenario()'><b>runScenario</b><br>Test class: runner.Runner<br>Test method: Runs Cucumber Scenarios<br>Parameters: "Add a Folder", "Optional[Add,Search,Edit,Export,Delete Folders]"</td>
<td></td>
<td>11</td>
<td>runner.Runner@64bce832</td></tr>
<tr>
<td title='runner.Runner.runScenario()'><b>runScenario</b><br>Test class: runner.Runner<br>Test method: Runs Cucumber Scenarios<br>Parameters: "Export Page recods", "Optional[Add,Search,Edit,Export,Delete Pages]"</td>
<td></td>
<td>9</td>
<td>runner.Runner@64bce832</td></tr>
<tr>
<td title='runner.Runner.runScenario()'><b>runScenario</b><br>Test class: runner.Runner<br>Test method: Runs Cucumber Scenarios<br>Parameters: "Edit a Field", "Optional[Add,Search,Edit,Export,Delete Fields]"</td>
<td></td>
<td>8</td>
<td>runner.Runner@64bce832</td></tr>
<tr>
<td title='runner.Runner.runScenario()'><b>runScenario</b><br>Test class: runner.Runner<br>Test method: Runs Cucumber Scenarios<br>Parameters: "Import Carousels Data to Update Matched Records", "Optional[Add,Search,Edit,Export,Delete Pages]"</td>
<td></td>
<td>20</td>
<td>runner.Runner@64bce832</td></tr>
<tr>
<td title='runner.Runner.runScenario()'><b>runScenario</b><br>Test class: runner.Runner<br>Test method: Runs Cucumber Scenarios<br>Parameters: "Edit  Menu details", "Optional[Add,Search,Edit,Export,Delete Menus]"</td>
<td></td>
<td>11</td>
<td>runner.Runner@64bce832</td></tr>
<tr>
<td title='runner.Runner.runScenario()'><b>runScenario</b><br>Test class: runner.Runner<br>Test method: Runs Cucumber Scenarios<br>Parameters: "Search a Company", "Optional[Add,Edit,Enable,Disable,Export Companies records]"</td>
<td></td>
<td>6</td>
<td>runner.Runner@64bce832</td></tr>
<tr>
<td title='runner.Runner.runScenario()'><b>runScenario</b><br>Test class: runner.Runner<br>Test method: Runs Cucumber Scenarios<br>Parameters: "Grouping multiple responsibilities into a Role", "Optional[Add,Search,Edit,Enable,Disable Roles]"</td>
<td></td>
<td>7</td>
<td>runner.Runner@64bce832</td></tr>
<tr>
<td title='runner.Runner.runScenario()'><b>runScenario</b><br>Test class: runner.Runner<br>Test method: Runs Cucumber Scenarios<br>Parameters: "Assign  a specific Namespace to a Page", "Optional[Add,Search,Edit,Export,Delete Pages]"</td>
<td></td>
<td>8</td>
<td>runner.Runner@64bce832</td></tr>
<tr>
<td title='runner.Runner.runScenario()'><b>runScenario</b><br>Test class: runner.Runner<br>Test method: Runs Cucumber Scenarios<br>Parameters: "Add a Responsibility", "Optional[Add,Search,Edit,Enable,Disable,Export responsibilities]"</td>
<td></td>
<td>6</td>
<td>runner.Runner@64bce832</td></tr>
<tr>
<td title='runner.Runner.runScenario()'><b>runScenario</b><br>Test class: runner.Runner<br>Test method: Runs Cucumber Scenarios<br>Parameters: "Verify folder is seen in Endeavour", "Optional[Add,Search,Edit,Export,Delete Folders]"</td>
<td></td>
<td>13</td>
<td>runner.Runner@64bce832</td></tr>
<tr>
<td title='runner.Runner.runScenario()'><b>runScenario</b><br>Test class: runner.Runner<br>Test method: Runs Cucumber Scenarios<br>Parameters: "Search a Menu", "Optional[Add,Search,Edit,Export,Delete Menus]"</td>
<td></td>
<td>6</td>
<td>runner.Runner@64bce832</td></tr>
<tr>
<td title='runner.Runner.runScenario()'><b>runScenario</b><br>Test class: runner.Runner<br>Test method: Runs Cucumber Scenarios<br>Parameters: "Add a child to the menu", "Optional[Add,Search,Edit,Export,Delete Menus]"</td>
<td></td>
<td>13</td>
<td>runner.Runner@64bce832</td></tr>
<tr>
<td title='runner.Runner.runScenario()'><b>runScenario</b><br>Test class: runner.Runner<br>Test method: Runs Cucumber Scenarios<br>Parameters: "Disable a Role", "Optional[Add,Search,Edit,Enable,Disable Roles]"</td>
<td></td>
<td>6</td>
<td>runner.Runner@64bce832</td></tr>
</table><p>
</body>
</html>